#
# There is insufficient memory for the Java Runtime Environment to continue.
# Native memory allocation (malloc) failed to allocate 1133456 bytes. Error detail: Chunk::new
# Possible reasons:
#   The system is out of physical RAM or swap space
#   This process is running with CompressedOops enabled, and the Java Heap may be blocking the growth of the native heap
# Possible solutions:
#   Reduce memory load on the system
#   Increase physical memory or swap space
#   Check if swap backing store is full
#   Decrease Java heap size (-Xmx/-Xms)
#   Decrease number of Java threads
#   Decrease Java thread stack sizes (-Xss)
#   Set larger code cache with -XX:ReservedCodeCacheSize=
#   JVM is running with Unscaled Compressed Oops mode in which the Java heap is
#     placed in the first 4GB address space. The Java Heap base address is the
#     maximum limit for the native heap growth. Please use -XX:HeapBaseMinAddress
#     to set the Java Heap base and to place the Java Heap above 4GB virtual address.
# This output file may be truncated or incomplete.
#
#  Out of Memory Error (arena.cpp:168), pid=21980, tid=33508
#
# JRE version: OpenJDK Runtime Environment Temurin-21.0.9+10 (21.0.9+10) (build 21.0.9+10-LTS)
# Java VM: OpenJDK 64-Bit Server VM Temurin-21.0.9+10 (21.0.9+10-LTS, mixed mode, sharing, tiered, compressed oops, compressed class ptrs, parallel gc, windows-amd64)
# No core dump will be written. Minidumps are not enabled by default on client versions of Windows
#

---------------  S U M M A R Y ------------

Command Line: --add-modules=ALL-SYSTEM --add-opens=java.base/java.util=ALL-UNNAMED --add-opens=java.base/java.lang=ALL-UNNAMED --add-opens=java.base/sun.nio.fs=ALL-UNNAMED -Declipse.application=org.eclipse.jdt.ls.core.id1 -Dosgi.bundles.defaultStartLevel=4 -Declipse.product=org.eclipse.jdt.ls.core.product -Djava.import.generatesMetadataFilesAtProjectRoot=false -DDetectVMInstallationsJob.disabled=true -Dfile.encoding=utf8 -XX:+UseParallelGC -XX:GCTimeRatio=4 -XX:AdaptiveSizePolicyWeight=90 -Dsun.zip.disableMemoryMapping=true -Xmx2G -Xms100m -Xlog:disable -javaagent:c:\Users\Usuario\.vscode\extensions\redhat.java-1.50.0-win32-x64\lombok\lombok-1.18.39-4050.jar -XX:+HeapDumpOnOutOfMemoryError -XX:HeapDumpPath=c:\Users\Usuario\AppData\Roaming\Code\User\workspaceStorage\3290bd3818acd87b15c08c63775ab107\redhat.java -Daether.dependencyCollector.impl=bf c:\Users\Usuario\.vscode\extensions\redhat.java-1.50.0-win32-x64\server\plugins\org.eclipse.equinox.launcher_1.7.100.v20251111-0406.jar -configuration c:\Users\Usuario\AppData\Roaming\Code\User\globalStorage\redhat.java\1.50.0\config_win -data c:\Users\Usuario\AppData\Roaming\Code\User\workspaceStorage\3290bd3818acd87b15c08c63775ab107\redhat.java\jdt_ws --pipe=\\.\pipe\lsp-4c22d625d0e7ab64e663812192481c65-sock

Host: AMD Ryzen 5 3450U with Radeon Vega Mobile Gfx  , 8 cores, 5G,  Windows 11 , 64 bit Build 26100 (10.0.26100.7019)
Time: Thu Dec  4 01:03:57 2025 Hora estándar de Argentina elapsed time: 259.813054 seconds (0d 0h 4m 19s)

---------------  T H R E A D  ---------------

Current thread (0x000002edf76bd3b0):  JavaThread "C2 CompilerThread0" daemon [_thread_in_native, id=33508, stack(0x000000efe2200000,0x000000efe2300000) (1024K)]


Current CompileTask:
C2:259813 19098       4       org.eclipse.jdt.internal.core.search.indexing.AbstractIndexer::addConstructorReference (58 bytes)

Stack: [0x000000efe2200000,0x000000efe2300000]
Native frames: (J=compiled Java code, j=interpreted, Vv=VM code, C=native code)
V  [jvm.dll+0x6d6e29]
V  [jvm.dll+0x8b4b76]
V  [jvm.dll+0x8b712e]
V  [jvm.dll+0x8b7813]
V  [jvm.dll+0x283d86]
V  [jvm.dll+0xc66ed]
V  [jvm.dll+0xc6c31]
V  [jvm.dll+0x3be53b]
V  [jvm.dll+0x1e3d59]
V  [jvm.dll+0x24c0f3]
V  [jvm.dll+0x24b580]
V  [jvm.dll+0x1cb13e]
V  [jvm.dll+0x25b29d]
V  [jvm.dll+0x25982a]
V  [jvm.dll+0x3f7ea6]
V  [jvm.dll+0x85e9ad]
V  [jvm.dll+0x6d565d]
C  [ucrtbase.dll+0x37b0]
C  [KERNEL32.DLL+0x2e8d7]
C  [ntdll.dll+0x8c53c]


---------------  P R O C E S S  ---------------

Threads class SMR info:
_java_thread_list=0x000002edd8180a40, length=62, elements={
0x000002edf773e8e0, 0x000002edf77fb1b0, 0x000002edf77fd970, 0x000002edf76b8680,
0x000002edf76b90d0, 0x000002edf76bbb30, 0x000002edf76bc580, 0x000002edf76bd3b0,
0x000002edd09e4080, 0x000002edd0ba9a90, 0x000002edd0ca8e90, 0x000002edd0cfd9e0,
0x000002edd521fa70, 0x000002edd585ee80, 0x000002edd51af2d0, 0x000002edd0c78be0,
0x000002edd52b9f80, 0x000002edd505d8e0, 0x000002edd50ed050, 0x000002edd5f2b750,
0x000002edd5f2b0c0, 0x000002edd5f29680, 0x000002edd5f2aa30, 0x000002edd5f2bde0,
0x000002edd5f2c470, 0x000002edd5f29d10, 0x000002edd5f2a3a0, 0x000002edd890fce0,
0x000002edd890e930, 0x000002edd890f650, 0x000002edd890d580, 0x000002edd890efc0,
0x000002edd8910370, 0x000002edd890cef0, 0x000002edd8910a00, 0x000002edd890dc10,
0x000002edd890e2a0, 0x000002edd8913e80, 0x000002edd8911db0, 0x000002edd8911090,
0x000002edd8911720, 0x000002edd8912440, 0x000002edd8912ad0, 0x000002edd8913160,
0x000002edd63d4720, 0x000002edd63d5ad0, 0x000002edd63d7510, 0x000002edd63d67f0,
0x000002edd63d4db0, 0x000002edd63d88c0, 0x000002edd63d7ba0, 0x000002edd63d8230,
0x000002edd63d6e80, 0x000002edd63db6b0, 0x000002edd63db020, 0x000002edd63da990,
0x000002edd63d95e0, 0x000002edd63da300, 0x000002edd63dbd40, 0x000002edd7f41e90,
0x000002edd7f3f730, 0x000002edd7f466c0
}

Java Threads: ( => current thread )
  0x000002edf773e8e0 JavaThread "main"                              [_thread_blocked, id=2952, stack(0x000000efe1800000,0x000000efe1900000) (1024K)]
  0x000002edf77fb1b0 JavaThread "Reference Handler"          daemon [_thread_blocked, id=29044, stack(0x000000efe1c00000,0x000000efe1d00000) (1024K)]
  0x000002edf77fd970 JavaThread "Finalizer"                  daemon [_thread_blocked, id=22396, stack(0x000000efe1d00000,0x000000efe1e00000) (1024K)]
  0x000002edf76b8680 JavaThread "Signal Dispatcher"          daemon [_thread_blocked, id=30576, stack(0x000000efe1e00000,0x000000efe1f00000) (1024K)]
  0x000002edf76b90d0 JavaThread "Attach Listener"            daemon [_thread_blocked, id=26680, stack(0x000000efe1f00000,0x000000efe2000000) (1024K)]
  0x000002edf76bbb30 JavaThread "Service Thread"             daemon [_thread_blocked, id=21248, stack(0x000000efe2000000,0x000000efe2100000) (1024K)]
  0x000002edf76bc580 JavaThread "Monitor Deflation Thread"   daemon [_thread_blocked, id=10664, stack(0x000000efe2100000,0x000000efe2200000) (1024K)]
=>0x000002edf76bd3b0 JavaThread "C2 CompilerThread0"         daemon [_thread_in_native, id=33508, stack(0x000000efe2200000,0x000000efe2300000) (1024K)]
  0x000002edd09e4080 JavaThread "C1 CompilerThread0"         daemon [_thread_blocked, id=32440, stack(0x000000efe2300000,0x000000efe2400000) (1024K)]
  0x000002edd0ba9a90 JavaThread "Common-Cleaner"             daemon [_thread_blocked, id=20180, stack(0x000000efe2400000,0x000000efe2500000) (1024K)]
  0x000002edd0ca8e90 JavaThread "Notification Thread"        daemon [_thread_blocked, id=18132, stack(0x000000efe2500000,0x000000efe2600000) (1024K)]
  0x000002edd0cfd9e0 JavaThread "Active Thread: Equinox Container: 5cba7382-5c97-4632-9b6e-357e8d025680"        [_thread_blocked, id=20972, stack(0x000000efe2600000,0x000000efe2700000) (1024K)]
  0x000002edd521fa70 JavaThread "Refresh Thread: Equinox Container: 5cba7382-5c97-4632-9b6e-357e8d025680" daemon [_thread_blocked, id=11416, stack(0x000000efe2d00000,0x000000efe2e00000) (1024K)]
  0x000002edd585ee80 JavaThread "Framework Event Dispatcher: Equinox Container: 5cba7382-5c97-4632-9b6e-357e8d025680" daemon [_thread_blocked, id=29268, stack(0x000000efe2f00000,0x000000efe3000000) (1024K)]
  0x000002edd51af2d0 JavaThread "Start Level: Equinox Container: 5cba7382-5c97-4632-9b6e-357e8d025680" daemon [_thread_blocked, id=29728, stack(0x000000efe3000000,0x000000efe3100000) (1024K)]
  0x000002edd0c78be0 JavaThread "Bundle File Closer"         daemon [_thread_blocked, id=32892, stack(0x000000efe3100000,0x000000efe3200000) (1024K)]
  0x000002edd52b9f80 JavaThread "SCR Component Actor"        daemon [_thread_blocked, id=14808, stack(0x000000efe3200000,0x000000efe3300000) (1024K)]
  0x000002edd505d8e0 JavaThread "Worker-JM"                         [_thread_blocked, id=12364, stack(0x000000efe3300000,0x000000efe3400000) (1024K)]
  0x000002edd50ed050 JavaThread "Worker-0"                          [_thread_blocked, id=22588, stack(0x000000efe3400000,0x000000efe3500000) (1024K)]
  0x000002edd5f2b750 JavaThread "Worker-1: Java indexing... "        [_thread_blocked, id=14796, stack(0x000000efe3500000,0x000000efe3600000) (1024K)]
  0x000002edd5f2b0c0 JavaThread "Worker-2"                          [_thread_blocked, id=32864, stack(0x000000efe3600000,0x000000efe3700000) (1024K)]
  0x000002edd5f29680 JavaThread "Worker-3: Check JDK Index"         [_thread_blocked, id=34588, stack(0x000000efe3700000,0x000000efe3800000) (1024K)]
  0x000002edd5f2aa30 JavaThread "Java indexing"              daemon [_thread_in_native, id=35000, stack(0x000000efe3900000,0x000000efe3a00000) (1024K)]
  0x000002edd5f2bde0 JavaThread "JNA Cleaner"                daemon [_thread_blocked, id=25092, stack(0x000000efe3a00000,0x000000efe3b00000) (1024K)]
  0x000002edd5f2c470 JavaThread "Worker-4"                          [_thread_blocked, id=18832, stack(0x000000efe3d00000,0x000000efe3e00000) (1024K)]
  0x000002edd5f29d10 JavaThread "Thread-1"                   daemon [_thread_in_native, id=22580, stack(0x000000efe3f00000,0x000000efe4000000) (1024K)]
  0x000002edd5f2a3a0 JavaThread "Thread-2"                   daemon [_thread_in_native, id=16452, stack(0x000000efe4000000,0x000000efe4100000) (1024K)]
  0x000002edd890fce0 JavaThread "Thread-3"                   daemon [_thread_in_native, id=7944, stack(0x000000efe4100000,0x000000efe4200000) (1024K)]
  0x000002edd890e930 JavaThread "Thread-4"                   daemon [_thread_in_native, id=25396, stack(0x000000efe4200000,0x000000efe4300000) (1024K)]
  0x000002edd890f650 JavaThread "Thread-5"                   daemon [_thread_in_native, id=34300, stack(0x000000efe4300000,0x000000efe4400000) (1024K)]
  0x000002edd890d580 JavaThread "Thread-6"                   daemon [_thread_in_native, id=18848, stack(0x000000efe4400000,0x000000efe4500000) (1024K)]
  0x000002edd890efc0 JavaThread "Thread-7"                   daemon [_thread_in_native, id=6508, stack(0x000000efe4500000,0x000000efe4600000) (1024K)]
  0x000002edd8910370 JavaThread "Thread-8"                   daemon [_thread_in_native, id=26084, stack(0x000000efe4600000,0x000000efe4700000) (1024K)]
  0x000002edd890cef0 JavaThread "Thread-9"                   daemon [_thread_in_native, id=20040, stack(0x000000efe4700000,0x000000efe4800000) (1024K)]
  0x000002edd8910a00 JavaThread "pool-2-thread-1"                   [_thread_blocked, id=32980, stack(0x000000efe4800000,0x000000efe4900000) (1024K)]
  0x000002edd890dc10 JavaThread "WorkspaceEventsHandler"            [_thread_blocked, id=14312, stack(0x000000efe4a00000,0x000000efe4b00000) (1024K)]
  0x000002edd890e2a0 JavaThread "pool-1-thread-1"                   [_thread_blocked, id=30524, stack(0x000000efe4b00000,0x000000efe4c00000) (1024K)]
  0x000002edd8913e80 JavaThread "Worker-6"                          [_thread_blocked, id=14084, stack(0x000000efe1600000,0x000000efe1700000) (1024K)]
  0x000002edd8911db0 JavaThread "Worker-7"                          [_thread_blocked, id=28388, stack(0x000000efe1700000,0x000000efe1800000) (1024K)]
  0x000002edd8911090 JavaThread "Worker-8"                          [_thread_blocked, id=16916, stack(0x000000efe3800000,0x000000efe3900000) (1024K)]
  0x000002edd8911720 JavaThread "LocalFile Deleter"          daemon [_thread_blocked, id=33368, stack(0x000000efe4c00000,0x000000efe4d00000) (1024K)]
  0x000002edd8912440 JavaThread "LocalFile Deleter"          daemon [_thread_blocked, id=20532, stack(0x000000efe4d00000,0x000000efe4e00000) (1024K)]
  0x000002edd8912ad0 JavaThread "LocalFile Deleter"          daemon [_thread_blocked, id=25852, stack(0x000000efe4e00000,0x000000efe4f00000) (1024K)]
  0x000002edd8913160 JavaThread "LocalFile Deleter"          daemon [_thread_blocked, id=31024, stack(0x000000efe4f00000,0x000000efe5000000) (1024K)]
  0x000002edd63d4720 JavaThread "LocalFile Deleter"          daemon [_thread_blocked, id=12636, stack(0x000000efe5000000,0x000000efe5100000) (1024K)]
  0x000002edd63d5ad0 JavaThread "LocalFile Deleter"          daemon [_thread_blocked, id=17612, stack(0x000000efe5100000,0x000000efe5200000) (1024K)]
  0x000002edd63d7510 JavaThread "LocalFile Deleter"          daemon [_thread_blocked, id=34148, stack(0x000000efe5300000,0x000000efe5400000) (1024K)]
  0x000002edd63d67f0 JavaThread "Compiler Source File Reader" daemon [_thread_blocked, id=20104, stack(0x000000efe5400000,0x000000efe5500000) (1024K)]
  0x000002edd63d4db0 JavaThread "Compiler Source File Reader" daemon [_thread_blocked, id=35492, stack(0x000000efe5500000,0x000000efe5600000) (1024K)]
  0x000002edd63d88c0 JavaThread "Compiler Source File Reader" daemon [_thread_blocked, id=16168, stack(0x000000efe5600000,0x000000efe5700000) (1024K)]
  0x000002edd63d7ba0 JavaThread "Compiler Source File Reader" daemon [_thread_blocked, id=30488, stack(0x000000efe5700000,0x000000efe5800000) (1024K)]
  0x000002edd63d8230 JavaThread "Compiler Source File Reader" daemon [_thread_blocked, id=23408, stack(0x000000efe5800000,0x000000efe5900000) (1024K)]
  0x000002edd63d6e80 JavaThread "Compiler Source File Reader" daemon [_thread_blocked, id=25500, stack(0x000000efe5900000,0x000000efe5a00000) (1024K)]
  0x000002edd63db6b0 JavaThread "Compiler Class File Writer" daemon [_thread_blocked, id=16724, stack(0x000000efe5b00000,0x000000efe5c00000) (1024K)]
  0x000002edd63db020 JavaThread "Compiler Class File Writer" daemon [_thread_blocked, id=31476, stack(0x000000efe5d00000,0x000000efe5e00000) (1024K)]
  0x000002edd63da990 JavaThread "Compiler Class File Writer" daemon [_thread_blocked, id=636, stack(0x000000efe5e00000,0x000000efe5f00000) (1024K)]
  0x000002edd63d95e0 JavaThread "Compiler Class File Writer" daemon [_thread_blocked, id=1432, stack(0x000000efe5f00000,0x000000efe6000000) (1024K)]
  0x000002edd63da300 JavaThread "Compiler Class File Writer" daemon [_thread_blocked, id=35648, stack(0x000000efe6000000,0x000000efe6100000) (1024K)]
  0x000002edd63dbd40 JavaThread "Compiler Class File Writer" daemon [_thread_blocked, id=19096, stack(0x000000efe6100000,0x000000efe6200000) (1024K)]
  0x000002edd7f41e90 JavaThread "ForkJoinPool.commonPool-worker-1" daemon [_thread_blocked, id=35796, stack(0x000000efe1500000,0x000000efe1600000) (1024K)]
  0x000002edd7f3f730 JavaThread "ForkJoinPool.commonPool-worker-2" daemon [_thread_blocked, id=28928, stack(0x000000efe3b00000,0x000000efe3c00000) (1024K)]
  0x000002edd7f466c0 JavaThread "ForkJoinPool.commonPool-worker-3" daemon [_thread_blocked, id=21376, stack(0x000000efe3e00000,0x000000efe3f00000) (1024K)]
Total: 62

Other Threads:
  0x000002edf76b24b0 VMThread "VM Thread"                           [id=27312, stack(0x000000efe1b00000,0x000000efe1c00000) (1024K)]
  0x000002edf75cca00 WatcherThread "VM Periodic Task Thread"        [id=26796, stack(0x000000efe1a00000,0x000000efe1b00000) (1024K)]
  0x000002edf775bdd0 WorkerThread "GC Thread#0"                     [id=17952, stack(0x000000efe1900000,0x000000efe1a00000) (1024K)]
  0x000002edd52feb60 WorkerThread "GC Thread#1"                     [id=9732, stack(0x000000efe2700000,0x000000efe2800000) (1024K)]
  0x000002edd52fef00 WorkerThread "GC Thread#2"                     [id=15084, stack(0x000000efe2800000,0x000000efe2900000) (1024K)]
  0x000002edd0cf4660 WorkerThread "GC Thread#3"                     [id=23468, stack(0x000000efe2900000,0x000000efe2a00000) (1024K)]
  0x000002edd0cf4a00 WorkerThread "GC Thread#4"                     [id=24236, stack(0x000000efe2a00000,0x000000efe2b00000) (1024K)]
  0x000002edd0cf4da0 WorkerThread "GC Thread#5"                     [id=30672, stack(0x000000efe2b00000,0x000000efe2c00000) (1024K)]
  0x000002edd0cf5140 WorkerThread "GC Thread#6"                     [id=27572, stack(0x000000efe2c00000,0x000000efe2d00000) (1024K)]
  0x000002edd5209a70 WorkerThread "GC Thread#7"                     [id=31512, stack(0x000000efe2e00000,0x000000efe2f00000) (1024K)]
Total: 10

Threads with active compile tasks:
C2 CompilerThread0  259933 19098       4       org.eclipse.jdt.internal.core.search.indexing.AbstractIndexer::addConstructorReference (58 bytes)
Total: 1

VM state: not at safepoint (normal execution)

VM Mutex/Monitor currently owned by a thread: None

Heap address: 0x0000000080000000, size: 2048 MB, Compressed Oops mode: 32-bit

CDS archive(s) mapped at: [0x000002ed8f000000-0x000002ed8fba0000-0x000002ed8fba0000), size 12189696, SharedBaseAddress: 0x000002ed8f000000, ArchiveRelocationMode: 1.
Compressed class space mapped at: 0x000002ed90000000-0x000002edd0000000, reserved size: 1073741824
Narrow klass base: 0x000002ed8f000000, Narrow klass shift: 0, Narrow klass range: 0x100000000

GC Precious Log:
 CardTable entry size: 512
 CPUs: 8 total, 8 available
 Memory: 6030M
 Large Page Support: Disabled
 NUMA Support: Disabled
 Compressed Oops: Enabled (32-bit)
 Alignments: Space 512K, Generation 512K, Heap 2M
 Heap Min Capacity: 100M
 Heap Initial Capacity: 100M
 Heap Max Capacity: 2G
 Pre-touch: Disabled
 Parallel Workers: 8

Heap:
 PSYoungGen      total 16896K, used 8862K [0x00000000d5580000, 0x00000000d6a00000, 0x0000000100000000)
  eden space 12288K, 44% used [0x00000000d5580000,0x00000000d5adb930,0x00000000d6180000)
  from space 4608K, 73% used [0x00000000d6500000,0x00000000d684c020,0x00000000d6980000)
  to   space 3584K, 0% used [0x00000000d6180000,0x00000000d6180000,0x00000000d6500000)
 ParOldGen       total 912896K, used 912626K [0x0000000080000000, 0x00000000b7b80000, 0x00000000d5580000)
  object space 912896K, 99% used [0x0000000080000000,0x00000000b7b3ca20,0x00000000b7b80000)
 Metaspace       used 75190K, committed 76736K, reserved 1179648K
  class space    used 7671K, committed 8320K, reserved 1048576K

Card table byte_map: [0x000002edf70e0000,0x000002edf74f0000] _byte_map_base: 0x000002edf6ce0000

Marking Bits: (ParMarkBitMap*) 0x00007fff573c2460
 Begin Bits: [0x000002edfabf0000, 0x000002edfcbf0000)
 End Bits:   [0x000002edfcbf0000, 0x000002edfebf0000)

Polling page: 0x000002edf54c0000

Metaspace:

Usage:
  Non-class:     65.94 MB used.
      Class:      7.49 MB used.
       Both:     73.43 MB used.

Virtual space:
  Non-class space:      128.00 MB reserved,      66.81 MB ( 52%) committed,  2 nodes.
      Class space:        1.00 GB reserved,       8.12 MB ( <1%) committed,  1 nodes.
             Both:        1.12 GB reserved,      74.94 MB (  7%) committed. 

Chunk freelists:
   Non-Class:  12.69 MB
       Class:  7.82 MB
        Both:  20.51 MB

MaxMetaspaceSize: unlimited
CompressedClassSpaceSize: 1.00 GB
Initial GC threshold: 21.00 MB
Current GC threshold: 120.94 MB
CDS: on
 - commit_granule_bytes: 65536.
 - commit_granule_words: 8192.
 - virtual_space_node_default_size: 8388608.
 - enlarge_chunks_in_place: 1.
 - use_allocation_guard: 0.


Internal statistics:

num_allocs_failed_limit: 9.
num_arena_births: 1342.
num_arena_deaths: 20.
num_vsnodes_births: 3.
num_vsnodes_deaths: 0.
num_space_committed: 1199.
num_space_uncommitted: 0.
num_chunks_returned_to_freelist: 32.
num_chunks_taken_from_freelist: 4831.
num_chunk_merges: 18.
num_chunk_splits: 2893.
num_chunks_enlarged: 1614.
num_inconsistent_stats: 0.

CodeHeap 'non-profiled nmethods': size=120000Kb used=17339Kb max_used=17339Kb free=102660Kb
 bounds [0x000002ed87ad0000, 0x000002ed88bc0000, 0x000002ed8f000000]
CodeHeap 'profiled nmethods': size=120000Kb used=42102Kb max_used=42102Kb free=77897Kb
 bounds [0x000002ed80000000, 0x000002ed82920000, 0x000002ed87530000]
CodeHeap 'non-nmethods': size=5760Kb used=1478Kb max_used=1623Kb free=4281Kb
 bounds [0x000002ed87530000, 0x000002ed877a0000, 0x000002ed87ad0000]
CodeCache: size=245760Kb, used=60919Kb, max_used=61064Kb, free=184838Kb
 total_blobs=17828, nmethods=17033, adapters=698, full_count=0
Compilation: enabled, stopped_count=0, restarted_count=0

Compilation events (20 events):
Event: 258.582 Thread 0x000002edd09e4080 19138   !   2       jdk.proxy7.$Proxy34::notifyProgress (34 bytes)
Event: 258.593 Thread 0x000002edd09e4080 nmethod 19138 0x000002ed82914410 code [0x000002ed829145e0, 0x000002ed82914950]
Event: 258.598 Thread 0x000002edd09e4080 19139       3       org.eclipse.jdt.internal.core.search.matching.ConstructorPattern::createDeclarationIndexKey (583 bytes)
Event: 258.606 Thread 0x000002edd09e4080 nmethod 19139 0x000002ed82914b90 code [0x000002ed82915020, 0x000002ed829174b8]
Event: 258.623 Thread 0x000002edd09e4080 19140       3       jdk.nio.zipfs.ZipPath::normalize (141 bytes)
Event: 258.626 Thread 0x000002edd09e4080 nmethod 19140 0x000002ed82918210 code [0x000002ed829184e0, 0x000002ed829193a0]
Event: 258.739 Thread 0x000002edd09e4080 19143       2       org.eclipse.jdt.internal.compiler.parser.Parser::consumeMethodBody (14 bytes)
Event: 258.739 Thread 0x000002edd09e4080 nmethod 19143 0x000002ed82919910 code [0x000002ed82919aa0, 0x000002ed82919be0]
Event: 258.740 Thread 0x000002edd09e4080 19144       2       org.eclipse.jdt.internal.compiler.parser.Parser::dispatchDeclarationInto (447 bytes)
Event: 258.742 Thread 0x000002edd09e4080 nmethod 19144 0x000002ed82919d10 code [0x000002ed82919f60, 0x000002ed8291aeb8]
Event: 258.788 Thread 0x000002edd09e4080 19145       2       org.eclipse.jdt.internal.core.PackageFragmentRoot::calculateHashCode (18 bytes)
Event: 258.789 Thread 0x000002edd09e4080 nmethod 19145 0x000002ed8291b510 code [0x000002ed8291b700, 0x000002ed8291b9f8]
Event: 258.832 Thread 0x000002edd09e4080 19147       1       org.eclipse.jdt.internal.compiler.ASTVisitor::visit (2 bytes)
Event: 258.833 Thread 0x000002edd09e4080 nmethod 19147 0x000002ed88bbe710 code [0x000002ed88bbe8a0, 0x000002ed88bbe968]
Event: 258.859 Thread 0x000002edd09e4080 19148       2       java.io.WinNTFileSystem::getUserPath (19 bytes)
Event: 258.859 Thread 0x000002edd09e4080 nmethod 19148 0x000002ed8291bc10 code [0x000002ed8291bda0, 0x000002ed8291bea8]
Event: 259.000 Thread 0x000002edd09e4080 19150       3       org.eclipse.jdt.internal.core.search.indexing.AbstractIndexer::addMethodDeclaration (105 bytes)
Event: 259.006 Thread 0x000002edd09e4080 nmethod 19150 0x000002ed8291bf90 code [0x000002ed8291c380, 0x000002ed8291dd00]
Event: 259.008 Thread 0x000002edd09e4080 19151       1       lombok.core.handlers.LoggingFramework::getDeclaration (5 bytes)
Event: 259.008 Thread 0x000002edd09e4080 nmethod 19151 0x000002ed88bbea10 code [0x000002ed88bbeba0, 0x000002ed88bbec68]

GC Heap History (20 events):
Event: 255.317 GC heap after
{Heap after GC invocations=2405 (full 4):
 PSYoungGen      total 15360K, used 1024K [0x00000000d5580000, 0x00000000d6880000, 0x0000000100000000)
  eden space 14336K, 0% used [0x00000000d5580000,0x00000000d5580000,0x00000000d6380000)
  from space 1024K, 100% used [0x00000000d6580000,0x00000000d6680000,0x00000000d6680000)
  to   space 2048K, 0% used [0x00000000d6380000,0x00000000d6380000,0x00000000d6580000)
 ParOldGen       total 888832K, used 888579K [0x0000000080000000, 0x00000000b6400000, 0x00000000d5580000)
  object space 888832K, 99% used [0x0000000080000000,0x00000000b63c0ee0,0x00000000b6400000)
 Metaspace       used 75112K, committed 76672K, reserved 1179648K
  class space    used 7668K, committed 8320K, reserved 1048576K
}
Event: 256.032 GC heap before
{Heap before GC invocations=2406 (full 4):
 PSYoungGen      total 15360K, used 15360K [0x00000000d5580000, 0x00000000d6880000, 0x0000000100000000)
  eden space 14336K, 100% used [0x00000000d5580000,0x00000000d6380000,0x00000000d6380000)
  from space 1024K, 100% used [0x00000000d6580000,0x00000000d6680000,0x00000000d6680000)
  to   space 2048K, 0% used [0x00000000d6380000,0x00000000d6380000,0x00000000d6580000)
 ParOldGen       total 888832K, used 888579K [0x0000000080000000, 0x00000000b6400000, 0x00000000d5580000)
  object space 888832K, 99% used [0x0000000080000000,0x00000000b63c0ee0,0x00000000b6400000)
 Metaspace       used 75119K, committed 76672K, reserved 1179648K
  class space    used 7668K, committed 8320K, reserved 1048576K
}
Event: 256.058 GC heap after
{Heap after GC invocations=2406 (full 4):
 PSYoungGen      total 16384K, used 2032K [0x00000000d5580000, 0x00000000d6d80000, 0x0000000100000000)
  eden space 14336K, 0% used [0x00000000d5580000,0x00000000d5580000,0x00000000d6380000)
  from space 2048K, 99% used [0x00000000d6380000,0x00000000d657c020,0x00000000d6580000)
  to   space 5120K, 0% used [0x00000000d6880000,0x00000000d6880000,0x00000000d6d80000)
 ParOldGen       total 890880K, used 890879K [0x0000000080000000, 0x00000000b6600000, 0x00000000d5580000)
  object space 890880K, 99% used [0x0000000080000000,0x00000000b65ffdb0,0x00000000b6600000)
 Metaspace       used 75119K, committed 76672K, reserved 1179648K
  class space    used 7668K, committed 8320K, reserved 1048576K
}
Event: 256.561 GC heap before
{Heap before GC invocations=2407 (full 4):
 PSYoungGen      total 16384K, used 16368K [0x00000000d5580000, 0x00000000d6d80000, 0x0000000100000000)
  eden space 14336K, 100% used [0x00000000d5580000,0x00000000d6380000,0x00000000d6380000)
  from space 2048K, 99% used [0x00000000d6380000,0x00000000d657c020,0x00000000d6580000)
  to   space 5120K, 0% used [0x00000000d6880000,0x00000000d6880000,0x00000000d6d80000)
 ParOldGen       total 890880K, used 890879K [0x0000000080000000, 0x00000000b6600000, 0x00000000d5580000)
  object space 890880K, 99% used [0x0000000080000000,0x00000000b65ffdb0,0x00000000b6600000)
 Metaspace       used 75132K, committed 76736K, reserved 1179648K
  class space    used 7668K, committed 8320K, reserved 1048576K
}
Event: 256.574 GC heap after
{Heap after GC invocations=2407 (full 4):
 PSYoungGen      total 17920K, used 3313K [0x00000000d5580000, 0x00000000d6c00000, 0x0000000100000000)
  eden space 14336K, 0% used [0x00000000d5580000,0x00000000d5580000,0x00000000d6380000)
  from space 3584K, 92% used [0x00000000d6880000,0x00000000d6bbc6b0,0x00000000d6c00000)
  to   space 4096K, 0% used [0x00000000d6400000,0x00000000d6400000,0x00000000d6800000)
 ParOldGen       total 892928K, used 892842K [0x0000000080000000, 0x00000000b6800000, 0x00000000d5580000)
  object space 892928K, 99% used [0x0000000080000000,0x00000000b67eaa58,0x00000000b6800000)
 Metaspace       used 75132K, committed 76736K, reserved 1179648K
  class space    used 7668K, committed 8320K, reserved 1048576K
}
Event: 256.935 GC heap before
{Heap before GC invocations=2408 (full 4):
 PSYoungGen      total 17920K, used 17649K [0x00000000d5580000, 0x00000000d6c00000, 0x0000000100000000)
  eden space 14336K, 100% used [0x00000000d5580000,0x00000000d6380000,0x00000000d6380000)
  from space 3584K, 92% used [0x00000000d6880000,0x00000000d6bbc6b0,0x00000000d6c00000)
  to   space 4096K, 0% used [0x00000000d6400000,0x00000000d6400000,0x00000000d6800000)
 ParOldGen       total 892928K, used 892842K [0x0000000080000000, 0x00000000b6800000, 0x00000000d5580000)
  object space 892928K, 99% used [0x0000000080000000,0x00000000b67eaa58,0x00000000b6800000)
 Metaspace       used 75147K, committed 76736K, reserved 1179648K
  class space    used 7668K, committed 8320K, reserved 1048576K
}
Event: 256.952 GC heap after
{Heap after GC invocations=2408 (full 4):
 PSYoungGen      total 17920K, used 3375K [0x00000000d5580000, 0x00000000d6a80000, 0x0000000100000000)
  eden space 14336K, 0% used [0x00000000d5580000,0x00000000d5580000,0x00000000d6380000)
  from space 3584K, 94% used [0x00000000d6400000,0x00000000d674be80,0x00000000d6780000)
  to   space 3072K, 0% used [0x00000000d6780000,0x00000000d6780000,0x00000000d6a80000)
 ParOldGen       total 896000K, used 895964K [0x0000000080000000, 0x00000000b6b00000, 0x00000000d5580000)
  object space 896000K, 99% used [0x0000000080000000,0x00000000b6af7148,0x00000000b6b00000)
 Metaspace       used 75147K, committed 76736K, reserved 1179648K
  class space    used 7668K, committed 8320K, reserved 1048576K
}
Event: 257.549 GC heap before
{Heap before GC invocations=2409 (full 4):
 PSYoungGen      total 17920K, used 17711K [0x00000000d5580000, 0x00000000d6a80000, 0x0000000100000000)
  eden space 14336K, 100% used [0x00000000d5580000,0x00000000d6380000,0x00000000d6380000)
  from space 3584K, 94% used [0x00000000d6400000,0x00000000d674be80,0x00000000d6780000)
  to   space 3072K, 0% used [0x00000000d6780000,0x00000000d6780000,0x00000000d6a80000)
 ParOldGen       total 896000K, used 895964K [0x0000000080000000, 0x00000000b6b00000, 0x00000000d5580000)
  object space 896000K, 99% used [0x0000000080000000,0x00000000b6af7148,0x00000000b6b00000)
 Metaspace       used 75157K, committed 76736K, reserved 1179648K
  class space    used 7668K, committed 8320K, reserved 1048576K
}
Event: 257.565 GC heap after
{Heap after GC invocations=2409 (full 4):
 PSYoungGen      total 14336K, used 3040K [0x00000000d5580000, 0x00000000d7180000, 0x0000000100000000)
  eden space 11264K, 0% used [0x00000000d5580000,0x00000000d5580000,0x00000000d6080000)
  from space 3072K, 98% used [0x00000000d6780000,0x00000000d6a78010,0x00000000d6a80000)
  to   space 7168K, 0% used [0x00000000d6080000,0x00000000d6080000,0x00000000d6780000)
 ParOldGen       total 899584K, used 899393K [0x0000000080000000, 0x00000000b6e80000, 0x00000000d5580000)
  object space 899584K, 99% used [0x0000000080000000,0x00000000b6e50508,0x00000000b6e80000)
 Metaspace       used 75157K, committed 76736K, reserved 1179648K
  class space    used 7668K, committed 8320K, reserved 1048576K
}
Event: 257.764 GC heap before
{Heap before GC invocations=2410 (full 4):
 PSYoungGen      total 14336K, used 14304K [0x00000000d5580000, 0x00000000d7180000, 0x0000000100000000)
  eden space 11264K, 100% used [0x00000000d5580000,0x00000000d6080000,0x00000000d6080000)
  from space 3072K, 98% used [0x00000000d6780000,0x00000000d6a78010,0x00000000d6a80000)
  to   space 7168K, 0% used [0x00000000d6080000,0x00000000d6080000,0x00000000d6780000)
 ParOldGen       total 899584K, used 899393K [0x0000000080000000, 0x00000000b6e80000, 0x00000000d5580000)
  object space 899584K, 99% used [0x0000000080000000,0x00000000b6e50508,0x00000000b6e80000)
 Metaspace       used 75169K, committed 76736K, reserved 1179648K
  class space    used 7669K, committed 8320K, reserved 1048576K
}
Event: 257.777 GC heap after
{Heap after GC invocations=2410 (full 4):
 PSYoungGen      total 12288K, used 608K [0x00000000d5580000, 0x00000000d6800000, 0x0000000100000000)
  eden space 11264K, 0% used [0x00000000d5580000,0x00000000d5580000,0x00000000d6080000)
  from space 1024K, 59% used [0x00000000d6080000,0x00000000d6118000,0x00000000d6180000)
  to   space 3072K, 0% used [0x00000000d6500000,0x00000000d6500000,0x00000000d6800000)
 ParOldGen       total 902656K, used 902395K [0x0000000080000000, 0x00000000b7180000, 0x00000000d5580000)
  object space 902656K, 99% used [0x0000000080000000,0x00000000b713eee0,0x00000000b7180000)
 Metaspace       used 75169K, committed 76736K, reserved 1179648K
  class space    used 7669K, committed 8320K, reserved 1048576K
}
Event: 257.987 GC heap before
{Heap before GC invocations=2411 (full 4):
 PSYoungGen      total 12288K, used 11872K [0x00000000d5580000, 0x00000000d6800000, 0x0000000100000000)
  eden space 11264K, 100% used [0x00000000d5580000,0x00000000d6080000,0x00000000d6080000)
  from space 1024K, 59% used [0x00000000d6080000,0x00000000d6118000,0x00000000d6180000)
  to   space 3072K, 0% used [0x00000000d6500000,0x00000000d6500000,0x00000000d6800000)
 ParOldGen       total 902656K, used 902395K [0x0000000080000000, 0x00000000b7180000, 0x00000000d5580000)
  object space 902656K, 99% used [0x0000000080000000,0x00000000b713eee0,0x00000000b7180000)
 Metaspace       used 75170K, committed 76736K, reserved 1179648K
  class space    used 7669K, committed 8320K, reserved 1048576K
}
Event: 257.997 GC heap after
{Heap after GC invocations=2411 (full 4):
 PSYoungGen      total 14336K, used 3040K [0x00000000d5580000, 0x00000000d6980000, 0x0000000100000000)
  eden space 11264K, 0% used [0x00000000d5580000,0x00000000d5580000,0x00000000d6080000)
  from space 3072K, 98% used [0x00000000d6500000,0x00000000d67f8010,0x00000000d6800000)
  to   space 4608K, 0% used [0x00000000d6080000,0x00000000d6080000,0x00000000d6500000)
 ParOldGen       total 903168K, used 903006K [0x0000000080000000, 0x00000000b7200000, 0x00000000d5580000)
  object space 903168K, 99% used [0x0000000080000000,0x00000000b71d78c8,0x00000000b7200000)
 Metaspace       used 75170K, committed 76736K, reserved 1179648K
  class space    used 7669K, committed 8320K, reserved 1048576K
}
Event: 258.250 GC heap before
{Heap before GC invocations=2412 (full 4):
 PSYoungGen      total 14336K, used 14304K [0x00000000d5580000, 0x00000000d6980000, 0x0000000100000000)
  eden space 11264K, 100% used [0x00000000d5580000,0x00000000d6080000,0x00000000d6080000)
  from space 3072K, 98% used [0x00000000d6500000,0x00000000d67f8010,0x00000000d6800000)
  to   space 4608K, 0% used [0x00000000d6080000,0x00000000d6080000,0x00000000d6500000)
 ParOldGen       total 903168K, used 903006K [0x0000000080000000, 0x00000000b7200000, 0x00000000d5580000)
  object space 903168K, 99% used [0x0000000080000000,0x00000000b71d78c8,0x00000000b7200000)
 Metaspace       used 75175K, committed 76736K, reserved 1179648K
  class space    used 7669K, committed 8320K, reserved 1048576K
}
Event: 258.283 GC heap after
{Heap after GC invocations=2412 (full 4):
 PSYoungGen      total 14336K, used 2912K [0x00000000d5580000, 0x00000000d6780000, 0x0000000100000000)
  eden space 11264K, 0% used [0x00000000d5580000,0x00000000d5580000,0x00000000d6080000)
  from space 3072K, 94% used [0x00000000d6080000,0x00000000d6358010,0x00000000d6380000)
  to   space 3584K, 0% used [0x00000000d6400000,0x00000000d6400000,0x00000000d6780000)
 ParOldGen       total 906240K, used 906042K [0x0000000080000000, 0x00000000b7500000, 0x00000000d5580000)
  object space 906240K, 99% used [0x0000000080000000,0x00000000b74ce918,0x00000000b7500000)
 Metaspace       used 75175K, committed 76736K, reserved 1179648K
  class space    used 7669K, committed 8320K, reserved 1048576K
}
Event: 258.607 GC heap before
{Heap before GC invocations=2413 (full 4):
 PSYoungGen      total 14336K, used 14176K [0x00000000d5580000, 0x00000000d6780000, 0x0000000100000000)
  eden space 11264K, 100% used [0x00000000d5580000,0x00000000d6080000,0x00000000d6080000)
  from space 3072K, 94% used [0x00000000d6080000,0x00000000d6358010,0x00000000d6380000)
  to   space 3584K, 0% used [0x00000000d6400000,0x00000000d6400000,0x00000000d6780000)
 ParOldGen       total 906240K, used 906042K [0x0000000080000000, 0x00000000b7500000, 0x00000000d5580000)
  object space 906240K, 99% used [0x0000000080000000,0x00000000b74ce918,0x00000000b7500000)
 Metaspace       used 75179K, committed 76736K, reserved 1179648K
  class space    used 7669K, committed 8320K, reserved 1048576K
}
Event: 258.619 GC heap after
{Heap after GC invocations=2413 (full 4):
 PSYoungGen      total 11776K, used 352K [0x00000000d5580000, 0x00000000d6480000, 0x0000000100000000)
  eden space 11264K, 0% used [0x00000000d5580000,0x00000000d5580000,0x00000000d6080000)
  from space 512K, 68% used [0x00000000d6400000,0x00000000d6458000,0x00000000d6480000)
  to   space 1536K, 0% used [0x00000000d6180000,0x00000000d6180000,0x00000000d6300000)
 ParOldGen       total 909312K, used 908910K [0x0000000080000000, 0x00000000b7800000, 0x00000000d5580000)
  object space 909312K, 99% used [0x0000000080000000,0x00000000b779b9f0,0x00000000b7800000)
 Metaspace       used 75179K, committed 76736K, reserved 1179648K
  class space    used 7669K, committed 8320K, reserved 1048576K
}
Event: 258.769 GC heap before
{Heap before GC invocations=2414 (full 4):
 PSYoungGen      total 11776K, used 11616K [0x00000000d5580000, 0x00000000d6480000, 0x0000000100000000)
  eden space 11264K, 100% used [0x00000000d5580000,0x00000000d6080000,0x00000000d6080000)
  from space 512K, 68% used [0x00000000d6400000,0x00000000d6458000,0x00000000d6480000)
  to   space 1536K, 0% used [0x00000000d6180000,0x00000000d6180000,0x00000000d6300000)
 ParOldGen       total 909312K, used 908910K [0x0000000080000000, 0x00000000b7800000, 0x00000000d5580000)
  object space 909312K, 99% used [0x0000000080000000,0x00000000b779b9f0,0x00000000b7800000)
 Metaspace       used 75189K, committed 76736K, reserved 1179648K
  class space    used 7671K, committed 8320K, reserved 1048576K
}
Event: 258.782 GC heap after
{Heap after GC invocations=2414 (full 4):
 PSYoungGen      total 12800K, used 1504K [0x00000000d5580000, 0x00000000d6980000, 0x0000000100000000)
  eden space 11264K, 0% used [0x00000000d5580000,0x00000000d5580000,0x00000000d6080000)
  from space 1536K, 97% used [0x00000000d6180000,0x00000000d62f8010,0x00000000d6300000)
  to   space 4608K, 0% used [0x00000000d6500000,0x00000000d6500000,0x00000000d6980000)
 ParOldGen       total 911360K, used 911126K [0x0000000080000000, 0x00000000b7a00000, 0x00000000d5580000)
  object space 911360K, 99% used [0x0000000080000000,0x00000000b79c59f0,0x00000000b7a00000)
 Metaspace       used 75189K, committed 76736K, reserved 1179648K
  class space    used 7671K, committed 8320K, reserved 1048576K
}
Event: 259.040 GC heap before
{Heap before GC invocations=2415 (full 4):
 PSYoungGen      total 12800K, used 12768K [0x00000000d5580000, 0x00000000d6980000, 0x0000000100000000)
  eden space 11264K, 100% used [0x00000000d5580000,0x00000000d6080000,0x00000000d6080000)
  from space 1536K, 97% used [0x00000000d6180000,0x00000000d62f8010,0x00000000d6300000)
  to   space 4608K, 0% used [0x00000000d6500000,0x00000000d6500000,0x00000000d6980000)
 ParOldGen       total 911360K, used 911126K [0x0000000080000000, 0x00000000b7a00000, 0x00000000d5580000)
  object space 911360K, 99% used [0x0000000080000000,0x00000000b79c59f0,0x00000000b7a00000)
 Metaspace       used 75190K, committed 76736K, reserved 1179648K
  class space    used 7671K, committed 8320K, reserved 1048576K
}

Dll operation events (14 events):
Event: 0.132 Loaded shared library c:\Users\Usuario\.vscode\extensions\redhat.java-1.50.0-win32-x64\jre\21.0.9-win32-x86_64\bin\java.dll
Event: 0.591 Loaded shared library c:\Users\Usuario\.vscode\extensions\redhat.java-1.50.0-win32-x64\jre\21.0.9-win32-x86_64\bin\zip.dll
Event: 0.827 Loaded shared library C:\Users\Usuario\.vscode\extensions\redhat.java-1.50.0-win32-x64\jre\21.0.9-win32-x86_64\bin\instrument.dll
Event: 0.945 Loaded shared library C:\Users\Usuario\.vscode\extensions\redhat.java-1.50.0-win32-x64\jre\21.0.9-win32-x86_64\bin\net.dll
Event: 0.957 Loaded shared library C:\Users\Usuario\.vscode\extensions\redhat.java-1.50.0-win32-x64\jre\21.0.9-win32-x86_64\bin\nio.dll
Event: 0.975 Loaded shared library C:\Users\Usuario\.vscode\extensions\redhat.java-1.50.0-win32-x64\jre\21.0.9-win32-x86_64\bin\zip.dll
Event: 1.477 Loaded shared library C:\Users\Usuario\.vscode\extensions\redhat.java-1.50.0-win32-x64\jre\21.0.9-win32-x86_64\bin\jimage.dll
Event: 2.287 Loaded shared library c:\Users\Usuario\.vscode\extensions\redhat.java-1.50.0-win32-x64\jre\21.0.9-win32-x86_64\bin\verify.dll
Event: 10.462 Loaded shared library C:\Users\Usuario\AppData\Roaming\Code\User\globalStorage\redhat.java\1.50.0\config_win\org.eclipse.equinox.launcher\org.eclipse.equinox.launcher.win32.win32.x86_64_1.2.1400.v20250801-0854\eclipse_11916.dll
Event: 16.768 Loaded shared library C:\Users\Usuario\.vscode\extensions\redhat.java-1.50.0-win32-x64\jre\21.0.9-win32-x86_64\bin\management.dll
Event: 16.783 Loaded shared library C:\Users\Usuario\.vscode\extensions\redhat.java-1.50.0-win32-x64\jre\21.0.9-win32-x86_64\bin\management_ext.dll
Event: 24.721 Loaded shared library C:\Users\Usuario\AppData\Local\Temp\jna-1531808526\jna11624330070428574728.dll
Event: 25.208 Loaded shared library C:\Users\Usuario\.vscode\extensions\redhat.java-1.50.0-win32-x64\jre\21.0.9-win32-x86_64\bin\sunmscapi.dll
Event: 26.509 Loaded shared library C:\Users\Usuario\.vscode\extensions\redhat.java-1.50.0-win32-x64\jre\21.0.9-win32-x86_64\bin\extnet.dll

Deoptimization events (20 events):
Event: 256.863 Thread 0x000002edd5f2aa30 DEOPT PACKING pc=0x000002ed88b92590 sp=0x000000efe39fe4f0
Event: 256.863 Thread 0x000002edd5f2aa30 DEOPT UNPACKING pc=0x000002ed87583aa2 sp=0x000000efe39fe498 mode 2
Event: 256.864 Thread 0x000002edd5f2aa30 Uncommon trap: trap_request=0xffffffd6 fr.pc=0x000002ed88b92590 relative=0x0000000000006c10
Event: 256.864 Thread 0x000002edd5f2aa30 Uncommon trap: reason=array_check action=maybe_recompile pc=0x000002ed88b92590 method=org.eclipse.jdt.internal.compiler.classfmt.ModuleInfo.readModuleAttribute(I)V @ 1029 c2
Event: 256.864 Thread 0x000002edd5f2aa30 DEOPT PACKING pc=0x000002ed88b92590 sp=0x000000efe39fe4f0
Event: 256.864 Thread 0x000002edd5f2aa30 DEOPT UNPACKING pc=0x000002ed87583aa2 sp=0x000000efe39fe498 mode 2
Event: 257.116 Thread 0x000002edd5f2aa30 DEOPT PACKING pc=0x000002ed822efe86 sp=0x000000efe39fed90
Event: 257.116 Thread 0x000002edd5f2aa30 DEOPT UNPACKING pc=0x000002ed87584242 sp=0x000000efe39fe2f8 mode 0
Event: 257.352 Thread 0x000002edd5f2aa30 DEOPT PACKING pc=0x000002ed81092c7d sp=0x000000efe39fee00
Event: 257.352 Thread 0x000002edd5f2aa30 DEOPT UNPACKING pc=0x000002ed87584242 sp=0x000000efe39fe2b8 mode 0
Event: 257.699 Thread 0x000002edd5f2aa30 Uncommon trap: trap_request=0xffffff45 fr.pc=0x000002ed8891f894 relative=0x000000000000b494
Event: 257.699 Thread 0x000002edd5f2aa30 Uncommon trap: reason=unstable_if action=reinterpret pc=0x000002ed8891f894 method=org.eclipse.jdt.internal.compiler.lookup.LookupEnvironment.getTypeFromTypeSignature(Lorg/eclipse/jdt/internal/compiler/lookup/SignatureWrapper;[Lorg/eclipse/jdt/internal/com
Event: 257.699 Thread 0x000002edd5f2aa30 DEOPT PACKING pc=0x000002ed8891f894 sp=0x000000efe39fe240
Event: 257.699 Thread 0x000002edd5f2aa30 DEOPT UNPACKING pc=0x000002ed87583aa2 sp=0x000000efe39fe2a0 mode 2
Event: 257.844 Thread 0x000002edd5f2aa30 Uncommon trap: trap_request=0xffffff45 fr.pc=0x000002ed88b0b85c relative=0x000000000000181c
Event: 257.844 Thread 0x000002edd5f2aa30 Uncommon trap: reason=unstable_if action=reinterpret pc=0x000002ed88b0b85c method=org.eclipse.jdt.internal.compiler.lookup.ModuleBinding.getVisiblePackage(Lorg/eclipse/jdt/internal/compiler/lookup/PackageBinding;[C)Lorg/eclipse/jdt/internal/compiler/looku
Event: 257.844 Thread 0x000002edd5f2aa30 DEOPT PACKING pc=0x000002ed88b0b85c sp=0x000000efe39fea60
Event: 257.844 Thread 0x000002edd5f2aa30 DEOPT UNPACKING pc=0x000002ed87583aa2 sp=0x000000efe39fea00 mode 2
Event: 257.938 Thread 0x000002edd5f2aa30 DEOPT PACKING pc=0x000002ed828796dc sp=0x000000efe39fe9f0
Event: 257.938 Thread 0x000002edd5f2aa30 DEOPT UNPACKING pc=0x000002ed87584242 sp=0x000000efe39fdfb0 mode 0

Classes loaded (20 events):
Event: 151.812 Loading class jdk/internal/module/IllegalAccessLogger
Event: 151.812 Loading class jdk/internal/module/IllegalAccessLogger done
Event: 155.161 Loading class java/io/SequenceInputStream
Event: 155.162 Loading class java/io/SequenceInputStream done
Event: 155.199 Loading class org/xml/sax/SAXNotRecognizedException
Event: 155.200 Loading class org/xml/sax/SAXNotRecognizedException done
Event: 155.201 Loading class org/xml/sax/SAXNotSupportedException
Event: 155.206 Loading class org/xml/sax/SAXNotSupportedException done
Event: 155.209 Loading class com/sun/org/apache/xerces/internal/util/URI
Event: 155.217 Loading class com/sun/org/apache/xerces/internal/util/URI done
Event: 155.220 Loading class com/sun/org/apache/xerces/internal/xni/XNIException
Event: 155.221 Loading class com/sun/org/apache/xerces/internal/xni/XNIException done
Event: 155.228 Loading class com/sun/org/apache/xerces/internal/xni/parser/XMLParseException
Event: 155.229 Loading class com/sun/org/apache/xerces/internal/xni/parser/XMLParseException done
Event: 239.448 Loading class java/nio/file/attribute/PosixFileAttributeView
Event: 239.453 Loading class java/nio/file/attribute/PosixFileAttributeView done
Event: 239.692 Loading class java/nio/file/DirectoryIteratorException
Event: 239.698 Loading class java/nio/file/DirectoryIteratorException done
Event: 244.208 Loading class java/nio/file/FileTreeIterator
Event: 244.210 Loading class java/nio/file/FileTreeIterator done

Classes unloaded (10 events):
Event: 20.014 Thread 0x000002edf76b24b0 Unloading class 0x000002ed901acc00 'java/lang/invoke/LambdaForm$MH+0x000002ed901acc00'
Event: 20.014 Thread 0x000002edf76b24b0 Unloading class 0x000002ed901ac800 'java/lang/invoke/LambdaForm$MH+0x000002ed901ac800'
Event: 20.014 Thread 0x000002edf76b24b0 Unloading class 0x000002ed901ac400 'java/lang/invoke/LambdaForm$MH+0x000002ed901ac400'
Event: 20.014 Thread 0x000002edf76b24b0 Unloading class 0x000002ed901ac000 'java/lang/invoke/LambdaForm$MH+0x000002ed901ac000'
Event: 20.014 Thread 0x000002edf76b24b0 Unloading class 0x000002ed901abc00 'java/lang/invoke/LambdaForm$BMH+0x000002ed901abc00'
Event: 20.014 Thread 0x000002edf76b24b0 Unloading class 0x000002ed901ab800 'java/lang/invoke/LambdaForm$DMH+0x000002ed901ab800'
Event: 20.014 Thread 0x000002edf76b24b0 Unloading class 0x000002ed901aa400 'java/lang/invoke/LambdaForm$DMH+0x000002ed901aa400'
Event: 60.015 Thread 0x000002edf76b24b0 Unloading class 0x000002ed90660400 'java/lang/invoke/LambdaForm$DMH+0x000002ed90660400'
Event: 60.015 Thread 0x000002edf76b24b0 Unloading class 0x000002ed90660000 'java/lang/invoke/LambdaForm$DMH+0x000002ed90660000'
Event: 60.015 Thread 0x000002edf76b24b0 Unloading class 0x000002ed9065c800 'java/lang/invoke/LambdaForm$DMH+0x000002ed9065c800'

Classes redefined (0 events):
No events

Internal exceptions (20 events):
Event: 258.737 Thread 0x000002edd5f2aa30 Exception <a 'java/lang/NullPointerException'{0x00000000d5dbe598}> (0x00000000d5dbe598) 
thrown [s\src\hotspot\share\runtime\sharedRuntime.cpp, line 625]
Event: 258.738 Thread 0x000002edd5f2aa30 Implicit null exception at 0x000002ed800f1f9b to 0x000002ed800f2555
Event: 258.739 Thread 0x000002edd5f2aa30 Exception <a 'java/lang/NullPointerException'{0x00000000d5dced30}> (0x00000000d5dced30) 
thrown [s\src\hotspot\share\runtime\sharedRuntime.cpp, line 625]
Event: 258.739 Thread 0x000002edd5f2aa30 Implicit null exception at 0x000002ed800f1f9b to 0x000002ed800f2555
Event: 258.739 Thread 0x000002edd5f2aa30 Exception <a 'java/lang/NullPointerException'{0x00000000d5dd0838}> (0x00000000d5dd0838) 
thrown [s\src\hotspot\share\runtime\sharedRuntime.cpp, line 625]
Event: 258.739 Thread 0x000002edd5f2aa30 Implicit null exception at 0x000002ed800f1f9b to 0x000002ed800f2555
Event: 258.739 Thread 0x000002edd5f2aa30 Exception <a 'java/lang/NullPointerException'{0x00000000d5dd1d28}> (0x00000000d5dd1d28) 
thrown [s\src\hotspot\share\runtime\sharedRuntime.cpp, line 625]
Event: 258.965 Thread 0x000002edd5f2aa30 Exception <a 'sun/nio/fs/WindowsException'{0x00000000d5ca1ad0}> (0x00000000d5ca1ad0) 
thrown [s\src\hotspot\share\prims\jni.cpp, line 520]
Event: 258.999 Thread 0x000002edd5f2aa30 Implicit null exception at 0x000002ed800f1f9b to 0x000002ed800f2555
Event: 258.999 Thread 0x000002edd5f2aa30 Exception <a 'java/lang/NullPointerException'{0x00000000d5cbb358}> (0x00000000d5cbb358) 
thrown [s\src\hotspot\share\runtime\sharedRuntime.cpp, line 625]
Event: 258.999 Thread 0x000002edd5f2aa30 Implicit null exception at 0x000002ed800f1f9b to 0x000002ed800f2555
Event: 258.999 Thread 0x000002edd5f2aa30 Exception <a 'java/lang/NullPointerException'{0x00000000d5cbd008}> (0x00000000d5cbd008) 
thrown [s\src\hotspot\share\runtime\sharedRuntime.cpp, line 625]
Event: 258.999 Thread 0x000002edd5f2aa30 Implicit null exception at 0x000002ed800f1f9b to 0x000002ed800f2555
Event: 259.000 Thread 0x000002edd5f2aa30 Exception <a 'java/lang/NullPointerException'{0x00000000d5cbd458}> (0x00000000d5cbd458) 
thrown [s\src\hotspot\share\runtime\sharedRuntime.cpp, line 625]
Event: 259.001 Thread 0x000002edd5f2aa30 Implicit null exception at 0x000002ed800f1f9b to 0x000002ed800f2555
Event: 259.001 Thread 0x000002edd5f2aa30 Exception <a 'java/lang/NullPointerException'{0x00000000d5ce5000}> (0x00000000d5ce5000) 
thrown [s\src\hotspot\share\runtime\sharedRuntime.cpp, line 625]
Event: 259.002 Thread 0x000002edd5f2aa30 Implicit null exception at 0x000002ed800f1f9b to 0x000002ed800f2555
Event: 259.002 Thread 0x000002edd5f2aa30 Exception <a 'java/lang/NullPointerException'{0x00000000d5ce6db8}> (0x00000000d5ce6db8) 
thrown [s\src\hotspot\share\runtime\sharedRuntime.cpp, line 625]
Event: 259.002 Thread 0x000002edd5f2aa30 Implicit null exception at 0x000002ed800f1f9b to 0x000002ed800f2555
Event: 259.002 Thread 0x000002edd5f2aa30 Exception <a 'java/lang/NullPointerException'{0x00000000d5ce7270}> (0x00000000d5ce7270) 
thrown [s\src\hotspot\share\runtime\sharedRuntime.cpp, line 625]

ZGC Phase Switch (0 events):
No events

VM Operations (20 events):
Event: 256.058 Executing VM operation: ParallelGCFailedAllocation (Allocation Failure) done
Event: 256.561 Executing VM operation: ParallelGCFailedAllocation (Allocation Failure)
Event: 256.574 Executing VM operation: ParallelGCFailedAllocation (Allocation Failure) done
Event: 256.935 Executing VM operation: ParallelGCFailedAllocation (Allocation Failure)
Event: 256.952 Executing VM operation: ParallelGCFailedAllocation (Allocation Failure) done
Event: 257.052 Executing VM operation: HandshakeAllThreads (Deoptimize)
Event: 257.052 Executing VM operation: HandshakeAllThreads (Deoptimize) done
Event: 257.548 Executing VM operation: ParallelGCFailedAllocation (Allocation Failure)
Event: 257.565 Executing VM operation: ParallelGCFailedAllocation (Allocation Failure) done
Event: 257.764 Executing VM operation: ParallelGCFailedAllocation (Allocation Failure)
Event: 257.777 Executing VM operation: ParallelGCFailedAllocation (Allocation Failure) done
Event: 257.986 Executing VM operation: ParallelGCFailedAllocation (Allocation Failure)
Event: 257.998 Executing VM operation: ParallelGCFailedAllocation (Allocation Failure) done
Event: 258.250 Executing VM operation: ParallelGCFailedAllocation (Allocation Failure)
Event: 258.284 Executing VM operation: ParallelGCFailedAllocation (Allocation Failure) done
Event: 258.607 Executing VM operation: ParallelGCFailedAllocation (Allocation Failure)
Event: 258.619 Executing VM operation: ParallelGCFailedAllocation (Allocation Failure) done
Event: 258.769 Executing VM operation: ParallelGCFailedAllocation (Allocation Failure)
Event: 258.782 Executing VM operation: ParallelGCFailedAllocation (Allocation Failure) done
Event: 259.040 Executing VM operation: ParallelGCFailedAllocation (Allocation Failure)

Memory protections (0 events):
No events

Nmethod flushes (20 events):
Event: 141.593 Thread 0x000002edf76b24b0 flushing  nmethod 0x000002ed81411f90
Event: 141.593 Thread 0x000002edf76b24b0 flushing  nmethod 0x000002ed81425f90
Event: 141.593 Thread 0x000002edf76b24b0 flushing  nmethod 0x000002ed8145a490
Event: 141.593 Thread 0x000002edf76b24b0 flushing  nmethod 0x000002ed81466010
Event: 141.593 Thread 0x000002edf76b24b0 flushing  nmethod 0x000002ed8146ee90
Event: 141.593 Thread 0x000002edf76b24b0 flushing  nmethod 0x000002ed81483890
Event: 141.593 Thread 0x000002edf76b24b0 flushing  nmethod 0x000002ed81499990
Event: 141.593 Thread 0x000002edf76b24b0 flushing  nmethod 0x000002ed8149a190
Event: 141.593 Thread 0x000002edf76b24b0 flushing  nmethod 0x000002ed8149a910
Event: 141.593 Thread 0x000002edf76b24b0 flushing  nmethod 0x000002ed8149ae90
Event: 141.593 Thread 0x000002edf76b24b0 flushing  nmethod 0x000002ed8149c210
Event: 141.593 Thread 0x000002edf76b24b0 flushing  nmethod 0x000002ed814a1810
Event: 141.593 Thread 0x000002edf76b24b0 flushing  nmethod 0x000002ed814a2c10
Event: 141.593 Thread 0x000002edf76b24b0 flushing  nmethod 0x000002ed814ae110
Event: 141.593 Thread 0x000002edf76b24b0 flushing  nmethod 0x000002ed814b2910
Event: 141.594 Thread 0x000002edf76b24b0 flushing  nmethod 0x000002ed814b9a10
Event: 141.594 Thread 0x000002edf76b24b0 flushing  nmethod 0x000002ed814bae90
Event: 141.594 Thread 0x000002edf76b24b0 flushing  nmethod 0x000002ed814cf590
Event: 141.594 Thread 0x000002edf76b24b0 flushing  nmethod 0x000002ed814fde90
Event: 141.594 Thread 0x000002edf76b24b0 flushing  nmethod 0x000002ed81581b10

Events (20 events):
Event: 216.275 Thread 0x000002edd5f2cb00 Thread exited: 0x000002edd5f2cb00
Event: 225.884 Thread 0x000002edd09e4080 Thread added: 0x000002edd670fdc0
Event: 225.885 Thread 0x000002edd09e4080 Thread added: 0x000002edd670c740
Event: 226.200 Thread 0x000002edd670c740 Thread exited: 0x000002edd670c740
Event: 226.332 Thread 0x000002edd670fdc0 Thread exited: 0x000002edd670fdc0
Event: 226.487 Thread 0x000002edf76bd3b0 Thread added: 0x000002edd670fdc0
Event: 227.844 Thread 0x000002edd670fdc0 Thread exited: 0x000002edd670fdc0
Event: 239.560 Thread 0x000002edf76bd3b0 Thread added: 0x000002edd670e950
Event: 239.773 Thread 0x000002edd670e950 Thread exited: 0x000002edd670e950
Event: 239.881 Thread 0x000002edd09e4080 Thread added: 0x000002edd670e950
Event: 240.590 Thread 0x000002edd670e950 Thread exited: 0x000002edd670e950
Event: 241.036 Thread 0x000002edf76bd3b0 Thread added: 0x000002edd670c740
Event: 241.272 Thread 0x000002edd670c740 Thread exited: 0x000002edd670c740
Event: 241.431 Thread 0x000002edd09e4080 Thread added: 0x000002edd670e950
Event: 243.335 Thread 0x000002edd670e950 Thread exited: 0x000002edd670e950
Event: 244.154 Thread 0x000002edd5f2aa30 Thread added: 0x000002edd7f41e90
Event: 244.275 Thread 0x000002edd09e4080 Thread added: 0x000002edd670e950
Event: 247.957 Thread 0x000002edd670e950 Thread exited: 0x000002edd670e950
Event: 255.126 Thread 0x000002edd7f41e90 Thread added: 0x000002edd7f3f730
Event: 257.370 Thread 0x000002edd7f41e90 Thread added: 0x000002edd7f466c0


Dynamic libraries:
0x00007ff6cec90000 - 0x00007ff6cec9e000 	c:\Users\Usuario\.vscode\extensions\redhat.java-1.50.0-win32-x64\jre\21.0.9-win32-x86_64\bin\java.exe
0x00007ffffb660000 - 0x00007ffffb8c8000 	C:\WINDOWS\SYSTEM32\ntdll.dll
0x00007ffff9fd0000 - 0x00007ffffa099000 	C:\WINDOWS\System32\KERNEL32.DLL
0x00007ffff9000000 - 0x00007ffff93f8000 	C:\WINDOWS\System32\KERNELBASE.dll
0x00007ffff8eb0000 - 0x00007ffff8ffb000 	C:\WINDOWS\System32\ucrtbase.dll
0x00007fffdd660000 - 0x00007fffdd678000 	c:\Users\Usuario\.vscode\extensions\redhat.java-1.50.0-win32-x64\jre\21.0.9-win32-x86_64\bin\jli.dll
0x00007ffffadc0000 - 0x00007ffffaf87000 	C:\WINDOWS\System32\USER32.dll
0x00007fffdcf60000 - 0x00007fffdcf7e000 	c:\Users\Usuario\.vscode\extensions\redhat.java-1.50.0-win32-x64\jre\21.0.9-win32-x86_64\bin\VCRUNTIME140.dll
0x00007ffff87b0000 - 0x00007ffff87d7000 	C:\WINDOWS\System32\win32u.dll
0x00007ffffb3b0000 - 0x00007ffffb3db000 	C:\WINDOWS\System32\GDI32.dll
0x00007fffe5490000 - 0x00007fffe5724000 	C:\WINDOWS\WinSxS\amd64_microsoft.windows.common-controls_6595b64144ccf1df_6.0.26100.7019_none_3e06ffa0e335b8a8\COMCTL32.dll
0x00007ffff8ad0000 - 0x00007ffff8bfc000 	C:\WINDOWS\System32\gdi32full.dll
0x00007ffff9490000 - 0x00007ffff9539000 	C:\WINDOWS\System32\msvcrt.dll
0x00007ffff8e00000 - 0x00007ffff8ea3000 	C:\WINDOWS\System32\msvcp_win.dll
0x00007ffffa0a0000 - 0x00007ffffa0d1000 	C:\WINDOWS\System32\IMM32.DLL
0x00007ffff17c0000 - 0x00007ffff17cc000 	c:\Users\Usuario\.vscode\extensions\redhat.java-1.50.0-win32-x64\jre\21.0.9-win32-x86_64\bin\vcruntime140_1.dll
0x00007fffb3c00000 - 0x00007fffb3c8d000 	c:\Users\Usuario\.vscode\extensions\redhat.java-1.50.0-win32-x64\jre\21.0.9-win32-x86_64\bin\msvcp140.dll
0x00007fff56700000 - 0x00007fff574a0000 	c:\Users\Usuario\.vscode\extensions\redhat.java-1.50.0-win32-x64\jre\21.0.9-win32-x86_64\bin\server\jvm.dll
0x00007ffff9970000 - 0x00007ffff9a24000 	C:\WINDOWS\System32\ADVAPI32.dll
0x00007ffff9540000 - 0x00007ffff95e6000 	C:\WINDOWS\System32\sechost.dll
0x00007ffff9790000 - 0x00007ffff98a8000 	C:\WINDOWS\System32\RPCRT4.dll
0x00007ffff9ec0000 - 0x00007ffff9f34000 	C:\WINDOWS\System32\WS2_32.dll
0x00007ffff8630000 - 0x00007ffff868e000 	C:\WINDOWS\SYSTEM32\POWRPROF.dll
0x00007ffff1170000 - 0x00007ffff11a5000 	C:\WINDOWS\SYSTEM32\WINMM.dll
0x00007ffff11b0000 - 0x00007ffff11bb000 	C:\WINDOWS\SYSTEM32\VERSION.dll
0x00007ffff8610000 - 0x00007ffff8624000 	C:\WINDOWS\SYSTEM32\UMPDC.dll
0x00007ffff7570000 - 0x00007ffff758b000 	C:\WINDOWS\SYSTEM32\kernel.appcore.dll
0x00007fffec6c0000 - 0x00007fffec6ca000 	c:\Users\Usuario\.vscode\extensions\redhat.java-1.50.0-win32-x64\jre\21.0.9-win32-x86_64\bin\jimage.dll
0x00007fffed300000 - 0x00007fffed542000 	C:\WINDOWS\SYSTEM32\DBGHELP.DLL
0x00007ffffaa20000 - 0x00007ffffadab000 	C:\WINDOWS\System32\combase.dll
0x00007ffffa840000 - 0x00007ffffa917000 	C:\WINDOWS\System32\OLEAUT32.dll
0x00007fffe39a0000 - 0x00007fffe39dc000 	C:\WINDOWS\SYSTEM32\dbgcore.DLL
0x00007ffff8d50000 - 0x00007ffff8df5000 	C:\WINDOWS\System32\bcryptPrimitives.dll
0x00007fffec5b0000 - 0x00007fffec5bf000 	c:\Users\Usuario\.vscode\extensions\redhat.java-1.50.0-win32-x64\jre\21.0.9-win32-x86_64\bin\instrument.dll
0x00007fffd6720000 - 0x00007fffd6740000 	c:\Users\Usuario\.vscode\extensions\redhat.java-1.50.0-win32-x64\jre\21.0.9-win32-x86_64\bin\java.dll
0x00007ffffa0e0000 - 0x00007ffffa82f000 	C:\WINDOWS\System32\SHELL32.dll
0x00007ffff8960000 - 0x00007ffff8acb000 	C:\WINDOWS\System32\wintypes.dll
0x00007ffff63c0000 - 0x00007ffff6c1d000 	C:\WINDOWS\SYSTEM32\windows.storage.dll
0x00007ffffa920000 - 0x00007ffffaa12000 	C:\WINDOWS\System32\SHCORE.dll
0x00007ffff9f40000 - 0x00007ffff9fa7000 	C:\WINDOWS\System32\shlwapi.dll
0x00007ffff86d0000 - 0x00007ffff86f9000 	C:\WINDOWS\SYSTEM32\profapi.dll
0x00007fffd6530000 - 0x00007fffd6548000 	c:\Users\Usuario\.vscode\extensions\redhat.java-1.50.0-win32-x64\jre\21.0.9-win32-x86_64\bin\zip.dll
0x00007fffeadc0000 - 0x00007fffeadd0000 	C:\Users\Usuario\.vscode\extensions\redhat.java-1.50.0-win32-x64\jre\21.0.9-win32-x86_64\bin\net.dll
0x00007fffee0d0000 - 0x00007fffee1f8000 	C:\WINDOWS\SYSTEM32\WINHTTP.dll
0x00007ffff7ae0000 - 0x00007ffff7b4b000 	C:\WINDOWS\system32\mswsock.dll
0x00007fffd5df0000 - 0x00007fffd5e06000 	C:\Users\Usuario\.vscode\extensions\redhat.java-1.50.0-win32-x64\jre\21.0.9-win32-x86_64\bin\nio.dll
0x00007fffea920000 - 0x00007fffea930000 	c:\Users\Usuario\.vscode\extensions\redhat.java-1.50.0-win32-x64\jre\21.0.9-win32-x86_64\bin\verify.dll
0x00007fffb0920000 - 0x00007fffb0964000 	C:\Users\Usuario\AppData\Roaming\Code\User\globalStorage\redhat.java\1.50.0\config_win\org.eclipse.equinox.launcher\org.eclipse.equinox.launcher.win32.win32.x86_64_1.2.1400.v20250801-0854\eclipse_11916.dll
0x00007ffff95f0000 - 0x00007ffff9787000 	C:\WINDOWS\System32\ole32.dll
0x00007fffdf6b0000 - 0x00007fffdf6ba000 	C:\Users\Usuario\.vscode\extensions\redhat.java-1.50.0-win32-x64\jre\21.0.9-win32-x86_64\bin\management.dll
0x00007fffdf6a0000 - 0x00007fffdf6ac000 	C:\Users\Usuario\.vscode\extensions\redhat.java-1.50.0-win32-x64\jre\21.0.9-win32-x86_64\bin\management_ext.dll
0x00007ffffadb0000 - 0x00007ffffadb8000 	C:\WINDOWS\System32\PSAPI.DLL
0x00007ffff7da0000 - 0x00007ffff7dbb000 	C:\WINDOWS\SYSTEM32\CRYPTSP.dll
0x00007ffff74b0000 - 0x00007ffff74ea000 	C:\WINDOWS\system32\rsaenh.dll
0x00007ffff7b90000 - 0x00007ffff7bbb000 	C:\WINDOWS\SYSTEM32\USERENV.dll
0x00007ffff86a0000 - 0x00007ffff86ca000 	C:\WINDOWS\SYSTEM32\bcrypt.dll
0x00007ffff7dc0000 - 0x00007ffff7dcc000 	C:\WINDOWS\SYSTEM32\CRYPTBASE.dll
0x00007ffff6f30000 - 0x00007ffff6f64000 	C:\WINDOWS\SYSTEM32\IPHLPAPI.DLL
0x00007ffffb320000 - 0x00007ffffb32a000 	C:\WINDOWS\System32\NSI.dll
0x00007fffae900000 - 0x00007fffae949000 	C:\Users\Usuario\AppData\Local\Temp\jna-1531808526\jna11624330070428574728.dll
0x00007fffee0a0000 - 0x00007fffee0be000 	C:\WINDOWS\SYSTEM32\dhcpcsvc6.DLL
0x00007fffed870000 - 0x00007fffed893000 	C:\WINDOWS\SYSTEM32\dhcpcsvc.DLL
0x00007fffdd640000 - 0x00007fffdd64e000 	C:\Users\Usuario\.vscode\extensions\redhat.java-1.50.0-win32-x64\jre\21.0.9-win32-x86_64\bin\sunmscapi.dll
0x00007ffff87e0000 - 0x00007ffff8957000 	C:\WINDOWS\System32\CRYPT32.dll
0x00007ffff7fc0000 - 0x00007ffff7ff0000 	C:\WINDOWS\SYSTEM32\ncrypt.dll
0x00007ffff7f70000 - 0x00007ffff7faf000 	C:\WINDOWS\SYSTEM32\NTASN1.dll
0x00007ffff6f70000 - 0x00007ffff709c000 	C:\WINDOWS\SYSTEM32\DNSAPI.dll
0x00007fffeec30000 - 0x00007fffeec3b000 	C:\Windows\System32\rasadhlp.dll
0x00007fffebf30000 - 0x00007fffebfb6000 	C:\WINDOWS\System32\fwpuclnt.dll
0x00007fffd9ed0000 - 0x00007fffd9ed9000 	C:\Users\Usuario\.vscode\extensions\redhat.java-1.50.0-win32-x64\jre\21.0.9-win32-x86_64\bin\extnet.dll
0x00007ffff7690000 - 0x00007ffff76c6000 	C:\WINDOWS\SYSTEM32\ntmarta.dll

JVMTI agents:
c:\Users\Usuario\.vscode\extensions\redhat.java-1.50.0-win32-x64\lombok\lombok-1.18.39-4050.jar path:c:\Users\Usuario\.vscode\extensions\redhat.java-1.50.0-win32-x64\jre\21.0.9-win32-x86_64\bin\instrument.dll, loaded, initialized, instrumentlib options:none

dbghelp: loaded successfully - version: 4.0.5 - missing functions: none
symbol engine: initialized successfully - sym options: 0x614 - pdb path: .;c:\Users\Usuario\.vscode\extensions\redhat.java-1.50.0-win32-x64\jre\21.0.9-win32-x86_64\bin;C:\WINDOWS\SYSTEM32;C:\WINDOWS\WinSxS\amd64_microsoft.windows.common-controls_6595b64144ccf1df_6.0.26100.7019_none_3e06ffa0e335b8a8;c:\Users\Usuario\.vscode\extensions\redhat.java-1.50.0-win32-x64\jre\21.0.9-win32-x86_64\bin\server;C:\Users\Usuario\AppData\Roaming\Code\User\globalStorage\redhat.java\1.50.0\config_win\org.eclipse.equinox.launcher\org.eclipse.equinox.launcher.win32.win32.x86_64_1.2.1400.v20250801-0854;C:\Users\Usuario\AppData\Local\Temp\jna-1531808526

VM Arguments:
jvm_args: --add-modules=ALL-SYSTEM --add-opens=java.base/java.util=ALL-UNNAMED --add-opens=java.base/java.lang=ALL-UNNAMED --add-opens=java.base/sun.nio.fs=ALL-UNNAMED -Declipse.application=org.eclipse.jdt.ls.core.id1 -Dosgi.bundles.defaultStartLevel=4 -Declipse.product=org.eclipse.jdt.ls.core.product -Djava.import.generatesMetadataFilesAtProjectRoot=false -DDetectVMInstallationsJob.disabled=true -Dfile.encoding=utf8 -XX:+UseParallelGC -XX:GCTimeRatio=4 -XX:AdaptiveSizePolicyWeight=90 -Dsun.zip.disableMemoryMapping=true -Xmx2G -Xms100m -Xlog:disable -javaagent:c:\Users\Usuario\.vscode\extensions\redhat.java-1.50.0-win32-x64\lombok\lombok-1.18.39-4050.jar -XX:+HeapDumpOnOutOfMemoryError -XX:HeapDumpPath=c:\Users\Usuario\AppData\Roaming\Code\User\workspaceStorage\3290bd3818acd87b15c08c63775ab107\redhat.java -Daether.dependencyCollector.impl=bf 
java_command: c:\Users\Usuario\.vscode\extensions\redhat.java-1.50.0-win32-x64\server\plugins\org.eclipse.equinox.launcher_1.7.100.v20251111-0406.jar -configuration c:\Users\Usuario\AppData\Roaming\Code\User\globalStorage\redhat.java\1.50.0\config_win -data c:\Users\Usuario\AppData\Roaming\Code\User\workspaceStorage\3290bd3818acd87b15c08c63775ab107\redhat.java\jdt_ws --pipe=\\.\pipe\lsp-4c22d625d0e7ab64e663812192481c65-sock
java_class_path (initial): c:\Users\Usuario\.vscode\extensions\redhat.java-1.50.0-win32-x64\server\plugins\org.eclipse.equinox.launcher_1.7.100.v20251111-0406.jar
Launcher Type: SUN_STANDARD

[Global flags]
    uintx AdaptiveSizePolicyWeight                 = 90                                        {product} {command line}
     intx CICompilerCount                          = 4                                         {product} {ergonomic}
    uintx GCTimeRatio                              = 4                                         {product} {command line}
     bool HeapDumpOnOutOfMemoryError               = true                                   {manageable} {command line}
    ccstr HeapDumpPath                             = c:\Users\Usuario\AppData\Roaming\Code\User\workspaceStorage\3290bd3818acd87b15c08c63775ab107\redhat.java         {manageable} {command line}
   size_t InitialHeapSize                          = 104857600                                 {product} {command line}
   size_t MaxHeapSize                              = 2147483648                                {product} {command line}
   size_t MaxNewSize                               = 715653120                                 {product} {ergonomic}
   size_t MinHeapDeltaBytes                        = 524288                                    {product} {ergonomic}
   size_t MinHeapSize                              = 104857600                                 {product} {command line}
   size_t NewSize                                  = 34603008                                  {product} {ergonomic}
    uintx NonNMethodCodeHeapSize                   = 5839372                                {pd product} {ergonomic}
    uintx NonProfiledCodeHeapSize                  = 122909434                              {pd product} {ergonomic}
   size_t OldSize                                  = 70254592                                  {product} {ergonomic}
    uintx ProfiledCodeHeapSize                     = 122909434                              {pd product} {ergonomic}
    uintx ReservedCodeCacheSize                    = 251658240                              {pd product} {ergonomic}
     bool SegmentedCodeCache                       = true                                      {product} {ergonomic}
   size_t SoftMaxHeapSize                          = 2147483648                             {manageable} {ergonomic}
     bool UseCompressedOops                        = true                           {product lp64_product} {ergonomic}
     bool UseLargePagesIndividualAllocation        = false                                  {pd product} {ergonomic}
     bool UseParallelGC                            = true                                      {product} {command line}

Logging:
Log output configuration:
 #0: stdout all=off uptime,level,tags foldmultilines=false
 #1: stderr all=off uptime,level,tags foldmultilines=false

Release file:
JAVA_VERSION="21.0.9" 
MODULES="java.base java.compiler java.datatransfer java.xml java.prefs java.desktop java.instrument java.logging java.management java.security.sasl java.naming java.rmi java.management.rmi java.net.http java.scripting java.security.jgss java.transaction.xa java.sql java.sql.rowset java.xml.crypto java.se java.smartcardio jdk.accessibility jdk.internal.jvmstat jdk.attach jdk.charsets jdk.internal.opt jdk.zipfs jdk.compiler jdk.crypto.ec jdk.crypto.cryptoki jdk.crypto.mscapi jdk.dynalink jdk.internal.ed jdk.editpad jdk.hotspot.agent jdk.httpserver jdk.internal.le jdk.internal.vm.ci jdk.internal.vm.compiler jdk.internal.vm.compiler.management jdk.jartool jdk.javadoc jdk.jcmd jdk.management jdk.management.agent jdk.jconsole jdk.jdeps jdk.jdwp.agent jdk.jdi jdk.jfr jdk.jshell jdk.jsobject jdk.jstatd jdk.localedata jdk.management.jfr jdk.naming.dns jdk.naming.rmi jdk.net jdk.nio.mapmode jdk.random jdk.sctp jdk.security.auth jdk.security.jgss jdk.unsupported jdk.unsupported.desktop jdk.xml.dom" 

Environment Variables:
JAVA_HOME=C:\Program Files\Java\jdk-21
PATH=C:\Program Files\Common Files\Oracle\Java\javapath;C:\Program Files\Python38\Scripts\;C:\Program Files\Python38\;C:\ProgramData\Oracle\Java\javapath;C:\WINDOWS\system32;C:\WINDOWS;C:\WINDOWS\System32\Wbem;C:\WINDOWS\System32\WindowsPowerShell\v1.0\;C:\WINDOWS\System32\OpenSSH\;C:\Program Files\dotnet\;C:\Program Files\Git\cmd;C:\Program Files\nodejs\;C:\ProgramData\chocolatey\bin;C:\ProgramData\chocolatey\lib\maven\apache-maven-3.9.9\bin;C:\Program Files\MySQL\MySQL Server 8.0\bin;C:\Program Files (x86)\Microsoft SQL Server\160\Tools\Binn\;C:\Program Files\Microsoft SQL Server\160\Tools\Binn\;C:\Program Files\Microsoft SQL Server\Client SDK\ODBC\170\Tools\Binn\;C:\Program Files\Microsoft SQL Server\160\DTS\Binn\;C:\Program Files (x86)\Microsoft SQL Server\160\DTS\Binn\;C:\Program Files\Java\jdk-21\bin;;C:\Program Files\Docker\Docker\resources\bin;C:\Users\Usuario\AppData\Local\Microsoft\WindowsApps;C:\Program Files\nodejs;C:\sqlite;C:\Users\Usuario\AppData\Local\Programs\Microsoft VS Code\bin;C:\Users\Usuario\AppData\Local\Microsoft\WinGet\Packages\Schniz.fnm_Microsoft.Winget.Source_8wekyb3d8bbwe;C:\Users\Usuario\AppData\Roaming\npm;C:\Program Files\JetBrains\IntelliJ IDEA 2024.2\bin;;%M2_HOME%\bin;C:\Users\Usuario\AppData\Local\GitHubDesktop\bin;C:\Program Files\Inkscape\bin;
USERNAME=Usuario
LANG=en_US.UTF-8
OS=Windows_NT
PROCESSOR_IDENTIFIER=AMD64 Family 23 Model 24 Stepping 1, AuthenticAMD
TMP=C:\Users\Usuario\AppData\Local\Temp
TEMP=C:\Users\Usuario\AppData\Local\Temp




Periodic native trim disabled

---------------  S Y S T E M  ---------------

OS:
 Windows 11 , 64 bit Build 26100 (10.0.26100.7019)
OS uptime: 5 days 6:14 hours
Hyper-V role detected

CPU: total 8 (initial active 8) (8 cores per cpu, 2 threads per core) family 23 model 24 stepping 1 microcode 0x810810d, cx8, cmov, fxsr, ht, mmx, 3dnowpref, sse, sse2, sse3, ssse3, sse4a, sse4.1, sse4.2, popcnt, lzcnt, tsc, tscinvbit, avx, avx2, aes, clmul, bmi1, bmi2, adx, sha, fma, vzeroupper, clflush, clflushopt, hv, rdtscp, f16c
Processor Information for the first 8 processors :
  Max Mhz: 2100, Current Mhz: 1700, Mhz Limit: 2100

Memory: 4k page, system-wide physical 6030M (315M free)
TotalPageFile size 24462M (AvailPageFile size 21M)
current process WorkingSet (physical memory assigned to process): 290M, peak: 691M
current process commit charge ("private bytes"): 1286M, peak: 1286M

vm_info: OpenJDK 64-Bit Server VM (21.0.9+10-LTS) for windows-amd64 JRE (21.0.9+10-LTS), built on 2025-10-21T00:00:00Z by "admin" with unknown MS VC++:1942

END.
