#
# There is insufficient memory for the Java Runtime Environment to continue.
# Native memory allocation (malloc) failed to allocate 1048576 bytes. Error detail: AllocateHeap
# Possible reasons:
#   The system is out of physical RAM or swap space
#   This process is running with CompressedOops enabled, and the Java Heap may be blocking the growth of the native heap
# Possible solutions:
#   Reduce memory load on the system
#   Increase physical memory or swap space
#   Check if swap backing store is full
#   Decrease Java heap size (-Xmx/-Xms)
#   Decrease number of Java threads
#   Decrease Java thread stack sizes (-Xss)
#   Set larger code cache with -XX:ReservedCodeCacheSize=
#   JVM is running with Unscaled Compressed Oops mode in which the Java heap is
#     placed in the first 4GB address space. The Java Heap base address is the
#     maximum limit for the native heap growth. Please use -XX:HeapBaseMinAddress
#     to set the Java Heap base and to place the Java Heap above 4GB virtual address.
# This output file may be truncated or incomplete.
#
#  Out of Memory Error (allocation.cpp:44), pid=8500, tid=32856
#
# JRE version: OpenJDK Runtime Environment Temurin-21.0.8+9 (21.0.8+9) (build 21.0.8+9-LTS)
# Java VM: OpenJDK 64-Bit Server VM Temurin-21.0.8+9 (21.0.8+9-LTS, mixed mode, sharing, tiered, compressed oops, compressed class ptrs, parallel gc, windows-amd64)
# No core dump will be written. Minidumps are not enabled by default on client versions of Windows
#

---------------  S U M M A R Y ------------

Command Line: --add-modules=ALL-SYSTEM --add-opens=java.base/java.util=ALL-UNNAMED --add-opens=java.base/java.lang=ALL-UNNAMED --add-opens=java.base/sun.nio.fs=ALL-UNNAMED -Declipse.application=org.eclipse.jdt.ls.core.id1 -Dosgi.bundles.defaultStartLevel=4 -Declipse.product=org.eclipse.jdt.ls.core.product -Djava.import.generatesMetadataFilesAtProjectRoot=false -DDetectVMInstallationsJob.disabled=true -Dfile.encoding=utf8 -XX:+UseParallelGC -XX:GCTimeRatio=4 -XX:AdaptiveSizePolicyWeight=90 -Dsun.zip.disableMemoryMapping=true -Xmx2G -Xms100m -Xlog:disable -javaagent:c:\Users\Usuario\.vscode\extensions\redhat.java-1.47.0-win32-x64\lombok\lombok-1.18.39-4050.jar -XX:+HeapDumpOnOutOfMemoryError -XX:HeapDumpPath=c:\Users\Usuario\AppData\Roaming\Code\User\workspaceStorage\04da0689b7dc9fab729488560993929f\redhat.java -Daether.dependencyCollector.impl=bf c:\Users\Usuario\.vscode\extensions\redhat.java-1.47.0-win32-x64\server\plugins\org.eclipse.equinox.launcher_1.7.100.v20251014-1222.jar -configuration c:\Users\Usuario\AppData\Roaming\Code\User\globalStorage\redhat.java\1.47.0\config_win -data c:\Users\Usuario\AppData\Roaming\Code\User\workspaceStorage\04da0689b7dc9fab729488560993929f\redhat.java\jdt_ws --pipe=\\.\pipe\lsp-e0c3d33f0529ecda42a0c663d3e59823-sock

Host: AMD Ryzen 5 3450U with Radeon Vega Mobile Gfx  , 8 cores, 5G,  Windows 11 , 64 bit Build 26100 (10.0.26100.5074)
Time: Sun Nov  9 11:24:22 2025 Hora est嫕dar de Argentina elapsed time: 604.760576 seconds (0d 0h 10m 4s)

---------------  T H R E A D  ---------------

Current thread (0x0000028442b5e0e0):  JavaThread "Attach Listener" daemon [_thread_in_vm, id=32856, stack(0x000000a15f800000,0x000000a15f900000) (1024K)]

Stack: [0x000000a15f800000,0x000000a15f900000]
Native frames: (J=compiled Java code, j=interpreted, Vv=VM code, C=native code)
V  [jvm.dll+0x6d2449]
V  [jvm.dll+0x8ae341]
V  [jvm.dll+0x8b08be]
V  [jvm.dll+0x8b0fa3]
V  [jvm.dll+0x280c96]
V  [jvm.dll+0xc0347]
V  [jvm.dll+0x6d2cf9]
V  [jvm.dll+0x131116]
V  [jvm.dll+0x3f2d16]
V  [jvm.dll+0x857e6b]
V  [jvm.dll+0x6d0b0d]
C  [ucrtbase.dll+0x37b0]
C  [KERNEL32.DLL+0x2e8d7]
C  [ntdll.dll+0x8d9c]


---------------  P R O C E S S  ---------------

Threads class SMR info:
_java_thread_list=0x00000284a94ca460, length=60, elements={
0x000002844083fa90, 0x0000028442b58400, 0x0000028442c9d920, 0x0000028442b61560,
0x0000028442b5e0e0, 0x0000028442b5f490, 0x0000028442b5fb20, 0x0000028442b68da0,
0x00000284a0056d00, 0x0000028442b5e770, 0x0000028442b5ee00, 0x0000028442b601b0,
0x0000028442b60840, 0x0000028442b60ed0, 0x00000284a0bb0590, 0x00000284a0bb0c20,
0x00000284a0bb12b0, 0x00000284a0bb2cf0, 0x00000284a0bb2660, 0x00000284a0bb3380,
0x00000284a0bb4dc0, 0x00000284a0bb6e90, 0x00000284a0bb5450, 0x00000284a0bb3a10,
0x00000284a0bb5ae0, 0x00000284a0bb4730, 0x00000284a0bb6800, 0x00000284a0bb6170,
0x00000284a2ba05e0, 0x00000284a2ba3a60, 0x00000284a2ba40f0, 0x00000284a2ba2d40,
0x00000284a2ba33d0, 0x00000284a2ba6ee0, 0x00000284a2ba6850, 0x00000284a0d10800,
0x00000284a0d10e90, 0x00000284a0d149a0, 0x00000284a0d128d0, 0x00000284a0d11bb0,
0x00000284ab806eb0, 0x00000284ab804750, 0x00000284ab8088f0, 0x00000284ab808f80,
0x00000284a2ba26b0, 0x00000284ab807bd0, 0x00000284a0d11520, 0x00000284a8b02cb0,
0x00000284a8b039d0, 0x00000284a8b03340, 0x00000284a8b04060, 0x00000284a8b046f0,
0x00000284a8b04d80, 0x00000284a8b01f90, 0x00000284a8b02620, 0x00000284a475a980,
0x00000284a2ba7570, 0x00000284a2ba54a0, 0x00000284a2ba5b30, 0x00000284a2ba61c0
}

Java Threads: ( => current thread )
  0x000002844083fa90 JavaThread "main"                              [_thread_blocked, id=17608, stack(0x000000a15f100000,0x000000a15f200000) (1024K)]
  0x0000028442b58400 JavaThread "Reference Handler"          daemon [_thread_blocked, id=27100, stack(0x000000a15f500000,0x000000a15f600000) (1024K)]
  0x0000028442c9d920 JavaThread "Finalizer"                  daemon [_thread_blocked, id=28680, stack(0x000000a15f600000,0x000000a15f700000) (1024K)]
  0x0000028442b61560 JavaThread "Signal Dispatcher"          daemon [_thread_blocked, id=23116, stack(0x000000a15f700000,0x000000a15f800000) (1024K)]
=>0x0000028442b5e0e0 JavaThread "Attach Listener"            daemon [_thread_in_vm, id=32856, stack(0x000000a15f800000,0x000000a15f900000) (1024K)]
  0x0000028442b5f490 JavaThread "Service Thread"             daemon [_thread_blocked, id=9148, stack(0x000000a15f900000,0x000000a15fa00000) (1024K)]
  0x0000028442b5fb20 JavaThread "Monitor Deflation Thread"   daemon [_thread_blocked, id=29080, stack(0x000000a15fa00000,0x000000a15fb00000) (1024K)]
  0x0000028442b68da0 JavaThread "C2 CompilerThread0"         daemon [_thread_blocked, id=15772, stack(0x000000a15fb00000,0x000000a15fc00000) (1024K)]
  0x00000284a0056d00 JavaThread "C1 CompilerThread0"         daemon [_thread_blocked, id=20660, stack(0x000000a15fc00000,0x000000a15fd00000) (1024K)]
  0x0000028442b5e770 JavaThread "Common-Cleaner"             daemon [_thread_blocked, id=15092, stack(0x000000a15fd00000,0x000000a15fe00000) (1024K)]
  0x0000028442b5ee00 JavaThread "Notification Thread"        daemon [_thread_blocked, id=32260, stack(0x000000a15fe00000,0x000000a15ff00000) (1024K)]
  0x0000028442b601b0 JavaThread "Active Thread: Equinox Container: 5680033d-7fde-40f4-a5bb-a4fc65518f49"        [_thread_blocked, id=26324, stack(0x000000a15ff00000,0x000000a160000000) (1024K)]
  0x0000028442b60840 JavaThread "Refresh Thread: Equinox Container: 5680033d-7fde-40f4-a5bb-a4fc65518f49" daemon [_thread_blocked, id=18840, stack(0x000000a160700000,0x000000a160800000) (1024K)]
  0x0000028442b60ed0 JavaThread "Framework Event Dispatcher: Equinox Container: 5680033d-7fde-40f4-a5bb-a4fc65518f49" daemon [_thread_blocked, id=4532, stack(0x000000a160800000,0x000000a160900000) (1024K)]
  0x00000284a0bb0590 JavaThread "Start Level: Equinox Container: 5680033d-7fde-40f4-a5bb-a4fc65518f49" daemon [_thread_blocked, id=23176, stack(0x000000a160900000,0x000000a160a00000) (1024K)]
  0x00000284a0bb0c20 JavaThread "Bundle File Closer"         daemon [_thread_blocked, id=27236, stack(0x000000a160a00000,0x000000a160b00000) (1024K)]
  0x00000284a0bb12b0 JavaThread "SCR Component Actor"        daemon [_thread_blocked, id=7112, stack(0x000000a15ee00000,0x000000a15ef00000) (1024K)]
  0x00000284a0bb2cf0 JavaThread "Worker-JM"                         [_thread_blocked, id=12268, stack(0x000000a15ef00000,0x000000a15f000000) (1024K)]
  0x00000284a0bb2660 JavaThread "JNA Cleaner"                daemon [_thread_blocked, id=32980, stack(0x000000a160b00000,0x000000a160c00000) (1024K)]
  0x00000284a0bb3380 JavaThread "Java indexing"              daemon [_thread_blocked, id=9312, stack(0x000000a160f00000,0x000000a161000000) (1024K)]
  0x00000284a0bb4dc0 JavaThread "Worker-4"                          [_thread_blocked, id=20476, stack(0x000000a161400000,0x000000a161500000) (1024K)]
  0x00000284a0bb6e90 JavaThread "Thread-1"                   daemon [_thread_in_native, id=28228, stack(0x000000a161500000,0x000000a161600000) (1024K)]
  0x00000284a0bb5450 JavaThread "Thread-2"                   daemon [_thread_in_native, id=15072, stack(0x000000a161600000,0x000000a161700000) (1024K)]
  0x00000284a0bb3a10 JavaThread "Thread-3"                   daemon [_thread_in_native, id=30420, stack(0x000000a161700000,0x000000a161800000) (1024K)]
  0x00000284a0bb5ae0 JavaThread "Thread-4"                   daemon [_thread_in_native, id=1184, stack(0x000000a161800000,0x000000a161900000) (1024K)]
  0x00000284a0bb4730 JavaThread "Thread-5"                   daemon [_thread_in_native, id=1892, stack(0x000000a161900000,0x000000a161a00000) (1024K)]
  0x00000284a0bb6800 JavaThread "Thread-6"                   daemon [_thread_in_native, id=27560, stack(0x000000a161a00000,0x000000a161b00000) (1024K)]
  0x00000284a0bb6170 JavaThread "Thread-7"                   daemon [_thread_in_native, id=31932, stack(0x000000a161b00000,0x000000a161c00000) (1024K)]
  0x00000284a2ba05e0 JavaThread "Thread-8"                   daemon [_thread_in_native, id=17012, stack(0x000000a161c00000,0x000000a161d00000) (1024K)]
  0x00000284a2ba3a60 JavaThread "Thread-9"                   daemon [_thread_in_native, id=24268, stack(0x000000a161d00000,0x000000a161e00000) (1024K)]
  0x00000284a2ba40f0 JavaThread "pool-2-thread-1"                   [_thread_blocked, id=14880, stack(0x000000a161e00000,0x000000a161f00000) (1024K)]
  0x00000284a2ba2d40 JavaThread "WorkspaceEventsHandler"            [_thread_blocked, id=33764, stack(0x000000a161f00000,0x000000a162000000) (1024K)]
  0x00000284a2ba33d0 JavaThread "pool-1-thread-1"                   [_thread_blocked, id=33328, stack(0x000000a162000000,0x000000a162100000) (1024K)]
  0x00000284a2ba6ee0 JavaThread "Worker-8"                          [_thread_blocked, id=24992, stack(0x000000a162400000,0x000000a162500000) (1024K)]
  0x00000284a2ba6850 JavaThread "ForkJoinPool.commonPool-worker-1" daemon [_thread_blocked, id=29020, stack(0x000000a162500000,0x000000a162600000) (1024K)]
  0x00000284a0d10800 JavaThread "ForkJoinPool.commonPool-worker-3" daemon [_thread_blocked, id=1556, stack(0x000000a162700000,0x000000a162800000) (1024K)]
  0x00000284a0d10e90 JavaThread "ForkJoinPool.commonPool-worker-4" daemon [_thread_blocked, id=14052, stack(0x000000a162800000,0x000000a162900000) (1024K)]
  0x00000284a0d149a0 JavaThread "ForkJoinPool.commonPool-worker-5" daemon [_thread_blocked, id=31080, stack(0x000000a162900000,0x000000a162a00000) (1024K)]
  0x00000284a0d128d0 JavaThread "ForkJoinPool.commonPool-worker-6" daemon [_thread_blocked, id=2732, stack(0x000000a162a00000,0x000000a162b00000) (1024K)]
  0x00000284a0d11bb0 JavaThread "ForkJoinPool.commonPool-worker-7" daemon [_thread_blocked, id=13348, stack(0x000000a162b00000,0x000000a162c00000) (1024K)]
  0x00000284ab806eb0 JavaThread "LocalFile Deleter"          daemon [_thread_blocked, id=19488, stack(0x000000a163100000,0x000000a163200000) (1024K)]
  0x00000284ab804750 JavaThread "LocalFile Deleter"          daemon [_thread_blocked, id=31264, stack(0x000000a163200000,0x000000a163300000) (1024K)]
  0x00000284ab8088f0 JavaThread "Cleaner-0"                  daemon [_thread_blocked, id=30812, stack(0x000000a163800000,0x000000a163900000) (1024K)]
  0x00000284ab808f80 JavaThread "LocalFile Deleter"          daemon [_thread_blocked, id=11260, stack(0x000000a15f000000,0x000000a15f100000) (1024K)]
  0x00000284a2ba26b0 JavaThread "Compiler Source File Reader" daemon [_thread_blocked, id=28684, stack(0x000000a161100000,0x000000a161200000) (1024K)]
  0x00000284ab807bd0 JavaThread "Compiler Source File Reader" daemon [_thread_blocked, id=11756, stack(0x000000a162c00000,0x000000a162d00000) (1024K)]
  0x00000284a0d11520 JavaThread "Compiler Source File Reader" daemon [_thread_blocked, id=13992, stack(0x000000a163300000,0x000000a163400000) (1024K)]
  0x00000284a8b02cb0 JavaThread "Compiler Source File Reader" daemon [_thread_blocked, id=17020, stack(0x000000a163400000,0x000000a163500000) (1024K)]
  0x00000284a8b039d0 JavaThread "Compiler Source File Reader" daemon [_thread_blocked, id=20340, stack(0x000000a163900000,0x000000a163a00000) (1024K)]
  0x00000284a8b03340 JavaThread "Compiler Source File Reader" daemon [_thread_blocked, id=25704, stack(0x000000a163a00000,0x000000a163b00000) (1024K)]
  0x00000284a8b04060 JavaThread "Compiler Class File Writer" daemon [_thread_blocked, id=32404, stack(0x000000a163d00000,0x000000a163e00000) (1024K)]
  0x00000284a8b046f0 JavaThread "Compiler Class File Writer" daemon [_thread_blocked, id=3212, stack(0x000000a163f00000,0x000000a164000000) (1024K)]
  0x00000284a8b04d80 JavaThread "Compiler Class File Writer" daemon [_thread_blocked, id=21252, stack(0x000000a163e00000,0x000000a163f00000) (1024K)]
  0x00000284a8b01f90 JavaThread "Compiler Class File Writer" daemon [_thread_blocked, id=4428, stack(0x000000a164000000,0x000000a164100000) (1024K)]
  0x00000284a8b02620 JavaThread "Compiler Class File Writer" daemon [_thread_blocked, id=24596, stack(0x000000a164100000,0x000000a164200000) (1024K)]
  0x00000284a475a980 JavaThread "Compiler Class File Writer" daemon [_thread_blocked, id=23972, stack(0x000000a164200000,0x000000a164300000) (1024K)]
  0x00000284a2ba7570 JavaThread "Worker-9"                          [_thread_blocked, id=10200, stack(0x000000a160c00000,0x000000a160d00000) (1024K)]
  0x00000284a2ba54a0 JavaThread "Worker-10"                         [_thread_blocked, id=18160, stack(0x000000a160d00000,0x000000a160e00000) (1024K)]
  0x00000284a2ba5b30 JavaThread "Compiler Processing Task"   daemon [_thread_blocked, id=11044, stack(0x000000a161000000,0x000000a161100000) (1024K)]
  0x00000284a2ba61c0 JavaThread "Worker-11"                         [_thread_blocked, id=31848, stack(0x000000a161200000,0x000000a161300000) (1024K)]
Total: 60

Other Threads:
  0x00000284408fe940 VMThread "VM Thread"                           [id=12284, stack(0x000000a15f400000,0x000000a15f500000) (1024K)] _threads_hazard_ptr=0x00000284a94ca460
  0x0000028442c594e0 WatcherThread "VM Periodic Task Thread"        [id=23736, stack(0x000000a15f300000,0x000000a15f400000) (1024K)]
  0x0000028442c091a0 WorkerThread "GC Thread#0"                     [id=31244, stack(0x000000a15f200000,0x000000a15f300000) (1024K)]
  0x00000284a04078a0 WorkerThread "GC Thread#1"                     [id=33560, stack(0x000000a160000000,0x000000a160100000) (1024K)]
  0x00000284a0b279b0 WorkerThread "GC Thread#2"                     [id=30328, stack(0x000000a160100000,0x000000a160200000) (1024K)]
  0x00000284a0b27d50 WorkerThread "GC Thread#3"                     [id=20848, stack(0x000000a160200000,0x000000a160300000) (1024K)]
  0x00000284a0b28bd0 WorkerThread "GC Thread#4"                     [id=512, stack(0x000000a160300000,0x000000a160400000) (1024K)]
  0x00000284a0b28f70 WorkerThread "GC Thread#5"                     [id=13948, stack(0x000000a160400000,0x000000a160500000) (1024K)]
  0x00000284a0679b70 WorkerThread "GC Thread#6"                     [id=30292, stack(0x000000a160500000,0x000000a160600000) (1024K)]
  0x00000284a031ab60 WorkerThread "GC Thread#7"                     [id=33372, stack(0x000000a160600000,0x000000a160700000) (1024K)]
Total: 10

Threads with active compile tasks:
C2 CompilerThread0  604899 29168       4       org.eclipse.jdt.internal.compiler.lookup.ClassScope::detectHierarchyCycle (732 bytes)
Total: 1

VM state: synchronizing (normal execution)

VM Mutex/Monitor currently owned by a thread:  ([mutex/lock_event])
[0x00007ffc8d745458] Threads_lock - owner thread: 0x00000284408fe940

Heap address: 0x0000000080000000, size: 2048 MB, Compressed Oops mode: 32-bit

CDS archive(s) mapped at: [0x000002845a000000-0x000002845aba0000-0x000002845aba0000), size 12189696, SharedBaseAddress: 0x000002845a000000, ArchiveRelocationMode: 1.
Compressed class space mapped at: 0x000002845b000000-0x000002849b000000, reserved size: 1073741824
Narrow klass base: 0x000002845a000000, Narrow klass shift: 0, Narrow klass range: 0x100000000

GC Precious Log:
 CardTable entry size: 512
 CPUs: 8 total, 8 available
 Memory: 6030M
 Large Page Support: Disabled
 NUMA Support: Disabled
 Compressed Oops: Enabled (32-bit)
 Alignments: Space 512K, Generation 512K, Heap 2M
 Heap Min Capacity: 100M
 Heap Initial Capacity: 100M
 Heap Max Capacity: 2G
 Pre-touch: Disabled
 Parallel Workers: 8

Heap:
 PSYoungGen      total 60928K, used 48194K [0x00000000d5580000, 0x00000000da200000, 0x0000000100000000)
  eden space 56832K, 77% used [0x00000000d5580000,0x00000000d8094330,0x00000000d8d00000)
  from space 4096K, 99% used [0x00000000d9c80000,0x00000000da07c860,0x00000000da080000)
  to   space 1536K, 0% used [0x00000000da080000,0x00000000da080000,0x00000000da200000)
 ParOldGen       total 1185280K, used 539960K [0x0000000080000000, 0x00000000c8580000, 0x00000000d5580000)
  object space 1185280K, 45% used [0x0000000080000000,0x00000000a0f4e2c8,0x00000000c8580000)
 Metaspace       used 99468K, committed 101312K, reserved 1179648K
  class space    used 9997K, committed 10880K, reserved 1048576K

Card table byte_map: [0x0000028442580000,0x0000028442990000] _byte_map_base: 0x0000028442180000

Marking Bits: (ParMarkBitMap*) 0x00007ffc8d74a340
 Begin Bits: [0x0000028455080000, 0x0000028457080000)
 End Bits:   [0x0000028457080000, 0x0000028459080000)

Polling page: 0x00000284409a0000

Metaspace:

Usage:
  Non-class:     87.37 MB used.
      Class:      9.76 MB used.
       Both:     97.14 MB used.

Virtual space:
  Non-class space:      128.00 MB reserved,      88.31 MB ( 69%) committed,  2 nodes.
      Class space:        1.00 GB reserved,      10.62 MB (  1%) committed,  1 nodes.
             Both:        1.12 GB reserved,      98.94 MB (  9%) committed. 

Chunk freelists:
   Non-Class:  7.25 MB
       Class:  5.23 MB
        Both:  12.48 MB

MaxMetaspaceSize: unlimited
CompressedClassSpaceSize: 1.00 GB
Initial GC threshold: 21.00 MB
Current GC threshold: 160.00 MB
CDS: on
 - commit_granule_bytes: 65536.
 - commit_granule_words: 8192.
 - virtual_space_node_default_size: 8388608.
 - enlarge_chunks_in_place: 1.
 - use_allocation_guard: 0.


Internal statistics:

num_allocs_failed_limit: 9.
num_arena_births: 1756.
num_arena_deaths: 26.
num_vsnodes_births: 3.
num_vsnodes_deaths: 0.
num_space_committed: 1583.
num_space_uncommitted: 0.
num_chunks_returned_to_freelist: 42.
num_chunks_taken_from_freelist: 6668.
num_chunk_merges: 13.
num_chunk_splits: 3954.
num_chunks_enlarged: 2094.
num_inconsistent_stats: 0.

CodeHeap 'non-profiled nmethods': size=120000Kb used=27448Kb max_used=29287Kb free=92551Kb
 bounds [0x000002844d8a0000, 0x000002844f540000, 0x0000028454dd0000]
CodeHeap 'profiled nmethods': size=120000Kb used=49408Kb max_used=57222Kb free=70592Kb
 bounds [0x0000028445dd0000, 0x00000284495c0000, 0x000002844d300000]
CodeHeap 'non-nmethods': size=5760Kb used=1554Kb max_used=1643Kb free=4205Kb
 bounds [0x000002844d300000, 0x000002844d570000, 0x000002844d8a0000]
CodeCache: size=245760Kb, used=78410Kb, max_used=88152Kb, free=167348Kb
 total_blobs=21726, nmethods=20848, adapters=779, full_count=0
Compilation: enabled, stopped_count=0, restarted_count=0

Compilation events (20 events):
Event: 603.246 Thread 0x00000284a0056d00 nmethod 29181 0x000002844678d190 code [0x000002844678d340, 0x000002844678d550]
Event: 603.246 Thread 0x00000284a0056d00 29182       1       org.eclipse.jdt.core.dom.ImportDeclaration::isOnDemand (5 bytes)
Event: 603.246 Thread 0x00000284a0056d00 nmethod 29182 0x000002844dfa3390 code [0x000002844dfa3520, 0x000002844dfa35f0]
Event: 603.266 Thread 0x00000284a0056d00 29183       3       org.eclipse.jdt.internal.compiler.codegen.ConstantPool::putInDynamicCacheIfAbsent (213 bytes)
Event: 603.271 Thread 0x00000284a0056d00 nmethod 29183 0x0000028446b2b290 code [0x0000028446b2b560, 0x0000028446b2c3f8]
Event: 603.283 Thread 0x00000284a0056d00 29185   !   3       org.eclipse.core.internal.jobs.WorkerPool::startJob (345 bytes)
Event: 603.302 Thread 0x00000284a0056d00 nmethod 29185 0x0000028447236690 code [0x0000028447236c20, 0x0000028447239730]
Event: 603.302 Thread 0x00000284a0056d00 29184       3       org.eclipse.core.internal.jobs.Worker::setNormPriority (14 bytes)
Event: 603.304 Thread 0x00000284a0056d00 nmethod 29184 0x00000284474af810 code [0x00000284474af9e0, 0x00000284474afd50]
Event: 603.495 Thread 0x00000284a0056d00 29186       3       org.eclipse.jdt.internal.compiler.lookup.CompilationUnitScope::checkAndRecordImportBinding (708 bytes)
Event: 603.514 Thread 0x00000284a0056d00 nmethod 29186 0x0000028448a7f510 code [0x0000028448a7fb60, 0x0000028448a84598]
Event: 603.546 Thread 0x00000284a0056d00 29187       3       org.eclipse.jdt.core.dom.ASTConverter::convertToFieldDeclaration (109 bytes)
Event: 603.559 Thread 0x00000284a0056d00 nmethod 29187 0x0000028446bcd210 code [0x0000028446bcd4c0, 0x0000028446bce000]
Event: 603.559 Thread 0x00000284a0056d00 29188       3       org.eclipse.jdt.core.dom.FieldDeclaration::<init> (21 bytes)
Event: 603.562 Thread 0x00000284a0056d00 nmethod 29188 0x000002844693bb10 code [0x000002844693bd00, 0x000002844693c170]
Event: 603.562 Thread 0x00000284a0056d00 29189       1       org.eclipse.jdt.core.dom.FieldDeclaration::getNodeType0 (3 bytes)
Event: 603.562 Thread 0x00000284a0056d00 nmethod 29189 0x000002844dfa3090 code [0x000002844dfa3220, 0x000002844dfa32e8]
Event: 603.592 Thread 0x0000028442b68da0 nmethod 29174 0x000002844ec40890 code [0x000002844ec40e00, 0x000002844ec43868]
Event: 603.593 Thread 0x0000028442b68da0 29168       4       org.eclipse.jdt.internal.compiler.lookup.ClassScope::detectHierarchyCycle (732 bytes)
Event: 604.749 Thread 0x0000028442b68da0 nmethod 29168 0x000002844e096310 code [0x000002844e096720, 0x000002844e097fe8]

GC Heap History (20 events):
Event: 595.112 GC heap before
{Heap before GC invocations=3142 (full 6):
 PSYoungGen      total 38400K, used 36407K [0x00000000d5580000, 0x00000000d8280000, 0x0000000100000000)
  eden space 32768K, 100% used [0x00000000d5580000,0x00000000d7580000,0x00000000d7580000)
  from space 5632K, 64% used [0x00000000d7580000,0x00000000d790df48,0x00000000d7b00000)
  to   space 4608K, 0% used [0x00000000d7e00000,0x00000000d7e00000,0x00000000d8280000)
 ParOldGen       total 1185280K, used 453089K [0x0000000080000000, 0x00000000c8580000, 0x00000000d5580000)
  object space 1185280K, 38% used [0x0000000080000000,0x000000009ba78648,0x00000000c8580000)
 Metaspace       used 99361K, committed 101248K, reserved 1179648K
  class space    used 9997K, committed 10880K, reserved 1048576K
}
Event: 595.154 GC heap after
{Heap after GC invocations=3142 (full 6):
 PSYoungGen      total 41472K, used 4236K [0x00000000d5580000, 0x00000000d8500000, 0x0000000100000000)
  eden space 36864K, 0% used [0x00000000d5580000,0x00000000d5580000,0x00000000d7980000)
  from space 4608K, 91% used [0x00000000d7e00000,0x00000000d8223178,0x00000000d8280000)
  to   space 4608K, 0% used [0x00000000d7980000,0x00000000d7980000,0x00000000d7e00000)
 ParOldGen       total 1185280K, used 456523K [0x0000000080000000, 0x00000000c8580000, 0x00000000d5580000)
  object space 1185280K, 38% used [0x0000000080000000,0x000000009bdd2d90,0x00000000c8580000)
 Metaspace       used 99361K, committed 101248K, reserved 1179648K
  class space    used 9997K, committed 10880K, reserved 1048576K
}
Event: 595.545 GC heap before
{Heap before GC invocations=3143 (full 6):
 PSYoungGen      total 41472K, used 41100K [0x00000000d5580000, 0x00000000d8500000, 0x0000000100000000)
  eden space 36864K, 100% used [0x00000000d5580000,0x00000000d7980000,0x00000000d7980000)
  from space 4608K, 91% used [0x00000000d7e00000,0x00000000d8223178,0x00000000d8280000)
  to   space 4608K, 0% used [0x00000000d7980000,0x00000000d7980000,0x00000000d7e00000)
 ParOldGen       total 1185280K, used 456523K [0x0000000080000000, 0x00000000c8580000, 0x00000000d5580000)
  object space 1185280K, 38% used [0x0000000080000000,0x000000009bdd2d90,0x00000000c8580000)
 Metaspace       used 99362K, committed 101248K, reserved 1179648K
  class space    used 9997K, committed 10880K, reserved 1048576K
}
Event: 595.621 GC heap after
{Heap after GC invocations=3143 (full 6):
 PSYoungGen      total 41472K, used 4576K [0x00000000d5580000, 0x00000000d9400000, 0x0000000100000000)
  eden space 36864K, 0% used [0x00000000d5580000,0x00000000d5580000,0x00000000d7980000)
  from space 4608K, 99% used [0x00000000d7980000,0x00000000d7df8070,0x00000000d7e00000)
  to   space 9728K, 0% used [0x00000000d8a80000,0x00000000d8a80000,0x00000000d9400000)
 ParOldGen       total 1185280K, used 460804K [0x0000000080000000, 0x00000000c8580000, 0x00000000d5580000)
  object space 1185280K, 38% used [0x0000000080000000,0x000000009c201008,0x00000000c8580000)
 Metaspace       used 99362K, committed 101248K, reserved 1179648K
  class space    used 9997K, committed 10880K, reserved 1048576K
}
Event: 597.756 GC heap before
{Heap before GC invocations=3144 (full 6):
 PSYoungGen      total 41472K, used 41440K [0x00000000d5580000, 0x00000000d9400000, 0x0000000100000000)
  eden space 36864K, 100% used [0x00000000d5580000,0x00000000d7980000,0x00000000d7980000)
  from space 4608K, 99% used [0x00000000d7980000,0x00000000d7df8070,0x00000000d7e00000)
  to   space 9728K, 0% used [0x00000000d8a80000,0x00000000d8a80000,0x00000000d9400000)
 ParOldGen       total 1185280K, used 460804K [0x0000000080000000, 0x00000000c8580000, 0x00000000d5580000)
  object space 1185280K, 38% used [0x0000000080000000,0x000000009c201008,0x00000000c8580000)
 Metaspace       used 99384K, committed 101248K, reserved 1179648K
  class space    used 9997K, committed 10880K, reserved 1048576K
}
Event: 597.819 GC heap after
{Heap after GC invocations=3144 (full 6):
 PSYoungGen      total 45568K, used 9723K [0x00000000d5580000, 0x00000000d9a80000, 0x0000000100000000)
  eden space 35840K, 0% used [0x00000000d5580000,0x00000000d5580000,0x00000000d7880000)
  from space 9728K, 99% used [0x00000000d8a80000,0x00000000d93fec60,0x00000000d9400000)
  to   space 17408K, 0% used [0x00000000d7880000,0x00000000d7880000,0x00000000d8980000)
 ParOldGen       total 1185280K, used 466985K [0x0000000080000000, 0x00000000c8580000, 0x00000000d5580000)
  object space 1185280K, 39% used [0x0000000080000000,0x000000009c80a7d0,0x00000000c8580000)
 Metaspace       used 99384K, committed 101248K, reserved 1179648K
  class space    used 9997K, committed 10880K, reserved 1048576K
}
Event: 598.006 GC heap before
{Heap before GC invocations=3145 (full 6):
 PSYoungGen      total 45568K, used 45563K [0x00000000d5580000, 0x00000000d9a80000, 0x0000000100000000)
  eden space 35840K, 100% used [0x00000000d5580000,0x00000000d7880000,0x00000000d7880000)
  from space 9728K, 99% used [0x00000000d8a80000,0x00000000d93fec60,0x00000000d9400000)
  to   space 17408K, 0% used [0x00000000d7880000,0x00000000d7880000,0x00000000d8980000)
 ParOldGen       total 1185280K, used 466985K [0x0000000080000000, 0x00000000c8580000, 0x00000000d5580000)
  object space 1185280K, 39% used [0x0000000080000000,0x000000009c80a7d0,0x00000000c8580000)
 Metaspace       used 99385K, committed 101248K, reserved 1179648K
  class space    used 9997K, committed 10880K, reserved 1048576K
}
Event: 598.115 GC heap after
{Heap after GC invocations=3145 (full 6):
 PSYoungGen      total 53248K, used 17407K [0x00000000d5580000, 0x00000000dc180000, 0x0000000100000000)
  eden space 35840K, 0% used [0x00000000d5580000,0x00000000d5580000,0x00000000d7880000)
  from space 17408K, 99% used [0x00000000d7880000,0x00000000d897fc08,0x00000000d8980000)
  to   space 33792K, 0% used [0x00000000da080000,0x00000000da080000,0x00000000dc180000)
 ParOldGen       total 1185280K, used 480157K [0x0000000080000000, 0x00000000c8580000, 0x00000000d5580000)
  object space 1185280K, 40% used [0x0000000080000000,0x000000009d4e7448,0x00000000c8580000)
 Metaspace       used 99385K, committed 101248K, reserved 1179648K
  class space    used 9997K, committed 10880K, reserved 1048576K
}
Event: 598.396 GC heap before
{Heap before GC invocations=3146 (full 6):
 PSYoungGen      total 53248K, used 53247K [0x00000000d5580000, 0x00000000dc180000, 0x0000000100000000)
  eden space 35840K, 100% used [0x00000000d5580000,0x00000000d7880000,0x00000000d7880000)
  from space 17408K, 99% used [0x00000000d7880000,0x00000000d897fc08,0x00000000d8980000)
  to   space 33792K, 0% used [0x00000000da080000,0x00000000da080000,0x00000000dc180000)
 ParOldGen       total 1185280K, used 480157K [0x0000000080000000, 0x00000000c8580000, 0x00000000d5580000)
  object space 1185280K, 40% used [0x0000000080000000,0x000000009d4e7448,0x00000000c8580000)
 Metaspace       used 99396K, committed 101248K, reserved 1179648K
  class space    used 9997K, committed 10880K, reserved 1048576K
}
Event: 598.530 GC heap after
{Heap after GC invocations=3146 (full 6):
 PSYoungGen      total 53248K, used 9785K [0x00000000d5580000, 0x00000000daa80000, 0x0000000100000000)
  eden space 43008K, 0% used [0x00000000d5580000,0x00000000d5580000,0x00000000d7f80000)
  from space 10240K, 95% used [0x00000000da080000,0x00000000daa0e7b8,0x00000000daa80000)
  to   space 17408K, 0% used [0x00000000d8880000,0x00000000d8880000,0x00000000d9980000)
 ParOldGen       total 1185280K, used 497109K [0x0000000080000000, 0x00000000c8580000, 0x00000000d5580000)
  object space 1185280K, 41% used [0x0000000080000000,0x000000009e575598,0x00000000c8580000)
 Metaspace       used 99396K, committed 101248K, reserved 1179648K
  class space    used 9997K, committed 10880K, reserved 1048576K
}
Event: 599.363 GC heap before
{Heap before GC invocations=3147 (full 6):
 PSYoungGen      total 53248K, used 52793K [0x00000000d5580000, 0x00000000daa80000, 0x0000000100000000)
  eden space 43008K, 99% used [0x00000000d5580000,0x00000000d7f7ffe8,0x00000000d7f80000)
  from space 10240K, 95% used [0x00000000da080000,0x00000000daa0e7b8,0x00000000daa80000)
  to   space 17408K, 0% used [0x00000000d8880000,0x00000000d8880000,0x00000000d9980000)
 ParOldGen       total 1185280K, used 497109K [0x0000000080000000, 0x00000000c8580000, 0x00000000d5580000)
  object space 1185280K, 41% used [0x0000000080000000,0x000000009e575598,0x00000000c8580000)
 Metaspace       used 99424K, committed 101248K, reserved 1179648K
  class space    used 9997K, committed 10880K, reserved 1048576K
}
Event: 599.561 GC heap after
{Heap after GC invocations=3147 (full 6):
 PSYoungGen      total 69120K, used 17381K [0x00000000d5580000, 0x00000000dcb00000, 0x0000000100000000)
  eden space 51712K, 0% used [0x00000000d5580000,0x00000000d5580000,0x00000000d8800000)
  from space 17408K, 99% used [0x00000000d8880000,0x00000000d99796a8,0x00000000d9980000)
  to   space 34304K, 0% used [0x00000000da980000,0x00000000da980000,0x00000000dcb00000)
 ParOldGen       total 1185280K, used 509971K [0x0000000080000000, 0x00000000c8580000, 0x00000000d5580000)
  object space 1185280K, 43% used [0x0000000080000000,0x000000009f204f88,0x00000000c8580000)
 Metaspace       used 99424K, committed 101248K, reserved 1179648K
  class space    used 9997K, committed 10880K, reserved 1048576K
}
Event: 600.681 GC heap before
{Heap before GC invocations=3148 (full 6):
 PSYoungGen      total 69120K, used 69050K [0x00000000d5580000, 0x00000000dcb00000, 0x0000000100000000)
  eden space 51712K, 99% used [0x00000000d5580000,0x00000000d87f5520,0x00000000d8800000)
  from space 17408K, 99% used [0x00000000d8880000,0x00000000d99796a8,0x00000000d9980000)
  to   space 34304K, 0% used [0x00000000da980000,0x00000000da980000,0x00000000dcb00000)
 ParOldGen       total 1185280K, used 509971K [0x0000000080000000, 0x00000000c8580000, 0x00000000d5580000)
  object space 1185280K, 43% used [0x0000000080000000,0x000000009f204f88,0x00000000c8580000)
 Metaspace       used 99433K, committed 101312K, reserved 1179648K
  class space    used 9997K, committed 10880K, reserved 1048576K
}
Event: 600.832 GC heap after
{Heap after GC invocations=3148 (full 6):
 PSYoungGen      total 79872K, used 14805K [0x00000000d5580000, 0x00000000dba80000, 0x0000000100000000)
  eden space 62464K, 0% used [0x00000000d5580000,0x00000000d5580000,0x00000000d9280000)
  from space 17408K, 85% used [0x00000000da980000,0x00000000db7f57d8,0x00000000dba80000)
  to   space 20480K, 0% used [0x00000000d9280000,0x00000000d9280000,0x00000000da680000)
 ParOldGen       total 1185280K, used 526519K [0x0000000080000000, 0x00000000c8580000, 0x00000000d5580000)
  object space 1185280K, 44% used [0x0000000080000000,0x00000000a022dc10,0x00000000c8580000)
 Metaspace       used 99433K, committed 101312K, reserved 1179648K
  class space    used 9997K, committed 10880K, reserved 1048576K
}
Event: 602.195 GC heap before
{Heap before GC invocations=3149 (full 6):
 PSYoungGen      total 79872K, used 77269K [0x00000000d5580000, 0x00000000dba80000, 0x0000000100000000)
  eden space 62464K, 99% used [0x00000000d5580000,0x00000000d927ffe8,0x00000000d9280000)
  from space 17408K, 85% used [0x00000000da980000,0x00000000db7f57d8,0x00000000dba80000)
  to   space 20480K, 0% used [0x00000000d9280000,0x00000000d9280000,0x00000000da680000)
 ParOldGen       total 1185280K, used 526519K [0x0000000080000000, 0x00000000c8580000, 0x00000000d5580000)
  object space 1185280K, 44% used [0x0000000080000000,0x00000000a022dc10,0x00000000c8580000)
 Metaspace       used 99442K, committed 101312K, reserved 1179648K
  class space    used 9997K, committed 10880K, reserved 1048576K
}
Event: 602.265 GC heap after
{Heap after GC invocations=3149 (full 6):
 PSYoungGen      total 63488K, used 3052K [0x00000000d5580000, 0x00000000daa00000, 0x0000000100000000)
  eden space 60416K, 0% used [0x00000000d5580000,0x00000000d5580000,0x00000000d9080000)
  from space 3072K, 99% used [0x00000000d9280000,0x00000000d957b128,0x00000000d9580000)
  to   space 8704K, 0% used [0x00000000da180000,0x00000000da180000,0x00000000daa00000)
 ParOldGen       total 1185280K, used 534268K [0x0000000080000000, 0x00000000c8580000, 0x00000000d5580000)
  object space 1185280K, 45% used [0x0000000080000000,0x00000000a09bf170,0x00000000c8580000)
 Metaspace       used 99442K, committed 101312K, reserved 1179648K
  class space    used 9997K, committed 10880K, reserved 1048576K
}
Event: 602.911 GC heap before
{Heap before GC invocations=3150 (full 6):
 PSYoungGen      total 63488K, used 63468K [0x00000000d5580000, 0x00000000daa00000, 0x0000000100000000)
  eden space 60416K, 99% used [0x00000000d5580000,0x00000000d907fff0,0x00000000d9080000)
  from space 3072K, 99% used [0x00000000d9280000,0x00000000d957b128,0x00000000d9580000)
  to   space 8704K, 0% used [0x00000000da180000,0x00000000da180000,0x00000000daa00000)
 ParOldGen       total 1185280K, used 534268K [0x0000000080000000, 0x00000000c8580000, 0x00000000d5580000)
  object space 1185280K, 45% used [0x0000000080000000,0x00000000a09bf170,0x00000000c8580000)
 Metaspace       used 99456K, committed 101312K, reserved 1179648K
  class space    used 9997K, committed 10880K, reserved 1048576K
}
Event: 602.951 GC heap after
{Heap after GC invocations=3150 (full 6):
 PSYoungGen      total 61440K, used 2810K [0x00000000d5580000, 0x00000000da480000, 0x0000000100000000)
  eden space 58368K, 0% used [0x00000000d5580000,0x00000000d5580000,0x00000000d8e80000)
  from space 3072K, 91% used [0x00000000da180000,0x00000000da43e940,0x00000000da480000)
  to   space 4096K, 0% used [0x00000000d9c80000,0x00000000d9c80000,0x00000000da080000)
 ParOldGen       total 1185280K, used 537149K [0x0000000080000000, 0x00000000c8580000, 0x00000000d5580000)
  object space 1185280K, 45% used [0x0000000080000000,0x00000000a0c8f608,0x00000000c8580000)
 Metaspace       used 99456K, committed 101312K, reserved 1179648K
  class space    used 9997K, committed 10880K, reserved 1048576K
}
Event: 603.328 GC heap before
{Heap before GC invocations=3151 (full 6):
 PSYoungGen      total 61440K, used 61178K [0x00000000d5580000, 0x00000000da480000, 0x0000000100000000)
  eden space 58368K, 100% used [0x00000000d5580000,0x00000000d8e80000,0x00000000d8e80000)
  from space 3072K, 91% used [0x00000000da180000,0x00000000da43e940,0x00000000da480000)
  to   space 4096K, 0% used [0x00000000d9c80000,0x00000000d9c80000,0x00000000da080000)
 ParOldGen       total 1185280K, used 537149K [0x0000000080000000, 0x00000000c8580000, 0x00000000d5580000)
  object space 1185280K, 45% used [0x0000000080000000,0x00000000a0c8f608,0x00000000c8580000)
 Metaspace       used 99464K, committed 101312K, reserved 1179648K
  class space    used 9997K, committed 10880K, reserved 1048576K
}
Event: 603.367 GC heap after
{Heap after GC invocations=3151 (full 6):
 PSYoungGen      total 60928K, used 4082K [0x00000000d5580000, 0x00000000da200000, 0x0000000100000000)
  eden space 56832K, 0% used [0x00000000d5580000,0x00000000d5580000,0x00000000d8d00000)
  from space 4096K, 99% used [0x00000000d9c80000,0x00000000da07c860,0x00000000da080000)
  to   space 1536K, 0% used [0x00000000da080000,0x00000000da080000,0x00000000da200000)
 ParOldGen       total 1185280K, used 539960K [0x0000000080000000, 0x00000000c8580000, 0x00000000d5580000)
  object space 1185280K, 45% used [0x0000000080000000,0x00000000a0f4e2c8,0x00000000c8580000)
 Metaspace       used 99464K, committed 101312K, reserved 1179648K
  class space    used 9997K, committed 10880K, reserved 1048576K
}

Dll operation events (14 events):
Event: 0.042 Loaded shared library c:\Users\Usuario\.vscode\extensions\redhat.java-1.47.0-win32-x64\jre\21.0.8-win32-x86_64\bin\java.dll
Event: 0.762 Loaded shared library c:\Users\Usuario\.vscode\extensions\redhat.java-1.47.0-win32-x64\jre\21.0.8-win32-x86_64\bin\zip.dll
Event: 0.897 Loaded shared library C:\Users\Usuario\.vscode\extensions\redhat.java-1.47.0-win32-x64\jre\21.0.8-win32-x86_64\bin\instrument.dll
Event: 0.938 Loaded shared library C:\Users\Usuario\.vscode\extensions\redhat.java-1.47.0-win32-x64\jre\21.0.8-win32-x86_64\bin\net.dll
Event: 0.947 Loaded shared library C:\Users\Usuario\.vscode\extensions\redhat.java-1.47.0-win32-x64\jre\21.0.8-win32-x86_64\bin\nio.dll
Event: 0.965 Loaded shared library C:\Users\Usuario\.vscode\extensions\redhat.java-1.47.0-win32-x64\jre\21.0.8-win32-x86_64\bin\zip.dll
Event: 1.064 Loaded shared library C:\Users\Usuario\.vscode\extensions\redhat.java-1.47.0-win32-x64\jre\21.0.8-win32-x86_64\bin\jimage.dll
Event: 1.532 Loaded shared library c:\Users\Usuario\.vscode\extensions\redhat.java-1.47.0-win32-x64\jre\21.0.8-win32-x86_64\bin\verify.dll
Event: 23.104 Loaded shared library C:\Users\Usuario\AppData\Roaming\Code\User\globalStorage\redhat.java\1.47.0\config_win\org.eclipse.equinox.launcher\org.eclipse.equinox.launcher.win32.win32.x86_64_1.2.1400.v20250801-0854\eclipse_11916.dll
Event: 74.307 Loaded shared library C:\Users\Usuario\AppData\Local\Temp\jna-1531808526\jna1638337334964623570.dll
Event: 103.691 Loaded shared library C:\Users\Usuario\.vscode\extensions\redhat.java-1.47.0-win32-x64\jre\21.0.8-win32-x86_64\bin\sunmscapi.dll
Event: 179.956 Loaded shared library C:\Users\Usuario\.vscode\extensions\redhat.java-1.47.0-win32-x64\jre\21.0.8-win32-x86_64\bin\extnet.dll
Event: 184.191 Loaded shared library C:\Users\Usuario\.vscode\extensions\redhat.java-1.47.0-win32-x64\jre\21.0.8-win32-x86_64\bin\management.dll
Event: 184.247 Loaded shared library C:\Users\Usuario\.vscode\extensions\redhat.java-1.47.0-win32-x64\jre\21.0.8-win32-x86_64\bin\management_ext.dll

Deoptimization events (20 events):
Event: 601.236 Thread 0x00000284a2ba61c0 DEOPT PACKING pc=0x000002844e7ebf28 sp=0x000000a1612fe5e0
Event: 601.236 Thread 0x00000284a2ba61c0 DEOPT UNPACKING pc=0x000002844d353aa2 sp=0x000000a1612fe4e8 mode 2
Event: 601.699 Thread 0x00000284a2ba61c0 Uncommon trap: trap_request=0xffffffbe fr.pc=0x000002844e9074b8 relative=0x0000000000000438
Event: 601.699 Thread 0x00000284a2ba61c0 Uncommon trap: reason=profile_predicate action=maybe_recompile pc=0x000002844e9074b8 method=org.eclipse.sisu.plexus.CompositeBeanHelper.findMethod(Ljava/lang/Class;[Ljava/lang/reflect/Type;Ljava/lang/String;Ljava/lang/Class;)Ljava/lang/reflect/Method; @ 2
Event: 601.699 Thread 0x00000284a2ba61c0 DEOPT PACKING pc=0x000002844e9074b8 sp=0x000000a1612fd090
Event: 601.699 Thread 0x00000284a2ba61c0 DEOPT UNPACKING pc=0x000002844d353aa2 sp=0x000000a1612fd018 mode 2
Event: 601.699 Thread 0x00000284a2ba61c0 Uncommon trap: trap_request=0xffffffbe fr.pc=0x000002844e9074b8 relative=0x0000000000000438
Event: 601.699 Thread 0x00000284a2ba61c0 Uncommon trap: reason=profile_predicate action=maybe_recompile pc=0x000002844e9074b8 method=org.eclipse.sisu.plexus.CompositeBeanHelper.findMethod(Ljava/lang/Class;[Ljava/lang/reflect/Type;Ljava/lang/String;Ljava/lang/Class;)Ljava/lang/reflect/Method; @ 2
Event: 601.699 Thread 0x00000284a2ba61c0 DEOPT PACKING pc=0x000002844e9074b8 sp=0x000000a1612fd090
Event: 601.699 Thread 0x00000284a2ba61c0 DEOPT UNPACKING pc=0x000002844d353aa2 sp=0x000000a1612fd018 mode 2
Event: 601.699 Thread 0x00000284a2ba61c0 Uncommon trap: trap_request=0xffffffbe fr.pc=0x000002844e9074b8 relative=0x0000000000000438
Event: 601.699 Thread 0x00000284a2ba61c0 Uncommon trap: reason=profile_predicate action=maybe_recompile pc=0x000002844e9074b8 method=org.eclipse.sisu.plexus.CompositeBeanHelper.findMethod(Ljava/lang/Class;[Ljava/lang/reflect/Type;Ljava/lang/String;Ljava/lang/Class;)Ljava/lang/reflect/Method; @ 2
Event: 601.700 Thread 0x00000284a2ba61c0 DEOPT PACKING pc=0x000002844e9074b8 sp=0x000000a1612fd090
Event: 601.700 Thread 0x00000284a2ba61c0 DEOPT UNPACKING pc=0x000002844d353aa2 sp=0x000000a1612fd018 mode 2
Event: 601.700 Thread 0x00000284a2ba61c0 Uncommon trap: trap_request=0xffffffbe fr.pc=0x000002844e9074b8 relative=0x0000000000000438
Event: 601.700 Thread 0x00000284a2ba61c0 Uncommon trap: reason=profile_predicate action=maybe_recompile pc=0x000002844e9074b8 method=org.eclipse.sisu.plexus.CompositeBeanHelper.findMethod(Ljava/lang/Class;[Ljava/lang/reflect/Type;Ljava/lang/String;Ljava/lang/Class;)Ljava/lang/reflect/Method; @ 2
Event: 601.700 Thread 0x00000284a2ba61c0 DEOPT PACKING pc=0x000002844e9074b8 sp=0x000000a1612fd090
Event: 601.700 Thread 0x00000284a2ba61c0 DEOPT UNPACKING pc=0x000002844d353aa2 sp=0x000000a1612fd018 mode 2
Event: 603.065 Thread 0x00000284a2ba7570 DEOPT PACKING pc=0x0000028448550109 sp=0x000000a160cfe5c0
Event: 603.066 Thread 0x00000284a2ba7570 DEOPT UNPACKING pc=0x000002844d354242 sp=0x000000a160cfda98 mode 0

Classes loaded (20 events):
Event: 431.376 Loading class java/util/stream/Nodes$ToArrayTask$OfRef
Event: 431.381 Loading class java/util/stream/Nodes$ToArrayTask
Event: 431.384 Loading class java/util/stream/Nodes$ToArrayTask done
Event: 431.384 Loading class java/util/stream/Nodes$ToArrayTask$OfRef done
Event: 433.391 Loading class jdk/internal/module/IllegalAccessLogger
Event: 433.391 Loading class jdk/internal/module/IllegalAccessLogger done
Event: 490.768 Loading class java/io/CharArrayReader
Event: 490.769 Loading class java/io/CharArrayReader done
Event: 490.770 Loading class java/util/regex/Pattern$Bound
Event: 490.771 Loading class java/util/regex/Pattern$Bound done
Event: 585.219 Loading class jdk/internal/module/IllegalAccessLogger
Event: 585.219 Loading class jdk/internal/module/IllegalAccessLogger done
Event: 590.590 Loading class jdk/internal/module/IllegalAccessLogger
Event: 590.590 Loading class jdk/internal/module/IllegalAccessLogger done
Event: 593.784 Loading class jdk/internal/module/IllegalAccessLogger
Event: 593.784 Loading class jdk/internal/module/IllegalAccessLogger done
Event: 598.638 Loading class jdk/internal/module/IllegalAccessLogger
Event: 598.638 Loading class jdk/internal/module/IllegalAccessLogger done
Event: 601.618 Loading class jdk/internal/module/IllegalAccessLogger
Event: 601.618 Loading class jdk/internal/module/IllegalAccessLogger done

Classes unloaded (13 events):
Event: 77.359 Thread 0x00000284408fe940 Unloading class 0x000002845b1a9400 'java/lang/invoke/LambdaForm$MH+0x000002845b1a9400'
Event: 77.359 Thread 0x00000284408fe940 Unloading class 0x000002845b1a9000 'java/lang/invoke/LambdaForm$MH+0x000002845b1a9000'
Event: 77.359 Thread 0x00000284408fe940 Unloading class 0x000002845b1a8c00 'java/lang/invoke/LambdaForm$MH+0x000002845b1a8c00'
Event: 77.359 Thread 0x00000284408fe940 Unloading class 0x000002845b1a8800 'java/lang/invoke/LambdaForm$MH+0x000002845b1a8800'
Event: 77.359 Thread 0x00000284408fe940 Unloading class 0x000002845b1a8400 'java/lang/invoke/LambdaForm$BMH+0x000002845b1a8400'
Event: 77.359 Thread 0x00000284408fe940 Unloading class 0x000002845b1a8000 'java/lang/invoke/LambdaForm$DMH+0x000002845b1a8000'
Event: 77.359 Thread 0x00000284408fe940 Unloading class 0x000002845b1a6c00 'java/lang/invoke/LambdaForm$DMH+0x000002845b1a6c00'
Event: 163.083 Thread 0x00000284408fe940 Unloading class 0x000002845b701000 'java/lang/invoke/LambdaForm$DMH+0x000002845b701000'
Event: 163.083 Thread 0x00000284408fe940 Unloading class 0x000002845b700800 'java/lang/invoke/LambdaForm$DMH+0x000002845b700800'
Event: 244.088 Thread 0x00000284408fe940 Unloading class 0x000002845b753800 'org/mapstruct/ap/MappingProcessor'
Event: 437.534 Thread 0x00000284408fe940 Unloading class 0x000002845ba09000 'org/mapstruct/ap/MappingProcessor'
Event: 437.534 Thread 0x00000284408fe940 Unloading class 0x000002845b758800 'org/mapstruct/ap/MappingProcessor'
Event: 437.535 Thread 0x00000284408fe940 Unloading class 0x000002845b752000 'org/mapstruct/ap/MappingProcessor'

Classes redefined (0 events):
No events

Internal exceptions (20 events):
Event: 431.327 Thread 0x00000284a2ba6ee0 Exception <a 'sun/nio/fs/WindowsException'{0x00000000d5b3a1b0}> (0x00000000d5b3a1b0) 
thrown [s\src\hotspot\share\prims\jni.cpp, line 520]
Event: 431.327 Thread 0x00000284a2ba6ee0 Exception <a 'sun/nio/fs/WindowsException'{0x00000000d5b3acb0}> (0x00000000d5b3acb0) 
thrown [s\src\hotspot\share\prims\jni.cpp, line 520]
Event: 431.330 Thread 0x00000284a2ba6ee0 Exception <a 'sun/nio/fs/WindowsException'{0x00000000d5b3cc08}> (0x00000000d5b3cc08) 
thrown [s\src\hotspot\share\prims\jni.cpp, line 520]
Event: 431.331 Thread 0x00000284a2ba6ee0 Exception <a 'sun/nio/fs/WindowsException'{0x00000000d5b3d708}> (0x00000000d5b3d708) 
thrown [s\src\hotspot\share\prims\jni.cpp, line 520]
Event: 431.336 Thread 0x00000284a2ba6ee0 Exception <a 'sun/nio/fs/WindowsException'{0x00000000d5b3f660}> (0x00000000d5b3f660) 
thrown [s\src\hotspot\share\prims\jni.cpp, line 520]
Event: 431.336 Thread 0x00000284a2ba6ee0 Exception <a 'sun/nio/fs/WindowsException'{0x00000000d5b40160}> (0x00000000d5b40160) 
thrown [s\src\hotspot\share\prims\jni.cpp, line 520]
Event: 431.339 Thread 0x00000284a2ba6ee0 Exception <a 'sun/nio/fs/WindowsException'{0x00000000d5b420b8}> (0x00000000d5b420b8) 
thrown [s\src\hotspot\share\prims\jni.cpp, line 520]
Event: 431.339 Thread 0x00000284a2ba6ee0 Exception <a 'sun/nio/fs/WindowsException'{0x00000000d5b42bb8}> (0x00000000d5b42bb8) 
thrown [s\src\hotspot\share\prims\jni.cpp, line 520]
Event: 431.342 Thread 0x00000284a2ba6ee0 Implicit null exception at 0x000002844de18f86 to 0x000002844de1930c
Event: 431.586 Thread 0x00000284a2ba6ee0 Exception <a 'java/lang/NoSuchMethodError'{0x00000000d5c6ae78}: static [J.<clinit>()V> (0x00000000d5c6ae78) 
thrown [s\src\hotspot\share\prims\jni.cpp, line 1111]
Event: 432.103 Thread 0x00000284a0bb3380 Exception <a 'sun/nio/fs/WindowsException'{0x00000000d5580740}> (0x00000000d5580740) 
thrown [s\src\hotspot\share\prims\jni.cpp, line 520]
Event: 434.276 Thread 0x00000284a0bb3380 Exception <a 'sun/nio/fs/WindowsException'{0x00000000d5f11dc0}> (0x00000000d5f11dc0) 
thrown [s\src\hotspot\share\prims\jni.cpp, line 520]
Event: 459.449 Thread 0x00000284a2ba6850 Implicit null exception at 0x000002844f2a7d6f to 0x000002844f2a8130
Event: 491.228 Thread 0x00000284a0d10e90 Exception <a 'java/lang/NoSuchMethodError'{0x00000000d588d118}: 'int java.lang.invoke.DirectMethodHandle$Holder.invokeVirtual(java.lang.Object, java.lang.Object, java.lang.Object, int)'> (0x00000000d588d118) 
thrown [s\src\hotspot\share\interpreter\linkResolver.cpp, line 773]
Event: 583.344 Thread 0x00000284a0bb3380 Exception <a 'sun/nio/fs/WindowsException'{0x00000000d584aef8}> (0x00000000d584aef8) 
thrown [s\src\hotspot\share\prims\jni.cpp, line 520]
Event: 585.617 Thread 0x00000284a0bb3380 Exception <a 'sun/nio/fs/WindowsException'{0x00000000d5580748}> (0x00000000d5580748) 
thrown [s\src\hotspot\share\prims\jni.cpp, line 520]
Event: 589.787 Thread 0x00000284a0bb3380 Exception <a 'sun/nio/fs/WindowsException'{0x00000000d5a58fe8}> (0x00000000d5a58fe8) 
thrown [s\src\hotspot\share\prims\jni.cpp, line 520]
Event: 592.120 Thread 0x00000284a0bb3380 Exception <a 'sun/nio/fs/WindowsException'{0x00000000d5dc2dd0}> (0x00000000d5dc2dd0) 
thrown [s\src\hotspot\share\prims\jni.cpp, line 520]
Event: 597.659 Thread 0x00000284a0bb3380 Exception <a 'sun/nio/fs/WindowsException'{0x00000000d705c4a0}> (0x00000000d705c4a0) 
thrown [s\src\hotspot\share\prims\jni.cpp, line 520]
Event: 600.104 Thread 0x00000284a0bb3380 Exception <a 'sun/nio/fs/WindowsException'{0x00000000d639e5c8}> (0x00000000d639e5c8) 
thrown [s\src\hotspot\share\prims\jni.cpp, line 520]

ZGC Phase Switch (0 events):
No events

VM Operations (20 events):
Event: 598.115 Executing VM operation: ParallelGCFailedAllocation (Allocation Failure) done
Event: 598.388 Executing VM operation: ParallelGCFailedAllocation (Allocation Failure)
Event: 598.530 Executing VM operation: ParallelGCFailedAllocation (Allocation Failure) done
Event: 599.356 Executing VM operation: ParallelGCFailedAllocation (Allocation Failure)
Event: 599.561 Executing VM operation: ParallelGCFailedAllocation (Allocation Failure) done
Event: 600.565 Executing VM operation: Cleanup
Event: 600.566 Executing VM operation: Cleanup done
Event: 600.679 Executing VM operation: ParallelGCFailedAllocation (Allocation Failure)
Event: 600.832 Executing VM operation: ParallelGCFailedAllocation (Allocation Failure) done
Event: 601.272 Executing VM operation: HandshakeAllThreads (HandshakeForDeflation)
Event: 601.276 Executing VM operation: HandshakeAllThreads (HandshakeForDeflation) done
Event: 601.277 Executing VM operation: RendezvousGCThreads
Event: 601.277 Executing VM operation: RendezvousGCThreads done
Event: 602.195 Executing VM operation: ParallelGCFailedAllocation (Allocation Failure)
Event: 602.265 Executing VM operation: ParallelGCFailedAllocation (Allocation Failure) done
Event: 602.911 Executing VM operation: ParallelGCFailedAllocation (Allocation Failure)
Event: 602.951 Executing VM operation: ParallelGCFailedAllocation (Allocation Failure) done
Event: 603.328 Executing VM operation: ParallelGCFailedAllocation (Allocation Failure)
Event: 603.367 Executing VM operation: ParallelGCFailedAllocation (Allocation Failure) done
Event: 604.369 Executing VM operation: Cleanup

Memory protections (0 events):
No events

Nmethod flushes (20 events):
Event: 438.833 Thread 0x00000284408fe940 flushing  nmethod 0x0000028448ddcb10
Event: 438.834 Thread 0x00000284408fe940 flushing  nmethod 0x0000028448ddea10
Event: 438.834 Thread 0x00000284408fe940 flushing  nmethod 0x0000028448ddef90
Event: 438.834 Thread 0x00000284408fe940 flushing  nmethod 0x0000028448de2010
Event: 438.834 Thread 0x00000284408fe940 flushing  nmethod 0x0000028448de2f90
Event: 438.834 Thread 0x00000284408fe940 flushing  nmethod 0x0000028448de4490
Event: 438.834 Thread 0x00000284408fe940 flushing  nmethod 0x0000028448de6c10
Event: 438.834 Thread 0x00000284408fe940 flushing  nmethod 0x0000028448de7310
Event: 438.834 Thread 0x00000284408fe940 flushing  nmethod 0x0000028448dec410
Event: 438.834 Thread 0x00000284408fe940 flushing  nmethod 0x0000028448dede10
Event: 438.834 Thread 0x00000284408fe940 flushing  nmethod 0x0000028448e65810
Event: 438.834 Thread 0x00000284408fe940 flushing  nmethod 0x0000028448f03810
Event: 438.834 Thread 0x00000284408fe940 flushing  nmethod 0x0000028448f0a690
Event: 438.834 Thread 0x00000284408fe940 flushing  nmethod 0x0000028448f56210
Event: 438.834 Thread 0x00000284408fe940 flushing  nmethod 0x0000028448fdc590
Event: 438.834 Thread 0x00000284408fe940 flushing  nmethod 0x0000028448fecb90
Event: 438.834 Thread 0x00000284408fe940 flushing  nmethod 0x0000028449008e10
Event: 438.834 Thread 0x00000284408fe940 flushing  nmethod 0x000002844900eb90
Event: 438.834 Thread 0x00000284408fe940 flushing osr nmethod 0x0000028449034a90
Event: 438.834 Thread 0x00000284408fe940 flushing osr nmethod 0x00000284490d2d90

Events (20 events):
Event: 524.832 Thread 0x00000284ab8033a0 Thread exited: 0x00000284ab8033a0
Event: 552.568 Thread 0x00000284a3a00060 Thread exited: 0x00000284a3a00060
Event: 565.590 Thread 0x00000284a0d135f0 Thread exited: 0x00000284a0d135f0
Event: 582.943 Thread 0x00000284a0056d00 Thread added: 0x00000284a481b8f0
Event: 583.448 Thread 0x00000284a481b8f0 Thread exited: 0x00000284a481b8f0
Event: 584.740 Thread 0x00000284a0bb4dc0 Thread added: 0x00000284a2ba7570
Event: 584.982 Thread 0x00000284ab804de0 Thread exited: 0x00000284ab804de0
Event: 585.003 Thread 0x00000284a2ba7570 Thread added: 0x00000284a2ba54a0
Event: 585.616 Thread 0x00000284a2ba6ee0 Thread added: 0x00000284a2ba5b30
Event: 585.777 Thread 0x00000284a0056d00 Thread added: 0x00000284a481b8f0
Event: 587.165 Thread 0x00000284a481b8f0 Thread exited: 0x00000284a481b8f0
Event: 587.970 Thread 0x00000284a2ba7570 Thread added: 0x00000284a2ba61c0
Event: 588.131 Thread 0x0000028442b68da0 Thread added: 0x00000284a4818940
Event: 589.712 Thread 0x00000284a4818940 Thread exited: 0x00000284a4818940
Event: 590.179 Thread 0x00000284a0056d00 Thread added: 0x00000284a4818940
Event: 591.888 Thread 0x00000284a4818940 Thread exited: 0x00000284a4818940
Event: 593.305 Thread 0x00000284a0056d00 Thread added: 0x00000284a4818940
Event: 595.735 Thread 0x00000284a4818940 Thread exited: 0x00000284a4818940
Event: 599.151 Thread 0x0000028442b68da0 Thread added: 0x00000284a481b8f0
Event: 599.328 Thread 0x00000284a481b8f0 Thread exited: 0x00000284a481b8f0


Dynamic libraries:
0x00007ff79c5c0000 - 0x00007ff79c5ce000 	c:\Users\Usuario\.vscode\extensions\redhat.java-1.47.0-win32-x64\jre\21.0.8-win32-x86_64\bin\java.exe
0x00007ffd63aa0000 - 0x00007ffd63d09000 	C:\WINDOWS\SYSTEM32\ntdll.dll
0x00007ffd62570000 - 0x00007ffd62639000 	C:\WINDOWS\System32\KERNEL32.DLL
0x00007ffd60f20000 - 0x00007ffd61313000 	C:\WINDOWS\System32\KERNELBASE.dll
0x00007ffd60da0000 - 0x00007ffd60eeb000 	C:\WINDOWS\System32\ucrtbase.dll
0x00007ffd42bc0000 - 0x00007ffd42bd8000 	c:\Users\Usuario\.vscode\extensions\redhat.java-1.47.0-win32-x64\jre\21.0.8-win32-x86_64\bin\jli.dll
0x00007ffd63300000 - 0x00007ffd634c4000 	C:\WINDOWS\System32\USER32.dll
0x00007ffd60ef0000 - 0x00007ffd60f17000 	C:\WINDOWS\System32\win32u.dll
0x00007ffd634d0000 - 0x00007ffd634fb000 	C:\WINDOWS\System32\GDI32.dll
0x00007ffd61610000 - 0x00007ffd6173d000 	C:\WINDOWS\System32\gdi32full.dll
0x00007ffd60cf0000 - 0x00007ffd60d93000 	C:\WINDOWS\System32\msvcp_win.dll
0x00007ffd46120000 - 0x00007ffd4613e000 	c:\Users\Usuario\.vscode\extensions\redhat.java-1.47.0-win32-x64\jre\21.0.8-win32-x86_64\bin\VCRUNTIME140.dll
0x00007ffd4ebe0000 - 0x00007ffd4ee73000 	C:\WINDOWS\WinSxS\amd64_microsoft.windows.common-controls_6595b64144ccf1df_6.0.26100.5074_none_3e0d6f78e32fd63f\COMCTL32.dll
0x00007ffd62210000 - 0x00007ffd622b9000 	C:\WINDOWS\System32\msvcrt.dll
0x00007ffd62d90000 - 0x00007ffd62dbf000 	C:\WINDOWS\System32\IMM32.DLL
0x00007ffd597d0000 - 0x00007ffd597dc000 	c:\Users\Usuario\.vscode\extensions\redhat.java-1.47.0-win32-x64\jre\21.0.8-win32-x86_64\bin\vcruntime140_1.dll
0x00007ffcfbc50000 - 0x00007ffcfbcdd000 	c:\Users\Usuario\.vscode\extensions\redhat.java-1.47.0-win32-x64\jre\21.0.8-win32-x86_64\bin\msvcp140.dll
0x00007ffc8ca90000 - 0x00007ffc8d827000 	c:\Users\Usuario\.vscode\extensions\redhat.java-1.47.0-win32-x64\jre\21.0.8-win32-x86_64\bin\server\jvm.dll
0x00007ffd62df0000 - 0x00007ffd62ea4000 	C:\WINDOWS\System32\ADVAPI32.dll
0x00007ffd61930000 - 0x00007ffd619d6000 	C:\WINDOWS\System32\sechost.dll
0x00007ffd63580000 - 0x00007ffd63698000 	C:\WINDOWS\System32\RPCRT4.dll
0x00007ffd63500000 - 0x00007ffd63574000 	C:\WINDOWS\System32\WS2_32.dll
0x00007ffd60ab0000 - 0x00007ffd60b0e000 	C:\WINDOWS\SYSTEM32\POWRPROF.dll
0x00007ffd57f30000 - 0x00007ffd57f65000 	C:\WINDOWS\SYSTEM32\WINMM.dll
0x00007ffd5ae50000 - 0x00007ffd5ae5b000 	C:\WINDOWS\SYSTEM32\VERSION.dll
0x00007ffd60a90000 - 0x00007ffd60aa4000 	C:\WINDOWS\SYSTEM32\UMPDC.dll
0x00007ffd5f9d0000 - 0x00007ffd5f9eb000 	C:\WINDOWS\SYSTEM32\kernel.appcore.dll
0x00007ffd59770000 - 0x00007ffd5977a000 	c:\Users\Usuario\.vscode\extensions\redhat.java-1.47.0-win32-x64\jre\21.0.8-win32-x86_64\bin\jimage.dll
0x00007ffd59170000 - 0x00007ffd593b2000 	C:\WINDOWS\SYSTEM32\DBGHELP.DLL
0x00007ffd62f80000 - 0x00007ffd632fb000 	C:\WINDOWS\System32\combase.dll
0x00007ffd62310000 - 0x00007ffd623e7000 	C:\WINDOWS\System32\OLEAUT32.dll
0x00007ffd4d1e0000 - 0x00007ffd4d21d000 	C:\WINDOWS\SYSTEM32\dbgcore.DLL
0x00007ffd617d0000 - 0x00007ffd61869000 	C:\WINDOWS\System32\bcryptPrimitives.dll
0x00007ffd58d00000 - 0x00007ffd58d0f000 	c:\Users\Usuario\.vscode\extensions\redhat.java-1.47.0-win32-x64\jre\21.0.8-win32-x86_64\bin\instrument.dll
0x00007ffd3dbe0000 - 0x00007ffd3dbff000 	c:\Users\Usuario\.vscode\extensions\redhat.java-1.47.0-win32-x64\jre\21.0.8-win32-x86_64\bin\java.dll
0x00007ffd62640000 - 0x00007ffd62d8d000 	C:\WINDOWS\System32\SHELL32.dll
0x00007ffd614a0000 - 0x00007ffd6160c000 	C:\WINDOWS\System32\wintypes.dll
0x00007ffd5e870000 - 0x00007ffd5f0c9000 	C:\WINDOWS\SYSTEM32\windows.storage.dll
0x00007ffd61a50000 - 0x00007ffd61b40000 	C:\WINDOWS\System32\SHCORE.dll
0x00007ffd619e0000 - 0x00007ffd61a42000 	C:\WINDOWS\System32\shlwapi.dll
0x00007ffd60b50000 - 0x00007ffd60b79000 	C:\WINDOWS\SYSTEM32\profapi.dll
0x00007ffd3d9f0000 - 0x00007ffd3da08000 	c:\Users\Usuario\.vscode\extensions\redhat.java-1.47.0-win32-x64\jre\21.0.8-win32-x86_64\bin\zip.dll
0x00007ffd4afa0000 - 0x00007ffd4afb0000 	C:\Users\Usuario\.vscode\extensions\redhat.java-1.47.0-win32-x64\jre\21.0.8-win32-x86_64\bin\net.dll
0x00007ffd5a1c0000 - 0x00007ffd5a2df000 	C:\WINDOWS\SYSTEM32\WINHTTP.dll
0x00007ffd5ff40000 - 0x00007ffd5ffab000 	C:\WINDOWS\system32\mswsock.dll
0x00007ffd3c500000 - 0x00007ffd3c516000 	C:\Users\Usuario\.vscode\extensions\redhat.java-1.47.0-win32-x64\jre\21.0.8-win32-x86_64\bin\nio.dll
0x00007ffd480f0000 - 0x00007ffd48100000 	c:\Users\Usuario\.vscode\extensions\redhat.java-1.47.0-win32-x64\jre\21.0.8-win32-x86_64\bin\verify.dll
0x00007ffd10460000 - 0x00007ffd104a4000 	C:\Users\Usuario\AppData\Roaming\Code\User\globalStorage\redhat.java\1.47.0\config_win\org.eclipse.equinox.launcher\org.eclipse.equinox.launcher.win32.win32.x86_64_1.2.1400.v20250801-0854\eclipse_11916.dll
0x00007ffd62070000 - 0x00007ffd62208000 	C:\WINDOWS\System32\ole32.dll
0x00007ffd60230000 - 0x00007ffd6024b000 	C:\WINDOWS\SYSTEM32\CRYPTSP.dll
0x00007ffd5f930000 - 0x00007ffd5f96b000 	C:\WINDOWS\system32\rsaenh.dll
0x00007ffd5fff0000 - 0x00007ffd6001b000 	C:\WINDOWS\SYSTEM32\USERENV.dll
0x00007ffd60b20000 - 0x00007ffd60b46000 	C:\WINDOWS\SYSTEM32\bcrypt.dll
0x00007ffd60250000 - 0x00007ffd6025c000 	C:\WINDOWS\SYSTEM32\CRYPTBASE.dll
0x00007ffd5f3d0000 - 0x00007ffd5f404000 	C:\WINDOWS\SYSTEM32\IPHLPAPI.DLL
0x00007ffd622f0000 - 0x00007ffd622fa000 	C:\WINDOWS\System32\NSI.dll
0x00007ffd3c540000 - 0x00007ffd3c589000 	C:\Users\Usuario\AppData\Local\Temp\jna-1531808526\jna1638337334964623570.dll
0x00007ffd623f0000 - 0x00007ffd623f8000 	C:\WINDOWS\System32\PSAPI.DLL
0x00007ffd596f0000 - 0x00007ffd5970e000 	C:\WINDOWS\SYSTEM32\dhcpcsvc6.DLL
0x00007ffd58c60000 - 0x00007ffd58c83000 	C:\WINDOWS\SYSTEM32\dhcpcsvc.DLL
0x00007ffd477a0000 - 0x00007ffd477ae000 	C:\Users\Usuario\.vscode\extensions\redhat.java-1.47.0-win32-x64\jre\21.0.8-win32-x86_64\bin\sunmscapi.dll
0x00007ffd61320000 - 0x00007ffd61497000 	C:\WINDOWS\System32\CRYPT32.dll
0x00007ffd60450000 - 0x00007ffd60480000 	C:\WINDOWS\SYSTEM32\ncrypt.dll
0x00007ffd60400000 - 0x00007ffd6043f000 	C:\WINDOWS\SYSTEM32\NTASN1.dll
0x00007ffd5b7e0000 - 0x00007ffd5b7e8000 	C:\WINDOWS\system32\wshunix.dll
0x00007ffd45620000 - 0x00007ffd45629000 	C:\Users\Usuario\.vscode\extensions\redhat.java-1.47.0-win32-x64\jre\21.0.8-win32-x86_64\bin\extnet.dll
0x00007ffd5f410000 - 0x00007ffd5f536000 	C:\WINDOWS\SYSTEM32\DNSAPI.dll
0x00007ffd529a0000 - 0x00007ffd529ab000 	C:\Windows\System32\rasadhlp.dll
0x00007ffd58160000 - 0x00007ffd581e6000 	C:\WINDOWS\System32\fwpuclnt.dll
0x00007ffd46ef0000 - 0x00007ffd46efa000 	C:\Users\Usuario\.vscode\extensions\redhat.java-1.47.0-win32-x64\jre\21.0.8-win32-x86_64\bin\management.dll
0x00007ffd44750000 - 0x00007ffd4475b000 	C:\Users\Usuario\.vscode\extensions\redhat.java-1.47.0-win32-x64\jre\21.0.8-win32-x86_64\bin\management_ext.dll
0x00007ffd5fb00000 - 0x00007ffd5fb36000 	C:\WINDOWS\SYSTEM32\ntmarta.dll

JVMTI agents:
c:\Users\Usuario\.vscode\extensions\redhat.java-1.47.0-win32-x64\lombok\lombok-1.18.39-4050.jar path:c:\Users\Usuario\.vscode\extensions\redhat.java-1.47.0-win32-x64\jre\21.0.8-win32-x86_64\bin\instrument.dll, loaded, initialized, instrumentlib options:none

dbghelp: loaded successfully - version: 4.0.5 - missing functions: none
symbol engine: initialized successfully - sym options: 0x614 - pdb path: .;c:\Users\Usuario\.vscode\extensions\redhat.java-1.47.0-win32-x64\jre\21.0.8-win32-x86_64\bin;C:\WINDOWS\SYSTEM32;C:\WINDOWS\WinSxS\amd64_microsoft.windows.common-controls_6595b64144ccf1df_6.0.26100.5074_none_3e0d6f78e32fd63f;c:\Users\Usuario\.vscode\extensions\redhat.java-1.47.0-win32-x64\jre\21.0.8-win32-x86_64\bin\server;C:\Users\Usuario\AppData\Roaming\Code\User\globalStorage\redhat.java\1.47.0\config_win\org.eclipse.equinox.launcher\org.eclipse.equinox.launcher.win32.win32.x86_64_1.2.1400.v20250801-0854;C:\Users\Usuario\AppData\Local\Temp\jna-1531808526

VM Arguments:
jvm_args: --add-modules=ALL-SYSTEM --add-opens=java.base/java.util=ALL-UNNAMED --add-opens=java.base/java.lang=ALL-UNNAMED --add-opens=java.base/sun.nio.fs=ALL-UNNAMED -Declipse.application=org.eclipse.jdt.ls.core.id1 -Dosgi.bundles.defaultStartLevel=4 -Declipse.product=org.eclipse.jdt.ls.core.product -Djava.import.generatesMetadataFilesAtProjectRoot=false -DDetectVMInstallationsJob.disabled=true -Dfile.encoding=utf8 -XX:+UseParallelGC -XX:GCTimeRatio=4 -XX:AdaptiveSizePolicyWeight=90 -Dsun.zip.disableMemoryMapping=true -Xmx2G -Xms100m -Xlog:disable -javaagent:c:\Users\Usuario\.vscode\extensions\redhat.java-1.47.0-win32-x64\lombok\lombok-1.18.39-4050.jar -XX:+HeapDumpOnOutOfMemoryError -XX:HeapDumpPath=c:\Users\Usuario\AppData\Roaming\Code\User\workspaceStorage\04da0689b7dc9fab729488560993929f\redhat.java -Daether.dependencyCollector.impl=bf 
java_command: c:\Users\Usuario\.vscode\extensions\redhat.java-1.47.0-win32-x64\server\plugins\org.eclipse.equinox.launcher_1.7.100.v20251014-1222.jar -configuration c:\Users\Usuario\AppData\Roaming\Code\User\globalStorage\redhat.java\1.47.0\config_win -data c:\Users\Usuario\AppData\Roaming\Code\User\workspaceStorage\04da0689b7dc9fab729488560993929f\redhat.java\jdt_ws --pipe=\\.\pipe\lsp-e0c3d33f0529ecda42a0c663d3e59823-sock
java_class_path (initial): c:\Users\Usuario\.vscode\extensions\redhat.java-1.47.0-win32-x64\server\plugins\org.eclipse.equinox.launcher_1.7.100.v20251014-1222.jar
Launcher Type: SUN_STANDARD

[Global flags]
    uintx AdaptiveSizePolicyWeight                 = 90                                        {product} {command line}
     intx CICompilerCount                          = 4                                         {product} {ergonomic}
    uintx GCTimeRatio                              = 4                                         {product} {command line}
     bool HeapDumpOnOutOfMemoryError               = true                                   {manageable} {command line}
    ccstr HeapDumpPath                             = c:\Users\Usuario\AppData\Roaming\Code\User\workspaceStorage\04da0689b7dc9fab729488560993929f\redhat.java         {manageable} {command line}
   size_t InitialHeapSize                          = 104857600                                 {product} {command line}
   size_t MaxHeapSize                              = 2147483648                                {product} {command line}
   size_t MaxNewSize                               = 715653120                                 {product} {ergonomic}
   size_t MinHeapDeltaBytes                        = 524288                                    {product} {ergonomic}
   size_t MinHeapSize                              = 104857600                                 {product} {command line}
   size_t NewSize                                  = 34603008                                  {product} {ergonomic}
    uintx NonNMethodCodeHeapSize                   = 5839372                                {pd product} {ergonomic}
    uintx NonProfiledCodeHeapSize                  = 122909434                              {pd product} {ergonomic}
   size_t OldSize                                  = 70254592                                  {product} {ergonomic}
    uintx ProfiledCodeHeapSize                     = 122909434                              {pd product} {ergonomic}
    uintx ReservedCodeCacheSize                    = 251658240                              {pd product} {ergonomic}
     bool SegmentedCodeCache                       = true                                      {product} {ergonomic}
   size_t SoftMaxHeapSize                          = 2147483648                             {manageable} {ergonomic}
     bool UseCompressedOops                        = true                           {product lp64_product} {ergonomic}
     bool UseLargePagesIndividualAllocation        = false                                  {pd product} {ergonomic}
     bool UseParallelGC                            = true                                      {product} {command line}

Logging:
Log output configuration:
 #0: stdout all=off uptime,level,tags foldmultilines=false
 #1: stderr all=off uptime,level,tags foldmultilines=false

Environment Variables:
JAVA_HOME=C:/Program Files/Java/jdk-21
PATH=C:\Program Files\Java\jdk-21\bin;C:\Users\Usuario\bin;C:\Program Files\Git\mingw64\bin;C:\Program Files\Git\usr\local\bin;C:\Program Files\Git\usr\bin;C:\Program Files\Git\usr\bin;C:\Program Files\Git\mingw64\bin;C:\Program Files\Git\usr\bin;C:\Users\Usuario\bin;C:\Program Files\Common Files\Oracle\Java\javapath;C:\Program Files\Python38\Scripts;C:\Program Files\Python38;C:\ProgramData\Oracle\Java\javapath;C:\WINDOWS\system32;C:\WINDOWS;C:\WINDOWS\System32\Wbem;C:\WINDOWS\System32\WindowsPowerShell\v1.0;C:\WINDOWS\System32\OpenSSH;C:\Program Files\dotnet;C:\Program Files\Git\cmd;C:\Program Files\nodejs;C:\ProgramData\chocolatey\bin;C:\ProgramData\chocolatey\lib\maven\apache-maven-3.9.9\bin;C:\Program Files\MySQL\MySQL Server 8.0\bin;C:\Program Files (x86)\Microsoft SQL Server\160\Tools\Binn;C:\Program Files\Microsoft SQL Server\160\Tools\Binn;C:\Program Files\Microsoft SQL Server\Client SDK\ODBC\170\Tools\Binn;C:\Program Files\Microsoft SQL Server\160\DTS\Binn;C:\Program Files (x86)\Microsoft SQL Server\160\DTS\Binn;C:\Program Files\Docker\Docker\resources\bin;C:\Program Files\Java\jdk-21\bin;C:\Users\Usuario\AppData\Local\Microsoft\WindowsApps;C:\Program Files\nodejs;C:\sqlite;C:\Users\Usuario\AppData\Local\Programs\Microsoft VS Code\bin;C:\Users\Usuario\AppData\Local\Microsoft\WinGet\Packages\Schniz.fnm_Microsoft.Winget.Source_8wekyb3d8bbwe;C:\Users\Usuario\AppData\Roaming\npm;C:\Program Files\JetBrains\IntelliJ IDEA 2024.2\bin;%M2_HOME%\bin;C:\Users\Usuario\AppData\Local\GitHubDesktop\bin;C:\Program Files\Inkscape\bin;C:\Program Files\Git\usr\bin\vendor_perl;C:\Program Files\Git\usr\bin\core_perl
USERNAME=Usuario
SHELL=C:\Program Files\Git\usr\bin\bash.exe
DISPLAY=needs-to-be-defined
LANG=en_US.UTF-8
TERM=xterm-256color
TMPDIR=C:\Users\Usuario\AppData\Local\Temp
OS=Windows_NT
PROCESSOR_IDENTIFIER=AMD64 Family 23 Model 24 Stepping 1, AuthenticAMD
TMP=C:\Users\Usuario\AppData\Local\Temp
TEMP=C:\Users\Usuario\AppData\Local\Temp




Periodic native trim disabled

---------------  S Y S T E M  ---------------

OS:
 Windows 11 , 64 bit Build 26100 (10.0.26100.5074)
OS uptime: 6 days 16:49 hours
Hyper-V role detected

CPU: total 8 (initial active 8) (8 cores per cpu, 2 threads per core) family 23 model 24 stepping 1 microcode 0x810810d, cx8, cmov, fxsr, ht, mmx, 3dnowpref, sse, sse2, sse3, ssse3, sse4a, sse4.1, sse4.2, popcnt, lzcnt, tsc, tscinvbit, avx, avx2, aes, clmul, bmi1, bmi2, adx, sha, fma, vzeroupper, clflush, clflushopt, hv, rdtscp, f16c
Processor Information for the first 8 processors :
  Max Mhz: 2100, Current Mhz: 1400, Mhz Limit: 2100

Memory: 4k page, system-wide physical 6030M (362M free)
TotalPageFile size 24462M (AvailPageFile size 14M)
current process WorkingSet (physical memory assigned to process): 574M, peak: 864M
current process commit charge ("private bytes"): 1661M, peak: 1702M

vm_info: OpenJDK 64-Bit Server VM (21.0.8+9-LTS) for windows-amd64 JRE (21.0.8+9-LTS), built on 2025-07-15T00:00:00Z by "admin" with MS VC++ 17.7 (VS2022)

END.
