2025-11-13 02:06:08 [main] INFO  com.tpi.gateway.GatewayApplication - Starting GatewayApplication using Java 21.0.4 with PID 58296 (D:\UTN\Backend\2025\TPI\tpi-backend-logistica-2025\api-gateway\target\classes started by juani in D:\UTN\Backend\2025\TPI\tpi-backend-logistica-2025\api-gateway)
2025-11-13 02:06:08 [main] INFO  com.tpi.gateway.GatewayApplication - No active profile set, falling back to 1 default profile: "default"
2025-11-13 02:06:11 [main] INFO  o.s.cloud.context.scope.GenericScope - BeanFactory id=a3541b3b-51da-3ce6-aadd-d60b8d6ec6c3
2025-11-13 02:06:11 [main] DEBUG reactor.netty.tcp.TcpResources - [http] resources will use the default LoopResources: DefaultLoopResources {prefix=reactor-http, daemon=true, selectCount=12, workerCount=12}
2025-11-13 02:06:11 [main] DEBUG reactor.netty.tcp.TcpResources - [http] resources will use the default ConnectionProvider: reactor.netty.resources.DefaultPooledConnectionProvider@22bf9122
2025-11-13 02:06:13 [main] INFO  o.s.cloud.commons.util.InetUtils - Cannot determine local hostname
2025-11-13 02:06:14 [main] INFO  o.s.c.g.r.RouteDefinitionRouteLocator - Loaded RoutePredicateFactory [After]
2025-11-13 02:06:14 [main] INFO  o.s.c.g.r.RouteDefinitionRouteLocator - Loaded RoutePredicateFactory [Before]
2025-11-13 02:06:14 [main] INFO  o.s.c.g.r.RouteDefinitionRouteLocator - Loaded RoutePredicateFactory [Between]
2025-11-13 02:06:14 [main] INFO  o.s.c.g.r.RouteDefinitionRouteLocator - Loaded RoutePredicateFactory [Cookie]
2025-11-13 02:06:14 [main] INFO  o.s.c.g.r.RouteDefinitionRouteLocator - Loaded RoutePredicateFactory [Header]
2025-11-13 02:06:14 [main] INFO  o.s.c.g.r.RouteDefinitionRouteLocator - Loaded RoutePredicateFactory [Host]
2025-11-13 02:06:14 [main] INFO  o.s.c.g.r.RouteDefinitionRouteLocator - Loaded RoutePredicateFactory [Method]
2025-11-13 02:06:14 [main] INFO  o.s.c.g.r.RouteDefinitionRouteLocator - Loaded RoutePredicateFactory [Path]
2025-11-13 02:06:14 [main] INFO  o.s.c.g.r.RouteDefinitionRouteLocator - Loaded RoutePredicateFactory [Query]
2025-11-13 02:06:14 [main] INFO  o.s.c.g.r.RouteDefinitionRouteLocator - Loaded RoutePredicateFactory [ReadBody]
2025-11-13 02:06:14 [main] INFO  o.s.c.g.r.RouteDefinitionRouteLocator - Loaded RoutePredicateFactory [RemoteAddr]
2025-11-13 02:06:14 [main] INFO  o.s.c.g.r.RouteDefinitionRouteLocator - Loaded RoutePredicateFactory [XForwardedRemoteAddr]
2025-11-13 02:06:14 [main] INFO  o.s.c.g.r.RouteDefinitionRouteLocator - Loaded RoutePredicateFactory [Weight]
2025-11-13 02:06:14 [main] INFO  o.s.c.g.r.RouteDefinitionRouteLocator - Loaded RoutePredicateFactory [CloudFoundryRouteService]
2025-11-13 02:06:15 [main] INFO  o.s.cloud.commons.util.InetUtils - Cannot determine local hostname
2025-11-13 02:06:15 [main] INFO  o.s.b.a.e.web.EndpointLinksResolver - Exposing 4 endpoint(s) beneath base path '/actuator'
2025-11-13 02:06:15 [main] DEBUG r.netty.resources.DefaultLoopIOUring - Default io_uring support : false
2025-11-13 02:06:16 [main] DEBUG r.netty.resources.DefaultLoopEpoll - Default Epoll support : false
2025-11-13 02:06:16 [main] DEBUG r.netty.resources.DefaultLoopKQueue - Default KQueue support : false
2025-11-13 02:06:16 [reactor-http-nio-1] DEBUG r.netty.transport.ServerTransport - [51f97b0b, L:/[0:0:0:0:0:0:0:0]:8090] Bound new server
2025-11-13 02:06:16 [main] INFO  o.s.b.w.e.netty.NettyWebServer - Netty started on port 8090
2025-11-13 02:06:17 [main] INFO  o.s.cloud.commons.util.InetUtils - Cannot determine local hostname
2025-11-13 02:06:18 [main] INFO  o.s.cloud.commons.util.InetUtils - Cannot determine local hostname
2025-11-13 02:06:18 [main] DEBUG o.s.c.g.filter.GatewayMetricsFilter - New routes count: 0
2025-11-13 02:06:18 [main] INFO  com.tpi.gateway.GatewayApplication - Started GatewayApplication in 11.34 seconds (process running for 12.001)
2025-11-13 02:06:49 [SpringApplicationShutdownHook] DEBUG r.netty.transport.ServerTransport - [51f97b0b, L:/[0:0:0:0:0:0:0:0]:8090] Server is about to be disposed with timeout: PT3S
2025-11-13 02:09:22 [main] INFO  com.tpi.gateway.GatewayApplication - Starting GatewayApplication using Java 21.0.4 with PID 68240 (D:\UTN\Backend\2025\TPI\tpi-backend-logistica-2025\api-gateway\target\classes started by juani in D:\UTN\Backend\2025\TPI\tpi-backend-logistica-2025\api-gateway)
2025-11-13 02:09:22 [main] INFO  com.tpi.gateway.GatewayApplication - No active profile set, falling back to 1 default profile: "default"
2025-11-13 02:09:23 [main] INFO  o.s.cloud.context.scope.GenericScope - BeanFactory id=a3541b3b-51da-3ce6-aadd-d60b8d6ec6c3
2025-11-13 02:09:24 [main] DEBUG reactor.netty.tcp.TcpResources - [http] resources will use the default LoopResources: DefaultLoopResources {prefix=reactor-http, daemon=true, selectCount=12, workerCount=12}
2025-11-13 02:09:24 [main] DEBUG reactor.netty.tcp.TcpResources - [http] resources will use the default ConnectionProvider: reactor.netty.resources.DefaultPooledConnectionProvider@6b649efa
2025-11-13 02:09:26 [main] INFO  o.s.cloud.commons.util.InetUtils - Cannot determine local hostname
2025-11-13 02:09:26 [main] INFO  o.s.c.g.r.RouteDefinitionRouteLocator - Loaded RoutePredicateFactory [After]
2025-11-13 02:09:26 [main] INFO  o.s.c.g.r.RouteDefinitionRouteLocator - Loaded RoutePredicateFactory [Before]
2025-11-13 02:09:26 [main] INFO  o.s.c.g.r.RouteDefinitionRouteLocator - Loaded RoutePredicateFactory [Between]
2025-11-13 02:09:26 [main] INFO  o.s.c.g.r.RouteDefinitionRouteLocator - Loaded RoutePredicateFactory [Cookie]
2025-11-13 02:09:26 [main] INFO  o.s.c.g.r.RouteDefinitionRouteLocator - Loaded RoutePredicateFactory [Header]
2025-11-13 02:09:26 [main] INFO  o.s.c.g.r.RouteDefinitionRouteLocator - Loaded RoutePredicateFactory [Host]
2025-11-13 02:09:26 [main] INFO  o.s.c.g.r.RouteDefinitionRouteLocator - Loaded RoutePredicateFactory [Method]
2025-11-13 02:09:26 [main] INFO  o.s.c.g.r.RouteDefinitionRouteLocator - Loaded RoutePredicateFactory [Path]
2025-11-13 02:09:26 [main] INFO  o.s.c.g.r.RouteDefinitionRouteLocator - Loaded RoutePredicateFactory [Query]
2025-11-13 02:09:26 [main] INFO  o.s.c.g.r.RouteDefinitionRouteLocator - Loaded RoutePredicateFactory [ReadBody]
2025-11-13 02:09:26 [main] INFO  o.s.c.g.r.RouteDefinitionRouteLocator - Loaded RoutePredicateFactory [RemoteAddr]
2025-11-13 02:09:26 [main] INFO  o.s.c.g.r.RouteDefinitionRouteLocator - Loaded RoutePredicateFactory [XForwardedRemoteAddr]
2025-11-13 02:09:26 [main] INFO  o.s.c.g.r.RouteDefinitionRouteLocator - Loaded RoutePredicateFactory [Weight]
2025-11-13 02:09:26 [main] INFO  o.s.c.g.r.RouteDefinitionRouteLocator - Loaded RoutePredicateFactory [CloudFoundryRouteService]
2025-11-13 02:09:27 [main] INFO  o.s.cloud.commons.util.InetUtils - Cannot determine local hostname
2025-11-13 02:09:27 [main] INFO  o.s.b.a.e.web.EndpointLinksResolver - Exposing 4 endpoint(s) beneath base path '/actuator'
2025-11-13 02:09:28 [main] DEBUG r.netty.resources.DefaultLoopIOUring - Default io_uring support : false
2025-11-13 02:09:28 [main] DEBUG r.netty.resources.DefaultLoopEpoll - Default Epoll support : false
2025-11-13 02:09:28 [main] DEBUG r.netty.resources.DefaultLoopKQueue - Default KQueue support : false
2025-11-13 02:09:28 [reactor-http-nio-1] DEBUG r.netty.transport.ServerTransport - [83640d83, L:/[0:0:0:0:0:0:0:0]:8090] Bound new server
2025-11-13 02:09:28 [main] INFO  o.s.b.w.e.netty.NettyWebServer - Netty started on port 8090
2025-11-13 02:09:29 [main] INFO  o.s.cloud.commons.util.InetUtils - Cannot determine local hostname
2025-11-13 02:09:30 [main] INFO  o.s.cloud.commons.util.InetUtils - Cannot determine local hostname
2025-11-13 02:09:30 [main] DEBUG o.s.c.g.filter.GatewayMetricsFilter - New routes count: 0
2025-11-13 02:09:30 [main] INFO  com.tpi.gateway.GatewayApplication - Started GatewayApplication in 9.965 seconds (process running for 10.615)
2025-11-13 02:09:35 [reactor-http-nio-3] DEBUG r.n.http.server.HttpServerOperations - [23e188f7, L:/[0:0:0:0:0:0:0:1]:8090 - R:/[0:0:0:0:0:0:0:1]:64193] New http connection, requesting read
2025-11-13 02:09:35 [reactor-http-nio-2] DEBUG r.n.http.server.HttpServerOperations - [d3310a18, L:/[0:0:0:0:0:0:0:1]:8090 - R:/[0:0:0:0:0:0:0:1]:64192] New http connection, requesting read
2025-11-13 02:09:35 [reactor-http-nio-3] DEBUG r.netty.transport.TransportConfig - [23e188f7, L:/[0:0:0:0:0:0:0:1]:8090 - R:/[0:0:0:0:0:0:0:1]:64193] Initialized pipeline DefaultChannelPipeline{(reactor.left.httpCodec = io.netty.handler.codec.http.HttpServerCodec), (reactor.left.httpTrafficHandler = reactor.netty.http.server.HttpTrafficHandler), (reactor.right.reactiveBridge = reactor.netty.channel.ChannelOperationsHandler)}
2025-11-13 02:09:35 [reactor-http-nio-2] DEBUG r.netty.transport.TransportConfig - [d3310a18, L:/[0:0:0:0:0:0:0:1]:8090 - R:/[0:0:0:0:0:0:0:1]:64192] Initialized pipeline DefaultChannelPipeline{(reactor.left.httpCodec = io.netty.handler.codec.http.HttpServerCodec), (reactor.left.httpTrafficHandler = reactor.netty.http.server.HttpTrafficHandler), (reactor.right.reactiveBridge = reactor.netty.channel.ChannelOperationsHandler)}
2025-11-13 02:09:35 [reactor-http-nio-2] DEBUG r.n.http.server.HttpServerOperations - [d3310a18, L:/[0:0:0:0:0:0:0:1]:8090 - R:/[0:0:0:0:0:0:0:1]:64192] Increasing pending responses, now 1
2025-11-13 02:09:35 [reactor-http-nio-2] DEBUG r.netty.http.server.HttpServer - [d3310a18-1, L:/[0:0:0:0:0:0:0:1]:8090 - R:/[0:0:0:0:0:0:0:1]:64192] Handler is being applied: org.springframework.http.server.reactive.ReactorHttpHandlerAdapter@633990db
2025-11-13 02:09:35 [reactor-http-nio-2] DEBUG reactor.netty.ReactorNetty - [d3310a18-1, L:/[0:0:0:0:0:0:0:1]:8090 - R:/[0:0:0:0:0:0:0:1]:64192] Non Removed handler: reactor.left.readTimeoutHandler, context: null, pipeline: DefaultChannelPipeline{(reactor.left.httpCodec = io.netty.handler.codec.http.HttpServerCodec), (reactor.left.httpTrafficHandler = reactor.netty.http.server.HttpTrafficHandler), (reactor.right.reactiveBridge = reactor.netty.channel.ChannelOperationsHandler)}
2025-11-13 02:09:35 [parallel-1] DEBUG r.n.http.server.HttpServerOperations - [d3310a18-1, L:/[0:0:0:0:0:0:0:1]:8090 - R:/[0:0:0:0:0:0:0:1]:64192] Last HTTP response frame
2025-11-13 02:09:35 [parallel-1] DEBUG r.n.http.server.HttpServerOperations - [d3310a18-1, L:/[0:0:0:0:0:0:0:1]:8090 - R:/[0:0:0:0:0:0:0:1]:64192] No sendHeaders() called before complete, sending zero-length header
2025-11-13 02:09:35 [reactor-http-nio-2] DEBUG r.n.http.server.HttpServerOperations - [d3310a18-1, L:/[0:0:0:0:0:0:0:1]:8090 - R:/[0:0:0:0:0:0:0:1]:64192] Decreasing pending responses, now 0
2025-11-13 02:09:35 [reactor-http-nio-2] DEBUG r.netty.channel.ChannelOperations - [d3310a18-1, L:/[0:0:0:0:0:0:0:1]:8090 - R:/[0:0:0:0:0:0:0:1]:64192] [HttpServer] Channel inbound receiver cancelled (subscription disposed).
2025-11-13 02:09:35 [reactor-http-nio-2] DEBUG r.n.http.server.HttpServerOperations - [d3310a18-1, L:/[0:0:0:0:0:0:0:1]:8090 - R:/[0:0:0:0:0:0:0:1]:64192] Last HTTP packet was sent, terminating the channel
2025-11-13 02:09:45 [reactor-http-nio-4] DEBUG r.n.http.server.HttpServerOperations - [4ae2860c, L:/[0:0:0:0:0:0:0:1]:8090 - R:/[0:0:0:0:0:0:0:1]:64198] New http connection, requesting read
2025-11-13 02:09:45 [reactor-http-nio-4] DEBUG r.netty.transport.TransportConfig - [4ae2860c, L:/[0:0:0:0:0:0:0:1]:8090 - R:/[0:0:0:0:0:0:0:1]:64198] Initialized pipeline DefaultChannelPipeline{(reactor.left.httpCodec = io.netty.handler.codec.http.HttpServerCodec), (reactor.left.httpTrafficHandler = reactor.netty.http.server.HttpTrafficHandler), (reactor.right.reactiveBridge = reactor.netty.channel.ChannelOperationsHandler)}
2025-11-13 02:09:45 [reactor-http-nio-5] DEBUG r.n.http.server.HttpServerOperations - [64821758, L:/[0:0:0:0:0:0:0:1]:8090 - R:/[0:0:0:0:0:0:0:1]:64199] New http connection, requesting read
2025-11-13 02:09:45 [reactor-http-nio-5] DEBUG r.netty.transport.TransportConfig - [64821758, L:/[0:0:0:0:0:0:0:1]:8090 - R:/[0:0:0:0:0:0:0:1]:64199] Initialized pipeline DefaultChannelPipeline{(reactor.left.httpCodec = io.netty.handler.codec.http.HttpServerCodec), (reactor.left.httpTrafficHandler = reactor.netty.http.server.HttpTrafficHandler), (reactor.right.reactiveBridge = reactor.netty.channel.ChannelOperationsHandler)}
2025-11-13 02:09:45 [reactor-http-nio-5] DEBUG r.n.http.server.HttpServerOperations - [64821758, L:/[0:0:0:0:0:0:0:1]:8090 - R:/[0:0:0:0:0:0:0:1]:64199] Increasing pending responses, now 1
2025-11-13 02:09:45 [reactor-http-nio-5] DEBUG r.netty.http.server.HttpServer - [64821758-1, L:/[0:0:0:0:0:0:0:1]:8090 - R:/[0:0:0:0:0:0:0:1]:64199] Handler is being applied: org.springframework.http.server.reactive.ReactorHttpHandlerAdapter@633990db
2025-11-13 02:09:45 [reactor-http-nio-5] DEBUG reactor.netty.ReactorNetty - [64821758-1, L:/[0:0:0:0:0:0:0:1]:8090 - R:/[0:0:0:0:0:0:0:1]:64199] Non Removed handler: reactor.left.readTimeoutHandler, context: null, pipeline: DefaultChannelPipeline{(reactor.left.httpCodec = io.netty.handler.codec.http.HttpServerCodec), (reactor.left.httpTrafficHandler = reactor.netty.http.server.HttpTrafficHandler), (reactor.right.reactiveBridge = reactor.netty.channel.ChannelOperationsHandler)}
2025-11-13 02:09:45 [parallel-2] DEBUG r.n.http.server.HttpServerOperations - [64821758-1, L:/[0:0:0:0:0:0:0:1]:8090 - R:/[0:0:0:0:0:0:0:1]:64199] Last HTTP response frame
2025-11-13 02:09:45 [parallel-2] DEBUG r.n.http.server.HttpServerOperations - [64821758-1, L:/[0:0:0:0:0:0:0:1]:8090 - R:/[0:0:0:0:0:0:0:1]:64199] No sendHeaders() called before complete, sending zero-length header
2025-11-13 02:09:45 [reactor-http-nio-5] DEBUG r.n.http.server.HttpServerOperations - [64821758-1, L:/[0:0:0:0:0:0:0:1]:8090 - R:/[0:0:0:0:0:0:0:1]:64199] Decreasing pending responses, now 0
2025-11-13 02:09:45 [reactor-http-nio-5] DEBUG r.netty.channel.ChannelOperations - [64821758-1, L:/[0:0:0:0:0:0:0:1]:8090 - R:/[0:0:0:0:0:0:0:1]:64199] [HttpServer] Channel inbound receiver cancelled (subscription disposed).
2025-11-13 02:09:45 [reactor-http-nio-5] DEBUG r.n.http.server.HttpServerOperations - [64821758-1, L:/[0:0:0:0:0:0:0:1]:8090 - R:/[0:0:0:0:0:0:0:1]:64199] Last HTTP packet was sent, terminating the channel
2025-11-13 02:10:58 [SpringApplicationShutdownHook] DEBUG r.netty.transport.ServerTransport - [83640d83, L:/[0:0:0:0:0:0:0:0]:8090] Server is about to be disposed with timeout: PT3S
2025-11-13 02:11:15 [main] INFO  com.tpi.gateway.GatewayApplication - Starting GatewayApplication using Java 21.0.4 with PID 75988 (D:\UTN\Backend\2025\TPI\tpi-backend-logistica-2025\api-gateway\target\classes started by juani in D:\UTN\Backend\2025\TPI\tpi-backend-logistica-2025\api-gateway)
2025-11-13 02:11:15 [main] INFO  com.tpi.gateway.GatewayApplication - No active profile set, falling back to 1 default profile: "default"
2025-11-13 02:11:16 [main] INFO  o.s.cloud.context.scope.GenericScope - BeanFactory id=a3541b3b-51da-3ce6-aadd-d60b8d6ec6c3
2025-11-13 02:11:16 [main] DEBUG reactor.netty.tcp.TcpResources - [http] resources will use the default LoopResources: DefaultLoopResources {prefix=reactor-http, daemon=true, selectCount=12, workerCount=12}
2025-11-13 02:11:16 [main] DEBUG reactor.netty.tcp.TcpResources - [http] resources will use the default ConnectionProvider: reactor.netty.resources.DefaultPooledConnectionProvider@9687f55
2025-11-13 02:11:18 [main] INFO  o.s.cloud.commons.util.InetUtils - Cannot determine local hostname
2025-11-13 02:11:19 [main] INFO  o.s.c.g.r.RouteDefinitionRouteLocator - Loaded RoutePredicateFactory [After]
2025-11-13 02:11:19 [main] INFO  o.s.c.g.r.RouteDefinitionRouteLocator - Loaded RoutePredicateFactory [Before]
2025-11-13 02:11:19 [main] INFO  o.s.c.g.r.RouteDefinitionRouteLocator - Loaded RoutePredicateFactory [Between]
2025-11-13 02:11:19 [main] INFO  o.s.c.g.r.RouteDefinitionRouteLocator - Loaded RoutePredicateFactory [Cookie]
2025-11-13 02:11:19 [main] INFO  o.s.c.g.r.RouteDefinitionRouteLocator - Loaded RoutePredicateFactory [Header]
2025-11-13 02:11:19 [main] INFO  o.s.c.g.r.RouteDefinitionRouteLocator - Loaded RoutePredicateFactory [Host]
2025-11-13 02:11:19 [main] INFO  o.s.c.g.r.RouteDefinitionRouteLocator - Loaded RoutePredicateFactory [Method]
2025-11-13 02:11:19 [main] INFO  o.s.c.g.r.RouteDefinitionRouteLocator - Loaded RoutePredicateFactory [Path]
2025-11-13 02:11:19 [main] INFO  o.s.c.g.r.RouteDefinitionRouteLocator - Loaded RoutePredicateFactory [Query]
2025-11-13 02:11:19 [main] INFO  o.s.c.g.r.RouteDefinitionRouteLocator - Loaded RoutePredicateFactory [ReadBody]
2025-11-13 02:11:19 [main] INFO  o.s.c.g.r.RouteDefinitionRouteLocator - Loaded RoutePredicateFactory [RemoteAddr]
2025-11-13 02:11:19 [main] INFO  o.s.c.g.r.RouteDefinitionRouteLocator - Loaded RoutePredicateFactory [XForwardedRemoteAddr]
2025-11-13 02:11:19 [main] INFO  o.s.c.g.r.RouteDefinitionRouteLocator - Loaded RoutePredicateFactory [Weight]
2025-11-13 02:11:19 [main] INFO  o.s.c.g.r.RouteDefinitionRouteLocator - Loaded RoutePredicateFactory [CloudFoundryRouteService]
2025-11-13 02:11:20 [main] INFO  o.s.cloud.commons.util.InetUtils - Cannot determine local hostname
2025-11-13 02:11:20 [main] INFO  o.s.b.a.e.web.EndpointLinksResolver - Exposing 4 endpoint(s) beneath base path '/actuator'
2025-11-13 02:11:20 [main] DEBUG r.netty.resources.DefaultLoopIOUring - Default io_uring support : false
2025-11-13 02:11:20 [main] DEBUG r.netty.resources.DefaultLoopEpoll - Default Epoll support : false
2025-11-13 02:11:20 [main] DEBUG r.netty.resources.DefaultLoopKQueue - Default KQueue support : false
2025-11-13 02:11:20 [reactor-http-nio-1] DEBUG r.netty.transport.ServerTransport - [7fee6a4c, L:/[0:0:0:0:0:0:0:0]:8090] Bound new server
2025-11-13 02:11:20 [main] INFO  o.s.b.w.e.netty.NettyWebServer - Netty started on port 8090
2025-11-13 02:11:21 [main] INFO  o.s.cloud.commons.util.InetUtils - Cannot determine local hostname
2025-11-13 02:11:22 [main] INFO  o.s.cloud.commons.util.InetUtils - Cannot determine local hostname
2025-11-13 02:11:22 [main] DEBUG o.s.c.g.filter.GatewayMetricsFilter - New routes count: 0
2025-11-13 02:11:22 [main] INFO  com.tpi.gateway.GatewayApplication - Started GatewayApplication in 9.355 seconds (process running for 9.975)
2025-11-13 02:13:10 [reactor-http-nio-3] DEBUG r.n.http.server.HttpServerOperations - [47da9fe1, L:/[0:0:0:0:0:0:0:1]:8090 - R:/[0:0:0:0:0:0:0:1]:64271] New http connection, requesting read
2025-11-13 02:13:10 [reactor-http-nio-2] DEBUG r.n.http.server.HttpServerOperations - [6f0d8302, L:/[0:0:0:0:0:0:0:1]:8090 - R:/[0:0:0:0:0:0:0:1]:64270] New http connection, requesting read
2025-11-13 02:13:10 [reactor-http-nio-3] DEBUG r.netty.transport.TransportConfig - [47da9fe1, L:/[0:0:0:0:0:0:0:1]:8090 - R:/[0:0:0:0:0:0:0:1]:64271] Initialized pipeline DefaultChannelPipeline{(reactor.left.httpCodec = io.netty.handler.codec.http.HttpServerCodec), (reactor.left.httpTrafficHandler = reactor.netty.http.server.HttpTrafficHandler), (reactor.right.reactiveBridge = reactor.netty.channel.ChannelOperationsHandler)}
2025-11-13 02:13:10 [reactor-http-nio-2] DEBUG r.netty.transport.TransportConfig - [6f0d8302, L:/[0:0:0:0:0:0:0:1]:8090 - R:/[0:0:0:0:0:0:0:1]:64270] Initialized pipeline DefaultChannelPipeline{(reactor.left.httpCodec = io.netty.handler.codec.http.HttpServerCodec), (reactor.left.httpTrafficHandler = reactor.netty.http.server.HttpTrafficHandler), (reactor.right.reactiveBridge = reactor.netty.channel.ChannelOperationsHandler)}
2025-11-13 02:13:10 [reactor-http-nio-2] DEBUG r.n.http.server.HttpServerOperations - [6f0d8302, L:/[0:0:0:0:0:0:0:1]:8090 - R:/[0:0:0:0:0:0:0:1]:64270] Increasing pending responses, now 1
2025-11-13 02:13:10 [reactor-http-nio-2] DEBUG r.netty.http.server.HttpServer - [6f0d8302-1, L:/[0:0:0:0:0:0:0:1]:8090 - R:/[0:0:0:0:0:0:0:1]:64270] Handler is being applied: org.springframework.http.server.reactive.ReactorHttpHandlerAdapter@4b42cb14
2025-11-13 02:13:10 [reactor-http-nio-2] DEBUG reactor.netty.ReactorNetty - [6f0d8302-1, L:/[0:0:0:0:0:0:0:1]:8090 - R:/[0:0:0:0:0:0:0:1]:64270] Non Removed handler: reactor.left.readTimeoutHandler, context: null, pipeline: DefaultChannelPipeline{(reactor.left.httpCodec = io.netty.handler.codec.http.HttpServerCodec), (reactor.left.httpTrafficHandler = reactor.netty.http.server.HttpTrafficHandler), (reactor.right.reactiveBridge = reactor.netty.channel.ChannelOperationsHandler)}
2025-11-13 02:13:10 [parallel-1] DEBUG r.n.http.server.HttpServerOperations - [6f0d8302-1, L:/[0:0:0:0:0:0:0:1]:8090 - R:/[0:0:0:0:0:0:0:1]:64270] Last HTTP response frame
2025-11-13 02:13:10 [parallel-1] DEBUG r.n.http.server.HttpServerOperations - [6f0d8302-1, L:/[0:0:0:0:0:0:0:1]:8090 - R:/[0:0:0:0:0:0:0:1]:64270] No sendHeaders() called before complete, sending zero-length header
2025-11-13 02:13:10 [reactor-http-nio-2] DEBUG r.n.http.server.HttpServerOperations - [6f0d8302-1, L:/[0:0:0:0:0:0:0:1]:8090 - R:/[0:0:0:0:0:0:0:1]:64270] Decreasing pending responses, now 0
2025-11-13 02:13:10 [reactor-http-nio-2] DEBUG r.netty.channel.ChannelOperations - [6f0d8302-1, L:/[0:0:0:0:0:0:0:1]:8090 - R:/[0:0:0:0:0:0:0:1]:64270] [HttpServer] Channel inbound receiver cancelled (subscription disposed).
2025-11-13 02:13:10 [reactor-http-nio-2] DEBUG r.n.http.server.HttpServerOperations - [6f0d8302-1, L:/[0:0:0:0:0:0:0:1]:8090 - R:/[0:0:0:0:0:0:0:1]:64270] Last HTTP packet was sent, terminating the channel
2025-11-13 02:13:43 [reactor-http-nio-2] DEBUG r.n.http.server.HttpServerOperations - [6f0d8302, L:/[0:0:0:0:0:0:0:1]:8090 - R:/[0:0:0:0:0:0:0:1]:64270] Increasing pending responses, now 1
2025-11-13 02:13:43 [reactor-http-nio-2] DEBUG r.netty.http.server.HttpServer - [6f0d8302-2, L:/[0:0:0:0:0:0:0:1]:8090 - R:/[0:0:0:0:0:0:0:1]:64270] Handler is being applied: org.springframework.http.server.reactive.ReactorHttpHandlerAdapter@4b42cb14
2025-11-13 02:13:43 [reactor-http-nio-2] DEBUG reactor.netty.ReactorNetty - [6f0d8302-2, L:/[0:0:0:0:0:0:0:1]:8090 - R:/[0:0:0:0:0:0:0:1]:64270] Non Removed handler: reactor.left.readTimeoutHandler, context: null, pipeline: DefaultChannelPipeline{(reactor.left.httpCodec = io.netty.handler.codec.http.HttpServerCodec), (reactor.left.httpTrafficHandler = reactor.netty.http.server.HttpTrafficHandler), (reactor.right.reactiveBridge = reactor.netty.channel.ChannelOperationsHandler)}
2025-11-13 02:13:43 [parallel-2] DEBUG r.n.http.server.HttpServerOperations - [6f0d8302-2, L:/[0:0:0:0:0:0:0:1]:8090 - R:/[0:0:0:0:0:0:0:1]:64270] Last HTTP response frame
2025-11-13 02:13:43 [parallel-2] DEBUG r.n.http.server.HttpServerOperations - [6f0d8302-2, L:/[0:0:0:0:0:0:0:1]:8090 - R:/[0:0:0:0:0:0:0:1]:64270] No sendHeaders() called before complete, sending zero-length header
2025-11-13 02:13:43 [reactor-http-nio-2] DEBUG r.n.http.server.HttpServerOperations - [6f0d8302-2, L:/[0:0:0:0:0:0:0:1]:8090 - R:/[0:0:0:0:0:0:0:1]:64270] Decreasing pending responses, now 0
2025-11-13 02:13:43 [reactor-http-nio-2] DEBUG r.netty.channel.ChannelOperations - [6f0d8302-2, L:/[0:0:0:0:0:0:0:1]:8090 - R:/[0:0:0:0:0:0:0:1]:64270] [HttpServer] Channel inbound receiver cancelled (subscription disposed).
2025-11-13 02:13:43 [reactor-http-nio-2] DEBUG r.n.http.server.HttpServerOperations - [6f0d8302-2, L:/[0:0:0:0:0:0:0:1]:8090 - R:/[0:0:0:0:0:0:0:1]:64270] Last HTTP packet was sent, terminating the channel
2025-11-13 02:15:55 [SpringApplicationShutdownHook] DEBUG r.netty.transport.ServerTransport - [7fee6a4c, L:/[0:0:0:0:0:0:0:0]:8090] Server is about to be disposed with timeout: PT3S
